CRITICAL - 2022-07-27 23:04:20 --> Call to undefined method CodeIgniter\HTTP\IncomingRequest::gerMethod()
in APPPATH\Controllers\Pages.php on line 33.
 1 SYSTEMPATH\CodeIgniter.php(896): App\Controllers\Pages->signup()
 2 SYSTEMPATH\CodeIgniter.php(466): CodeIgniter\CodeIgniter->runController(Object(App\Controllers\Pages))
 3 SYSTEMPATH\CodeIgniter.php(349): CodeIgniter\CodeIgniter->handleRequest(null, Object(Config\Cache), false)
 4 FCPATH\index.php(55): CodeIgniter\CodeIgniter->run()
CRITICAL - 2022-07-27 23:05:00 --> Undefined variable $data2
in APPPATH\Controllers\Pages.php on line 48.
 1 APPPATH\Controllers\Pages.php(48): CodeIgniter\Debug\Exceptions->errorHandler(2, 'Undefined variable $data2', 'APPPATH\\Controllers\\Pages.php', 48)
 2 SYSTEMPATH\CodeIgniter.php(896): App\Controllers\Pages->signup()
 3 SYSTEMPATH\CodeIgniter.php(466): CodeIgniter\CodeIgniter->runController(Object(App\Controllers\Pages))
 4 SYSTEMPATH\CodeIgniter.php(349): CodeIgniter\CodeIgniter->handleRequest(null, Object(Config\Cache), false)
 5 FCPATH\index.php(55): CodeIgniter\CodeIgniter->run()
CRITICAL - 2022-07-27 23:09:10 --> Undefined variable $validation
in APPPATH\Views\pages\signup.php on line 49.
 1 APPPATH\Views\pages\signup.php(49): CodeIgniter\Debug\Exceptions->errorHandler(2, 'Undefined variable $validation', 'APPPATH\\Views\\pages\\signup.php', 49)
 2 SYSTEMPATH\View\View.php(213): include('APPPATH\\Views\\pages\\signup.php')
 3 SYSTEMPATH\View\View.php(216): CodeIgniter\View\View->CodeIgniter\View\{closure}()
 4 SYSTEMPATH\Common.php(1135): CodeIgniter\View\View->render('pages/signup', [], true)
 5 APPPATH\Controllers\Pages.php(49): view('pages/signup')
 6 SYSTEMPATH\CodeIgniter.php(896): App\Controllers\Pages->signup()
 7 SYSTEMPATH\CodeIgniter.php(466): CodeIgniter\CodeIgniter->runController(Object(App\Controllers\Pages))
 8 SYSTEMPATH\CodeIgniter.php(349): CodeIgniter\CodeIgniter->handleRequest(null, Object(Config\Cache), false)
 9 FCPATH\index.php(55): CodeIgniter\CodeIgniter->run()
CRITICAL - 2022-07-27 23:09:11 --> Undefined variable $validation
in APPPATH\Views\pages\signup.php on line 49.
 1 APPPATH\Views\pages\signup.php(49): CodeIgniter\Debug\Exceptions->errorHandler(2, 'Undefined variable $validation', 'APPPATH\\Views\\pages\\signup.php', 49)
 2 SYSTEMPATH\View\View.php(213): include('APPPATH\\Views\\pages\\signup.php')
 3 SYSTEMPATH\View\View.php(216): CodeIgniter\View\View->CodeIgniter\View\{closure}()
 4 SYSTEMPATH\Common.php(1135): CodeIgniter\View\View->render('pages/signup', [], true)
 5 APPPATH\Controllers\Pages.php(49): view('pages/signup')
 6 SYSTEMPATH\CodeIgniter.php(896): App\Controllers\Pages->signup()
 7 SYSTEMPATH\CodeIgniter.php(466): CodeIgniter\CodeIgniter->runController(Object(App\Controllers\Pages))
 8 SYSTEMPATH\CodeIgniter.php(349): CodeIgniter\CodeIgniter->handleRequest(null, Object(Config\Cache), false)
 9 FCPATH\index.php(55): CodeIgniter\CodeIgniter->run()
CRITICAL - 2022-07-27 23:11:34 --> Undefined variable $val
in APPPATH\Controllers\Pages.php on line 48.
 1 APPPATH\Controllers\Pages.php(48): CodeIgniter\Debug\Exceptions->errorHandler(2, 'Undefined variable $val', 'APPPATH\\Controllers\\Pages.php', 48)
 2 SYSTEMPATH\CodeIgniter.php(896): App\Controllers\Pages->signup()
 3 SYSTEMPATH\CodeIgniter.php(466): CodeIgniter\CodeIgniter->runController(Object(App\Controllers\Pages))
 4 SYSTEMPATH\CodeIgniter.php(349): CodeIgniter\CodeIgniter->handleRequest(null, Object(Config\Cache), false)
 5 FCPATH\index.php(55): CodeIgniter\CodeIgniter->run()
CRITICAL - 2022-07-27 23:12:07 --> Undefined variable $validation
in APPPATH\Views\pages\signup.php on line 49.
 1 APPPATH\Views\pages\signup.php(49): CodeIgniter\Debug\Exceptions->errorHandler(2, 'Undefined variable $validation', 'APPPATH\\Views\\pages\\signup.php', 49)
 2 SYSTEMPATH\View\View.php(213): include('APPPATH\\Views\\pages\\signup.php')
 3 SYSTEMPATH\View\View.php(216): CodeIgniter\View\View->CodeIgniter\View\{closure}()
 4 SYSTEMPATH\Common.php(1135): CodeIgniter\View\View->render('pages/signup', [], true)
 5 APPPATH\Controllers\Pages.php(49): view('pages/signup')
 6 SYSTEMPATH\CodeIgniter.php(896): App\Controllers\Pages->signup()
 7 SYSTEMPATH\CodeIgniter.php(466): CodeIgniter\CodeIgniter->runController(Object(App\Controllers\Pages))
 8 SYSTEMPATH\CodeIgniter.php(349): CodeIgniter\CodeIgniter->handleRequest(null, Object(Config\Cache), false)
 9 FCPATH\index.php(55): CodeIgniter\CodeIgniter->run()
CRITICAL - 2022-07-27 23:12:39 --> Undefined variable $validation
in APPPATH\Views\pages\signup.php on line 49.
 1 APPPATH\Views\pages\signup.php(49): CodeIgniter\Debug\Exceptions->errorHandler(2, 'Undefined variable $validation', 'APPPATH\\Views\\pages\\signup.php', 49)
 2 SYSTEMPATH\View\View.php(213): include('APPPATH\\Views\\pages\\signup.php')
 3 SYSTEMPATH\View\View.php(216): CodeIgniter\View\View->CodeIgniter\View\{closure}()
 4 SYSTEMPATH\Common.php(1135): CodeIgniter\View\View->render('pages/signup', [], true)
 5 APPPATH\Controllers\Pages.php(50): view('pages/signup')
 6 SYSTEMPATH\CodeIgniter.php(896): App\Controllers\Pages->signup()
 7 SYSTEMPATH\CodeIgniter.php(466): CodeIgniter\CodeIgniter->runController(Object(App\Controllers\Pages))
 8 SYSTEMPATH\CodeIgniter.php(349): CodeIgniter\CodeIgniter->handleRequest(null, Object(Config\Cache), false)
 9 FCPATH\index.php(55): CodeIgniter\CodeIgniter->run()
CRITICAL - 2022-07-27 23:13:10 --> Undefined variable $val
in APPPATH\Views\pages\signup.php on line 49.
 1 APPPATH\Views\pages\signup.php(49): CodeIgniter\Debug\Exceptions->errorHandler(2, 'Undefined variable $val', 'APPPATH\\Views\\pages\\signup.php', 49)
 2 SYSTEMPATH\View\View.php(213): include('APPPATH\\Views\\pages\\signup.php')
 3 SYSTEMPATH\View\View.php(216): CodeIgniter\View\View->CodeIgniter\View\{closure}()
 4 SYSTEMPATH\Common.php(1135): CodeIgniter\View\View->render('pages/signup', [], true)
 5 APPPATH\Controllers\Pages.php(50): view('pages/signup')
 6 SYSTEMPATH\CodeIgniter.php(896): App\Controllers\Pages->signup()
 7 SYSTEMPATH\CodeIgniter.php(466): CodeIgniter\CodeIgniter->runController(Object(App\Controllers\Pages))
 8 SYSTEMPATH\CodeIgniter.php(349): CodeIgniter\CodeIgniter->handleRequest(null, Object(Config\Cache), false)
 9 FCPATH\index.php(55): CodeIgniter\CodeIgniter->run()
CRITICAL - 2022-07-27 23:14:07 --> Undefined variable $validation
in APPPATH\Views\pages\signup.php on line 49.
 1 APPPATH\Views\pages\signup.php(49): CodeIgniter\Debug\Exceptions->errorHandler(2, 'Undefined variable $validation', 'APPPATH\\Views\\pages\\signup.php', 49)
 2 SYSTEMPATH\View\View.php(213): include('APPPATH\\Views\\pages\\signup.php')
 3 SYSTEMPATH\View\View.php(216): CodeIgniter\View\View->CodeIgniter\View\{closure}()
 4 SYSTEMPATH\Common.php(1135): CodeIgniter\View\View->render('pages/signup', [], true)
 5 APPPATH\Controllers\Pages.php(50): view('pages/signup')
 6 SYSTEMPATH\CodeIgniter.php(896): App\Controllers\Pages->signup()
 7 SYSTEMPATH\CodeIgniter.php(466): CodeIgniter\CodeIgniter->runController(Object(App\Controllers\Pages))
 8 SYSTEMPATH\CodeIgniter.php(349): CodeIgniter\CodeIgniter->handleRequest(null, Object(Config\Cache), false)
 9 FCPATH\index.php(55): CodeIgniter\CodeIgniter->run()
CRITICAL - 2022-07-27 23:16:54 --> Undefined variable $validation
in APPPATH\Views\pages\signup.php on line 49.
 1 APPPATH\Views\pages\signup.php(49): CodeIgniter\Debug\Exceptions->errorHandler(2, 'Undefined variable $validation', 'APPPATH\\Views\\pages\\signup.php', 49)
 2 SYSTEMPATH\View\View.php(213): include('APPPATH\\Views\\pages\\signup.php')
 3 SYSTEMPATH\View\View.php(216): CodeIgniter\View\View->CodeIgniter\View\{closure}()
 4 SYSTEMPATH\Common.php(1135): CodeIgniter\View\View->render('pages/signup', [], true)
 5 APPPATH\Controllers\Pages.php(50): view('pages/signup')
 6 SYSTEMPATH\CodeIgniter.php(896): App\Controllers\Pages->signup()
 7 SYSTEMPATH\CodeIgniter.php(466): CodeIgniter\CodeIgniter->runController(Object(App\Controllers\Pages))
 8 SYSTEMPATH\CodeIgniter.php(349): CodeIgniter\CodeIgniter->handleRequest(null, Object(Config\Cache), false)
 9 FCPATH\index.php(55): CodeIgniter\CodeIgniter->run()
CRITICAL - 2022-07-27 23:17:59 --> Undefined variable $validation
in APPPATH\Views\pages\signup.php on line 49.
 1 APPPATH\Views\pages\signup.php(49): CodeIgniter\Debug\Exceptions->errorHandler(2, 'Undefined variable $validation', 'APPPATH\\Views\\pages\\signup.php', 49)
 2 SYSTEMPATH\View\View.php(213): include('APPPATH\\Views\\pages\\signup.php')
 3 SYSTEMPATH\View\View.php(216): CodeIgniter\View\View->CodeIgniter\View\{closure}()
 4 SYSTEMPATH\Common.php(1135): CodeIgniter\View\View->render('pages/signup', [], true)
 5 APPPATH\Controllers\Pages.php(50): view('pages/signup')
 6 SYSTEMPATH\CodeIgniter.php(896): App\Controllers\Pages->signup()
 7 SYSTEMPATH\CodeIgniter.php(466): CodeIgniter\CodeIgniter->runController(Object(App\Controllers\Pages))
 8 SYSTEMPATH\CodeIgniter.php(349): CodeIgniter\CodeIgniter->handleRequest(null, Object(Config\Cache), false)
 9 FCPATH\index.php(55): CodeIgniter\CodeIgniter->run()
CRITICAL - 2022-07-27 23:18:31 --> Undefined variable $validation
in APPPATH\Views\pages\signup.php on line 50.
 1 APPPATH\Views\pages\signup.php(50): CodeIgniter\Debug\Exceptions->errorHandler(2, 'Undefined variable $validation', 'APPPATH\\Views\\pages\\signup.php', 50)
 2 SYSTEMPATH\View\View.php(213): include('APPPATH\\Views\\pages\\signup.php')
 3 SYSTEMPATH\View\View.php(216): CodeIgniter\View\View->CodeIgniter\View\{closure}()
 4 SYSTEMPATH\Common.php(1135): CodeIgniter\View\View->render('pages/signup', [], true)
 5 APPPATH\Controllers\Pages.php(50): view('pages/signup')
 6 SYSTEMPATH\CodeIgniter.php(896): App\Controllers\Pages->signup()
 7 SYSTEMPATH\CodeIgniter.php(466): CodeIgniter\CodeIgniter->runController(Object(App\Controllers\Pages))
 8 SYSTEMPATH\CodeIgniter.php(349): CodeIgniter\CodeIgniter->handleRequest(null, Object(Config\Cache), false)
 9 FCPATH\index.php(55): CodeIgniter\CodeIgniter->run()
CRITICAL - 2022-07-27 23:19:58 --> Undefined variable $validation
in APPPATH\Views\pages\signup.php on line 50.
 1 APPPATH\Views\pages\signup.php(50): CodeIgniter\Debug\Exceptions->errorHandler(2, 'Undefined variable $validation', 'APPPATH\\Views\\pages\\signup.php', 50)
 2 SYSTEMPATH\View\View.php(213): include('APPPATH\\Views\\pages\\signup.php')
 3 SYSTEMPATH\View\View.php(216): CodeIgniter\View\View->CodeIgniter\View\{closure}()
 4 SYSTEMPATH\Common.php(1135): CodeIgniter\View\View->render('pages/signup', [], true)
 5 APPPATH\Controllers\Pages.php(50): view('pages/signup')
 6 SYSTEMPATH\CodeIgniter.php(896): App\Controllers\Pages->signup()
 7 SYSTEMPATH\CodeIgniter.php(466): CodeIgniter\CodeIgniter->runController(Object(App\Controllers\Pages))
 8 SYSTEMPATH\CodeIgniter.php(349): CodeIgniter\CodeIgniter->handleRequest(null, Object(Config\Cache), false)
 9 FCPATH\index.php(55): CodeIgniter\CodeIgniter->run()
CRITICAL - 2022-07-27 23:20:04 --> Undefined variable $validation
in APPPATH\Views\pages\signup.php on line 50.
 1 APPPATH\Views\pages\signup.php(50): CodeIgniter\Debug\Exceptions->errorHandler(2, 'Undefined variable $validation', 'APPPATH\\Views\\pages\\signup.php', 50)
 2 SYSTEMPATH\View\View.php(213): include('APPPATH\\Views\\pages\\signup.php')
 3 SYSTEMPATH\View\View.php(216): CodeIgniter\View\View->CodeIgniter\View\{closure}()
 4 SYSTEMPATH\Common.php(1135): CodeIgniter\View\View->render('pages/signup', [], true)
 5 APPPATH\Controllers\Pages.php(50): view('pages/signup')
 6 SYSTEMPATH\CodeIgniter.php(896): App\Controllers\Pages->signup()
 7 SYSTEMPATH\CodeIgniter.php(466): CodeIgniter\CodeIgniter->runController(Object(App\Controllers\Pages))
 8 SYSTEMPATH\CodeIgniter.php(349): CodeIgniter\CodeIgniter->handleRequest(null, Object(Config\Cache), false)
 9 FCPATH\index.php(55): CodeIgniter\CodeIgniter->run()
CRITICAL - 2022-07-27 23:20:45 --> Undefined variable $validation
in APPPATH\Views\pages\signup.php on line 50.
 1 APPPATH\Views\pages\signup.php(50): CodeIgniter\Debug\Exceptions->errorHandler(2, 'Undefined variable $validation', 'APPPATH\\Views\\pages\\signup.php', 50)
 2 SYSTEMPATH\View\View.php(213): include('APPPATH\\Views\\pages\\signup.php')
 3 SYSTEMPATH\View\View.php(216): CodeIgniter\View\View->CodeIgniter\View\{closure}()
 4 SYSTEMPATH\Common.php(1135): CodeIgniter\View\View->render('pages/signup', [], true)
 5 APPPATH\Controllers\Pages.php(50): view('pages/signup')
 6 SYSTEMPATH\CodeIgniter.php(896): App\Controllers\Pages->signup()
 7 SYSTEMPATH\CodeIgniter.php(466): CodeIgniter\CodeIgniter->runController(Object(App\Controllers\Pages))
 8 SYSTEMPATH\CodeIgniter.php(349): CodeIgniter\CodeIgniter->handleRequest(null, Object(Config\Cache), false)
 9 FCPATH\index.php(55): CodeIgniter\CodeIgniter->run()
CRITICAL - 2022-07-27 23:23:50 --> Undefined variable $validation
in APPPATH\Views\pages\signup.php on line 50.
 1 APPPATH\Views\pages\signup.php(50): CodeIgniter\Debug\Exceptions->errorHandler(2, 'Undefined variable $validation', 'APPPATH\\Views\\pages\\signup.php', 50)
 2 SYSTEMPATH\View\View.php(213): include('APPPATH\\Views\\pages\\signup.php')
 3 SYSTEMPATH\View\View.php(216): CodeIgniter\View\View->CodeIgniter\View\{closure}()
 4 SYSTEMPATH\Common.php(1135): CodeIgniter\View\View->render('pages/signup', [], true)
 5 APPPATH\Controllers\Pages.php(49): view('pages/signup')
 6 SYSTEMPATH\CodeIgniter.php(896): App\Controllers\Pages->signup()
 7 SYSTEMPATH\CodeIgniter.php(466): CodeIgniter\CodeIgniter->runController(Object(App\Controllers\Pages))
 8 SYSTEMPATH\CodeIgniter.php(349): CodeIgniter\CodeIgniter->handleRequest(null, Object(Config\Cache), false)
 9 FCPATH\index.php(55): CodeIgniter\CodeIgniter->run()
CRITICAL - 2022-07-27 23:23:55 --> Undefined variable $validation
in APPPATH\Views\pages\signup.php on line 50.
 1 APPPATH\Views\pages\signup.php(50): CodeIgniter\Debug\Exceptions->errorHandler(2, 'Undefined variable $validation', 'APPPATH\\Views\\pages\\signup.php', 50)
 2 SYSTEMPATH\View\View.php(213): include('APPPATH\\Views\\pages\\signup.php')
 3 SYSTEMPATH\View\View.php(216): CodeIgniter\View\View->CodeIgniter\View\{closure}()
 4 SYSTEMPATH\Common.php(1135): CodeIgniter\View\View->render('pages/signup', [], true)
 5 APPPATH\Controllers\Pages.php(49): view('pages/signup')
 6 SYSTEMPATH\CodeIgniter.php(896): App\Controllers\Pages->signup()
 7 SYSTEMPATH\CodeIgniter.php(466): CodeIgniter\CodeIgniter->runController(Object(App\Controllers\Pages))
 8 SYSTEMPATH\CodeIgniter.php(349): CodeIgniter\CodeIgniter->handleRequest(null, Object(Config\Cache), false)
 9 FCPATH\index.php(55): CodeIgniter\CodeIgniter->run()
CRITICAL - 2022-07-27 23:28:27 --> view(): Argument #2 ($data) must be of type array, string given, called in C:\xampp\htdocs\ci4\app\Controllers\Pages.php on line 49
in SYSTEMPATH\Common.php on line 1121.
 1 APPPATH\Controllers\Pages.php(49): view('pages/signup', 'validation')
 2 SYSTEMPATH\CodeIgniter.php(896): App\Controllers\Pages->signup()
 3 SYSTEMPATH\CodeIgniter.php(466): CodeIgniter\CodeIgniter->runController(Object(App\Controllers\Pages))
 4 SYSTEMPATH\CodeIgniter.php(349): CodeIgniter\CodeIgniter->handleRequest(null, Object(Config\Cache), false)
 5 FCPATH\index.php(55): CodeIgniter\CodeIgniter->run()
CRITICAL - 2022-07-27 23:28:50 --> view(): Argument #2 ($data) must be of type array, CodeIgniter\Validation\Validation given, called in C:\xampp\htdocs\ci4\app\Controllers\Pages.php on line 48
in SYSTEMPATH\Common.php on line 1121.
 1 APPPATH\Controllers\Pages.php(48): view('layouts/header', Object(CodeIgniter\Validation\Validation))
 2 SYSTEMPATH\CodeIgniter.php(896): App\Controllers\Pages->signup()
 3 SYSTEMPATH\CodeIgniter.php(466): CodeIgniter\CodeIgniter->runController(Object(App\Controllers\Pages))
 4 SYSTEMPATH\CodeIgniter.php(349): CodeIgniter\CodeIgniter->handleRequest(null, Object(Config\Cache), false)
 5 FCPATH\index.php(55): CodeIgniter\CodeIgniter->run()
CRITICAL - 2022-07-27 23:29:00 --> Undefined variable $validation
in APPPATH\Views\pages\signup.php on line 50.
 1 APPPATH\Views\pages\signup.php(50): CodeIgniter\Debug\Exceptions->errorHandler(2, 'Undefined variable $validation', 'APPPATH\\Views\\pages\\signup.php', 50)
 2 SYSTEMPATH\View\View.php(213): include('APPPATH\\Views\\pages\\signup.php')
 3 SYSTEMPATH\View\View.php(216): CodeIgniter\View\View->CodeIgniter\View\{closure}()
 4 SYSTEMPATH\Common.php(1135): CodeIgniter\View\View->render('pages/signup', [], true)
 5 APPPATH\Controllers\Pages.php(49): view('pages/signup')
 6 SYSTEMPATH\CodeIgniter.php(896): App\Controllers\Pages->signup()
 7 SYSTEMPATH\CodeIgniter.php(466): CodeIgniter\CodeIgniter->runController(Object(App\Controllers\Pages))
 8 SYSTEMPATH\CodeIgniter.php(349): CodeIgniter\CodeIgniter->handleRequest(null, Object(Config\Cache), false)
 9 FCPATH\index.php(55): CodeIgniter\CodeIgniter->run()
CRITICAL - 2022-07-27 23:32:22 --> Undefined variable $validation
in APPPATH\Views\pages\signup.php on line 51.
 1 APPPATH\Views\pages\signup.php(51): CodeIgniter\Debug\Exceptions->errorHandler(2, 'Undefined variable $validation', 'APPPATH\\Views\\pages\\signup.php', 51)
 2 SYSTEMPATH\View\View.php(213): include('APPPATH\\Views\\pages\\signup.php')
 3 SYSTEMPATH\View\View.php(216): CodeIgniter\View\View->CodeIgniter\View\{closure}()
 4 SYSTEMPATH\Common.php(1135): CodeIgniter\View\View->render('pages/signup', [], true)
 5 APPPATH\Controllers\Pages.php(49): view('pages/signup')
 6 SYSTEMPATH\CodeIgniter.php(896): App\Controllers\Pages->signup()
 7 SYSTEMPATH\CodeIgniter.php(466): CodeIgniter\CodeIgniter->runController(Object(App\Controllers\Pages))
 8 SYSTEMPATH\CodeIgniter.php(349): CodeIgniter\CodeIgniter->handleRequest(null, Object(Config\Cache), false)
 9 FCPATH\index.php(55): CodeIgniter\CodeIgniter->run()
CRITICAL - 2022-07-27 23:37:16 --> syntax error, unexpected token "?", expecting end of file
in APPPATH\Views\pages\signup.php on line 55.
 1 SYSTEMPATH\View\View.php(216): CodeIgniter\View\View->CodeIgniter\View\{closure}()
 2 SYSTEMPATH\Common.php(1135): CodeIgniter\View\View->render('pages/signup', [], true)
 3 APPPATH\Controllers\Pages.php(49): view('pages/signup')
 4 SYSTEMPATH\CodeIgniter.php(896): App\Controllers\Pages->signup()
 5 SYSTEMPATH\CodeIgniter.php(466): CodeIgniter\CodeIgniter->runController(Object(App\Controllers\Pages))
 6 SYSTEMPATH\CodeIgniter.php(349): CodeIgniter\CodeIgniter->handleRequest(null, Object(Config\Cache), false)
 7 FCPATH\index.php(55): CodeIgniter\CodeIgniter->run()
CRITICAL - 2022-07-27 23:40:57 --> Undefined variable $validation
in APPPATH\Views\pages\signup.php on line 54.
 1 APPPATH\Views\pages\signup.php(54): CodeIgniter\Debug\Exceptions->errorHandler(2, 'Undefined variable $validation', 'APPPATH\\Views\\pages\\signup.php', 54)
 2 SYSTEMPATH\View\View.php(213): include('APPPATH\\Views\\pages\\signup.php')
 3 SYSTEMPATH\View\View.php(216): CodeIgniter\View\View->CodeIgniter\View\{closure}()
 4 SYSTEMPATH\Common.php(1135): CodeIgniter\View\View->render('pages/signup', [], true)
 5 APPPATH\Controllers\Pages.php(49): view('pages/signup')
 6 SYSTEMPATH\CodeIgniter.php(896): App\Controllers\Pages->signup()
 7 SYSTEMPATH\CodeIgniter.php(466): CodeIgniter\CodeIgniter->runController(Object(App\Controllers\Pages))
 8 SYSTEMPATH\CodeIgniter.php(349): CodeIgniter\CodeIgniter->handleRequest(null, Object(Config\Cache), false)
 9 FCPATH\index.php(55): CodeIgniter\CodeIgniter->run()
CRITICAL - 2022-07-27 23:50:24 --> Undefined variable $validation
in APPPATH\Views\pages\signup.php on line 54.
 1 APPPATH\Views\pages\signup.php(54): CodeIgniter\Debug\Exceptions->errorHandler(2, 'Undefined variable $validation', 'APPPATH\\Views\\pages\\signup.php', 54)
 2 SYSTEMPATH\View\View.php(213): include('APPPATH\\Views\\pages\\signup.php')
 3 SYSTEMPATH\View\View.php(216): CodeIgniter\View\View->CodeIgniter\View\{closure}()
 4 SYSTEMPATH\Common.php(1135): CodeIgniter\View\View->render('pages/signup', [], true)
 5 APPPATH\Controllers\Pages.php(49): view('pages/signup')
 6 SYSTEMPATH\CodeIgniter.php(896): App\Controllers\Pages->signup()
 7 SYSTEMPATH\CodeIgniter.php(466): CodeIgniter\CodeIgniter->runController(Object(App\Controllers\Pages))
 8 SYSTEMPATH\CodeIgniter.php(349): CodeIgniter\CodeIgniter->handleRequest(null, Object(Config\Cache), false)
 9 FCPATH\index.php(55): CodeIgniter\CodeIgniter->run()
CRITICAL - 2022-07-27 23:50:42 --> Undefined variable $validation
in APPPATH\Views\pages\signup.php on line 54.
 1 APPPATH\Views\pages\signup.php(54): CodeIgniter\Debug\Exceptions->errorHandler(2, 'Undefined variable $validation', 'APPPATH\\Views\\pages\\signup.php', 54)
 2 SYSTEMPATH\View\View.php(213): include('APPPATH\\Views\\pages\\signup.php')
 3 SYSTEMPATH\View\View.php(216): CodeIgniter\View\View->CodeIgniter\View\{closure}()
 4 SYSTEMPATH\Common.php(1135): CodeIgniter\View\View->render('pages/signup', [], true)
 5 APPPATH\Controllers\Pages.php(49): view('pages/signup')
 6 SYSTEMPATH\CodeIgniter.php(896): App\Controllers\Pages->signup()
 7 SYSTEMPATH\CodeIgniter.php(466): CodeIgniter\CodeIgniter->runController(Object(App\Controllers\Pages))
 8 SYSTEMPATH\CodeIgniter.php(349): CodeIgniter\CodeIgniter->handleRequest(null, Object(Config\Cache), false)
 9 FCPATH\index.php(55): CodeIgniter\CodeIgniter->run()
CRITICAL - 2022-07-27 23:53:21 --> Undefined variable $validation
in APPPATH\Views\pages\signup.php on line 54.
 1 APPPATH\Views\pages\signup.php(54): CodeIgniter\Debug\Exceptions->errorHandler(2, 'Undefined variable $validation', 'APPPATH\\Views\\pages\\signup.php', 54)
 2 SYSTEMPATH\View\View.php(213): include('APPPATH\\Views\\pages\\signup.php')
 3 SYSTEMPATH\View\View.php(216): CodeIgniter\View\View->CodeIgniter\View\{closure}()
 4 SYSTEMPATH\Common.php(1135): CodeIgniter\View\View->render('pages/signup', [], true)
 5 APPPATH\Controllers\Pages.php(49): view('pages/signup')
 6 SYSTEMPATH\CodeIgniter.php(896): App\Controllers\Pages->signup()
 7 SYSTEMPATH\CodeIgniter.php(466): CodeIgniter\CodeIgniter->runController(Object(App\Controllers\Pages))
 8 SYSTEMPATH\CodeIgniter.php(349): CodeIgniter\CodeIgniter->handleRequest(null, Object(Config\Cache), false)
 9 FCPATH\index.php(55): CodeIgniter\CodeIgniter->run()
CRITICAL - 2022-07-27 23:54:52 --> Undefined variable $val
in APPPATH\Views\pages\signup.php on line 54.
 1 APPPATH\Views\pages\signup.php(54): CodeIgniter\Debug\Exceptions->errorHandler(2, 'Undefined variable $val', 'APPPATH\\Views\\pages\\signup.php', 54)
 2 SYSTEMPATH\View\View.php(213): include('APPPATH\\Views\\pages\\signup.php')
 3 SYSTEMPATH\View\View.php(216): CodeIgniter\View\View->CodeIgniter\View\{closure}()
 4 SYSTEMPATH\Common.php(1135): CodeIgniter\View\View->render('pages/signup', [], true)
 5 APPPATH\Controllers\Pages.php(49): view('pages/signup')
 6 SYSTEMPATH\CodeIgniter.php(896): App\Controllers\Pages->signup()
 7 SYSTEMPATH\CodeIgniter.php(466): CodeIgniter\CodeIgniter->runController(Object(App\Controllers\Pages))
 8 SYSTEMPATH\CodeIgniter.php(349): CodeIgniter\CodeIgniter->handleRequest(null, Object(Config\Cache), false)
 9 FCPATH\index.php(55): CodeIgniter\CodeIgniter->run()
CRITICAL - 2022-07-27 23:56:11 --> view(): Argument #2 ($data) must be of type array, CodeIgniter\Validation\Validation given, called in C:\xampp\htdocs\ci4\app\Controllers\Pages.php on line 48
in SYSTEMPATH\Common.php on line 1121.
 1 APPPATH\Controllers\Pages.php(48): view('layouts/header', Object(CodeIgniter\Validation\Validation))
 2 SYSTEMPATH\CodeIgniter.php(896): App\Controllers\Pages->signup()
 3 SYSTEMPATH\CodeIgniter.php(466): CodeIgniter\CodeIgniter->runController(Object(App\Controllers\Pages))
 4 SYSTEMPATH\CodeIgniter.php(349): CodeIgniter\CodeIgniter->handleRequest(null, Object(Config\Cache), false)
 5 FCPATH\index.php(55): CodeIgniter\CodeIgniter->run()
CRITICAL - 2022-07-27 23:56:38 --> Undefined variable $validation
in APPPATH\Views\pages\signup.php on line 54.
 1 APPPATH\Views\pages\signup.php(54): CodeIgniter\Debug\Exceptions->errorHandler(2, 'Undefined variable $validation', 'APPPATH\\Views\\pages\\signup.php', 54)
 2 SYSTEMPATH\View\View.php(213): include('APPPATH\\Views\\pages\\signup.php')
 3 SYSTEMPATH\View\View.php(216): CodeIgniter\View\View->CodeIgniter\View\{closure}()
 4 SYSTEMPATH\Common.php(1135): CodeIgniter\View\View->render('pages/signup', [], true)
 5 APPPATH\Controllers\Pages.php(49): view('pages/signup')
 6 SYSTEMPATH\CodeIgniter.php(896): App\Controllers\Pages->signup()
 7 SYSTEMPATH\CodeIgniter.php(466): CodeIgniter\CodeIgniter->runController(Object(App\Controllers\Pages))
 8 SYSTEMPATH\CodeIgniter.php(349): CodeIgniter\CodeIgniter->handleRequest(null, Object(Config\Cache), false)
 9 FCPATH\index.php(55): CodeIgniter\CodeIgniter->run()
CRITICAL - 2022-07-27 23:57:52 --> Undefined property: CodeIgniter\Validation\Validation::$listErrors
in APPPATH\Views\pages\signup.php on line 54.
 1 APPPATH\Views\pages\signup.php(54): CodeIgniter\Debug\Exceptions->errorHandler(2, 'Undefined property: CodeIgniter\\Validation\\Validation::$listErrors', 'APPPATH\\Views\\pages\\signup.php', 54)
 2 SYSTEMPATH\View\View.php(213): include('APPPATH\\Views\\pages\\signup.php')
 3 SYSTEMPATH\View\View.php(216): CodeIgniter\View\View->CodeIgniter\View\{closure}()
 4 SYSTEMPATH\Common.php(1135): CodeIgniter\View\View->render('pages/signup', [], true)
 5 APPPATH\Controllers\Pages.php(49): view('pages/signup')
 6 SYSTEMPATH\CodeIgniter.php(896): App\Controllers\Pages->signup()
 7 SYSTEMPATH\CodeIgniter.php(466): CodeIgniter\CodeIgniter->runController(Object(App\Controllers\Pages))
 8 SYSTEMPATH\CodeIgniter.php(349): CodeIgniter\CodeIgniter->handleRequest(null, Object(Config\Cache), false)
 9 FCPATH\index.php(55): CodeIgniter\CodeIgniter->run()
CRITICAL - 2022-07-27 23:59:09 --> Undefined property: CodeIgniter\Validation\Validation::$listErrors
in APPPATH\Views\pages\signup.php on line 54.
 1 APPPATH\Views\pages\signup.php(54): CodeIgniter\Debug\Exceptions->errorHandler(2, 'Undefined property: CodeIgniter\\Validation\\Validation::$listErrors', 'APPPATH\\Views\\pages\\signup.php', 54)
 2 SYSTEMPATH\View\View.php(213): include('APPPATH\\Views\\pages\\signup.php')
 3 SYSTEMPATH\View\View.php(216): CodeIgniter\View\View->CodeIgniter\View\{closure}()
 4 SYSTEMPATH\Common.php(1135): CodeIgniter\View\View->render('pages/signup', [], true)
 5 APPPATH\Controllers\Pages.php(49): view('pages/signup')
 6 SYSTEMPATH\CodeIgniter.php(896): App\Controllers\Pages->signup()
 7 SYSTEMPATH\CodeIgniter.php(466): CodeIgniter\CodeIgniter->runController(Object(App\Controllers\Pages))
 8 SYSTEMPATH\CodeIgniter.php(349): CodeIgniter\CodeIgniter->handleRequest(null, Object(Config\Cache), false)
 9 FCPATH\index.php(55): CodeIgniter\CodeIgniter->run()
