CRITICAL - 2022-08-16 00:22:10 --> Array callback must have exactly two elements
in APPPATH\Controllers\Pages.php on line 303.
 1 SYSTEMPATH\CodeIgniter.php(896): App\Controllers\Pages->blog()
 2 SYSTEMPATH\CodeIgniter.php(466): CodeIgniter\CodeIgniter->runController(Object(App\Controllers\Pages))
 3 SYSTEMPATH\CodeIgniter.php(349): CodeIgniter\CodeIgniter->handleRequest(null, Object(Config\Cache), false)
 4 FCPATH\index.php(55): CodeIgniter\CodeIgniter->run()
CRITICAL - 2022-08-16 00:22:19 --> Array callback must have exactly two elements
in APPPATH\Controllers\Pages.php on line 303.
 1 SYSTEMPATH\CodeIgniter.php(896): App\Controllers\Pages->blog()
 2 SYSTEMPATH\CodeIgniter.php(466): CodeIgniter\CodeIgniter->runController(Object(App\Controllers\Pages))
 3 SYSTEMPATH\CodeIgniter.php(349): CodeIgniter\CodeIgniter->handleRequest(null, Object(Config\Cache), false)
 4 FCPATH\index.php(55): CodeIgniter\CodeIgniter->run()
CRITICAL - 2022-08-16 00:23:47 --> Undefined array key ""
in APPPATH\Controllers\Pages.php on line 313.
 1 APPPATH\Controllers\Pages.php(313): CodeIgniter\Debug\Exceptions->errorHandler(2, 'Undefined array key ""', 'APPPATH\\Controllers\\Pages.php', 313)
 2 SYSTEMPATH\CodeIgniter.php(896): App\Controllers\Pages->blog()
 3 SYSTEMPATH\CodeIgniter.php(466): CodeIgniter\CodeIgniter->runController(Object(App\Controllers\Pages))
 4 SYSTEMPATH\CodeIgniter.php(349): CodeIgniter\CodeIgniter->handleRequest(null, Object(Config\Cache), false)
 5 FCPATH\index.php(55): CodeIgniter\CodeIgniter->run()
CRITICAL - 2022-08-16 00:23:51 --> Cannot use [] for reading
in APPPATH\Controllers\Pages.php on line 313.
 1 SYSTEMPATH\CodeIgniter.php(896): App\Controllers\Pages->blog()
 2 SYSTEMPATH\CodeIgniter.php(466): CodeIgniter\CodeIgniter->runController(Object(App\Controllers\Pages))
 3 SYSTEMPATH\CodeIgniter.php(349): CodeIgniter\CodeIgniter->handleRequest(null, Object(Config\Cache), false)
 4 FCPATH\index.php(55): CodeIgniter\CodeIgniter->run()
CRITICAL - 2022-08-16 00:40:25 --> Undefined variable $builder
in APPPATH\Controllers\Pages.php on line 303.
 1 APPPATH\Controllers\Pages.php(303): CodeIgniter\Debug\Exceptions->errorHandler(2, 'Undefined variable $builder', 'APPPATH\\Controllers\\Pages.php', 303)
 2 SYSTEMPATH\CodeIgniter.php(896): App\Controllers\Pages->blog()
 3 SYSTEMPATH\CodeIgniter.php(466): CodeIgniter\CodeIgniter->runController(Object(App\Controllers\Pages))
 4 SYSTEMPATH\CodeIgniter.php(349): CodeIgniter\CodeIgniter->handleRequest(null, Object(Config\Cache), false)
 5 FCPATH\index.php(55): CodeIgniter\CodeIgniter->run()
CRITICAL - 2022-08-16 00:42:08 --> Undefined property: App\Controllers\Pages::$builder
in APPPATH\Controllers\Pages.php on line 303.
 1 APPPATH\Controllers\Pages.php(303): CodeIgniter\Debug\Exceptions->errorHandler(2, 'Undefined property: App\\Controllers\\Pages::$builder', 'APPPATH\\Controllers\\Pages.php', 303)
 2 SYSTEMPATH\CodeIgniter.php(896): App\Controllers\Pages->blog()
 3 SYSTEMPATH\CodeIgniter.php(466): CodeIgniter\CodeIgniter->runController(Object(App\Controllers\Pages))
 4 SYSTEMPATH\CodeIgniter.php(349): CodeIgniter\CodeIgniter->handleRequest(null, Object(Config\Cache), false)
 5 FCPATH\index.php(55): CodeIgniter\CodeIgniter->run()
ERROR - 2022-08-16 01:22:45 --> Unknown column 'muft-mein-sirf-ghulami-milti-hain' in 'where clause'
CRITICAL - 2022-08-16 01:22:45 --> Unknown column 'muft-mein-sirf-ghulami-milti-hain' in 'where clause'
in SYSTEMPATH\Database\MySQLi\Connection.php on line 292.
 1 SYSTEMPATH\Database\MySQLi\Connection.php(292): mysqli->query('SELECT *
FROM `blogs`
WHERE `muft-mein-sirf-ghulami-milti-hain` LIKE \'%blog_title%\' ESCAPE \'!\'', 0)
 2 SYSTEMPATH\Database\BaseConnection.php(695): CodeIgniter\Database\MySQLi\Connection->execute('SELECT *
FROM `blogs`
WHERE `muft-mein-sirf-ghulami-milti-hain` LIKE \'%blog_title%\' ESCAPE \'!\'')
 3 SYSTEMPATH\Database\BaseConnection.php(609): CodeIgniter\Database\BaseConnection->simpleQuery('SELECT *
FROM `blogs`
WHERE `muft-mein-sirf-ghulami-milti-hain` LIKE \'%blog_title%\' ESCAPE \'!\'')
 4 SYSTEMPATH\Database\BaseBuilder.php(1585): CodeIgniter\Database\BaseConnection->query('SELECT *
FROM `blogs`
WHERE `muft-mein-sirf-ghulami-milti-hain` LIKE :muft-mein-sirf-ghulami-milti-hain: ESCAPE \'!\'', [...], false)
 5 APPPATH\Controllers\Pages.php(303): CodeIgniter\Database\BaseBuilder->get()
 6 SYSTEMPATH\CodeIgniter.php(896): App\Controllers\Pages->blog()
 7 SYSTEMPATH\CodeIgniter.php(466): CodeIgniter\CodeIgniter->runController(Object(App\Controllers\Pages))
 8 SYSTEMPATH\CodeIgniter.php(349): CodeIgniter\CodeIgniter->handleRequest(null, Object(Config\Cache), false)
 9 FCPATH\index.php(55): CodeIgniter\CodeIgniter->run()
ERROR - 2022-08-16 01:23:48 --> Unknown column 'muft-mein-sirf-ghulami-milti-hain' in 'where clause'
CRITICAL - 2022-08-16 01:23:48 --> Unknown column 'muft-mein-sirf-ghulami-milti-hain' in 'where clause'
in SYSTEMPATH\Database\MySQLi\Connection.php on line 292.
 1 SYSTEMPATH\Database\MySQLi\Connection.php(292): mysqli->query('SELECT *
FROM `blogs`
WHERE `muft-mein-sirf-ghulami-milti-hain` LIKE \'%slug%\' ESCAPE \'!\'', 0)
 2 SYSTEMPATH\Database\BaseConnection.php(695): CodeIgniter\Database\MySQLi\Connection->execute('SELECT *
FROM `blogs`
WHERE `muft-mein-sirf-ghulami-milti-hain` LIKE \'%slug%\' ESCAPE \'!\'')
 3 SYSTEMPATH\Database\BaseConnection.php(609): CodeIgniter\Database\BaseConnection->simpleQuery('SELECT *
FROM `blogs`
WHERE `muft-mein-sirf-ghulami-milti-hain` LIKE \'%slug%\' ESCAPE \'!\'')
 4 SYSTEMPATH\Database\BaseBuilder.php(1585): CodeIgniter\Database\BaseConnection->query('SELECT *
FROM `blogs`
WHERE `muft-mein-sirf-ghulami-milti-hain` LIKE :muft-mein-sirf-ghulami-milti-hain: ESCAPE \'!\'', [...], false)
 5 APPPATH\Controllers\Pages.php(303): CodeIgniter\Database\BaseBuilder->get()
 6 SYSTEMPATH\CodeIgniter.php(896): App\Controllers\Pages->blog()
 7 SYSTEMPATH\CodeIgniter.php(466): CodeIgniter\CodeIgniter->runController(Object(App\Controllers\Pages))
 8 SYSTEMPATH\CodeIgniter.php(349): CodeIgniter\CodeIgniter->handleRequest(null, Object(Config\Cache), false)
 9 FCPATH\index.php(55): CodeIgniter\CodeIgniter->run()
ERROR - 2022-08-16 01:23:52 --> Unknown column 'muft-mein-sirf-ghulami-milti-hain' in 'where clause'
CRITICAL - 2022-08-16 01:23:52 --> Unknown column 'muft-mein-sirf-ghulami-milti-hain' in 'where clause'
in SYSTEMPATH\Database\MySQLi\Connection.php on line 292.
 1 SYSTEMPATH\Database\MySQLi\Connection.php(292): mysqli->query('SELECT *
FROM `blogs`
WHERE `muft-mein-sirf-ghulami-milti-hain` LIKE \'%slug%\' ESCAPE \'!\'', 0)
 2 SYSTEMPATH\Database\BaseConnection.php(695): CodeIgniter\Database\MySQLi\Connection->execute('SELECT *
FROM `blogs`
WHERE `muft-mein-sirf-ghulami-milti-hain` LIKE \'%slug%\' ESCAPE \'!\'')
 3 SYSTEMPATH\Database\BaseConnection.php(609): CodeIgniter\Database\BaseConnection->simpleQuery('SELECT *
FROM `blogs`
WHERE `muft-mein-sirf-ghulami-milti-hain` LIKE \'%slug%\' ESCAPE \'!\'')
 4 SYSTEMPATH\Database\BaseBuilder.php(1585): CodeIgniter\Database\BaseConnection->query('SELECT *
FROM `blogs`
WHERE `muft-mein-sirf-ghulami-milti-hain` LIKE :muft-mein-sirf-ghulami-milti-hain: ESCAPE \'!\'', [...], false)
 5 APPPATH\Controllers\Pages.php(303): CodeIgniter\Database\BaseBuilder->get()
 6 SYSTEMPATH\CodeIgniter.php(896): App\Controllers\Pages->blog()
 7 SYSTEMPATH\CodeIgniter.php(466): CodeIgniter\CodeIgniter->runController(Object(App\Controllers\Pages))
 8 SYSTEMPATH\CodeIgniter.php(349): CodeIgniter\CodeIgniter->handleRequest(null, Object(Config\Cache), false)
 9 FCPATH\index.php(55): CodeIgniter\CodeIgniter->run()
CRITICAL - 2022-08-16 01:31:46 --> Maximum execution time of 120 seconds exceeded
in APPPATH\Controllers\Pages.php on line 307.
 1 [internal function]: CodeIgniter\Debug\Exceptions->shutdownHandler()
CRITICAL - 2022-08-16 01:37:57 --> implode(): Argument #1 ($pieces) must be of type array, string given
in APPPATH\Controllers\Pages.php on line 301.
 1 APPPATH\Controllers\Pages.php(301): implode(',', null)
 2 SYSTEMPATH\CodeIgniter.php(896): App\Controllers\Pages->blog()
 3 SYSTEMPATH\CodeIgniter.php(466): CodeIgniter\CodeIgniter->runController(Object(App\Controllers\Pages))
 4 SYSTEMPATH\CodeIgniter.php(349): CodeIgniter\CodeIgniter->handleRequest(null, Object(Config\Cache), false)
 5 FCPATH\index.php(55): CodeIgniter\CodeIgniter->run()
CRITICAL - 2022-08-16 07:03:47 --> Too few arguments to function App\Controllers\Home::viewblog(), 1 passed in C:\xampp\htdocs\blogsite\system\CodeIgniter.php on line 896 and exactly 2 expected
in APPPATH\Controllers\Home.php on line 81.
 1 SYSTEMPATH\CodeIgniter.php(896): App\Controllers\Home->viewblog('jio-5g-phone-could-launch-later-this-month-key-specs-already-out-1')
 2 SYSTEMPATH\CodeIgniter.php(466): CodeIgniter\CodeIgniter->runController(Object(App\Controllers\Home))
 3 SYSTEMPATH\CodeIgniter.php(349): CodeIgniter\CodeIgniter->handleRequest(null, Object(Config\Cache), false)
 4 FCPATH\index.php(55): CodeIgniter\CodeIgniter->run()
CRITICAL - 2022-08-16 23:57:03 --> Call to undefined function App\Controllers\unique_slug()
in APPPATH\Controllers\Pages.php on line 323.
 1 SYSTEMPATH\CodeIgniter.php(896): App\Controllers\Pages->test()
 2 SYSTEMPATH\CodeIgniter.php(466): CodeIgniter\CodeIgniter->runController(Object(App\Controllers\Pages))
 3 SYSTEMPATH\CodeIgniter.php(349): CodeIgniter\CodeIgniter->handleRequest(null, Object(Config\Cache), false)
 4 FCPATH\index.php(55): CodeIgniter\CodeIgniter->run()
