CRITICAL - 2022-07-29 00:03:46 --> syntax error, unexpected token "}", expecting "," or ";"
in APPPATH\Controllers\Pages.php on line 133.
 1 SYSTEMPATH\Autoloader\Autoloader.php(261): CodeIgniter\Autoloader\Autoloader->includeFile('APPPATH\\Controllers\\Pages.php')
 2 SYSTEMPATH\Autoloader\Autoloader.php(239): CodeIgniter\Autoloader\Autoloader->loadInNamespace('App\\Controllers\\Pages')
 3 [internal function]: CodeIgniter\Autoloader\Autoloader->loadClass('App\\Controllers\\Pages')
 4 SYSTEMPATH\CodeIgniter.php(846): class_exists('\\App\\Controllers\\Pages', true)
 5 SYSTEMPATH\CodeIgniter.php(453): CodeIgniter\CodeIgniter->startController()
 6 SYSTEMPATH\CodeIgniter.php(349): CodeIgniter\CodeIgniter->handleRequest(null, Object(Config\Cache), false)
 7 FCPATH\index.php(55): CodeIgniter\CodeIgniter->run()
CRITICAL - 2022-07-29 00:03:52 --> Session: Configured save path "C:\xampp\htdocs\ci4\writable\session" is not writable by the PHP process.
in SYSTEMPATH\Session\Handlers\FileHandler.php on line 102.
 1 SYSTEMPATH\Session\Handlers\FileHandler.php(102): CodeIgniter\Session\Exceptions\SessionException::forWriteProtectedSavePath('FCPATH\\writable\\session')
 2 [internal function]: CodeIgniter\Session\Handlers\FileHandler->open('FCPATH\\writable\\session', 'ci_session')
 3 SYSTEMPATH\Session\Session.php(896): session_start()
 4 SYSTEMPATH\Session\Session.php(240): CodeIgniter\Session\Session->startSession()
 5 SYSTEMPATH\Config\Services.php(613): CodeIgniter\Session\Session->start()
 6 SYSTEMPATH\Config\BaseService.php(251): CodeIgniter\Config\Services::session(Object(Config\App), false)
 7 SYSTEMPATH\Config\BaseService.php(192): CodeIgniter\Config\BaseService::__callStatic('session', [...])
 8 SYSTEMPATH\Config\Services.php(585): CodeIgniter\Config\BaseService::getSharedInstance('session', null)
 9 SYSTEMPATH\Config\BaseService.php(251): CodeIgniter\Config\Services::session()
10 SYSTEMPATH\Common.php(932): CodeIgniter\Config\BaseService::__callStatic('session', [])
11 APPPATH\Controllers\Pages.php(15): session()
12 SYSTEMPATH\CodeIgniter.php(858): App\Controllers\Pages->__construct()
13 SYSTEMPATH\CodeIgniter.php(457): CodeIgniter\CodeIgniter->createController()
14 SYSTEMPATH\CodeIgniter.php(349): CodeIgniter\CodeIgniter->handleRequest(null, Object(Config\Cache), false)
15 FCPATH\index.php(55): CodeIgniter\CodeIgniter->run()
CRITICAL - 2022-07-29 00:04:12 --> Session: Configured save path "C:\xampp\htdocs\ci4\writable\session" is not writable by the PHP process.
in SYSTEMPATH\Session\Handlers\FileHandler.php on line 102.
 1 SYSTEMPATH\Session\Handlers\FileHandler.php(102): CodeIgniter\Session\Exceptions\SessionException::forWriteProtectedSavePath('FCPATH\\writable\\session')
 2 [internal function]: CodeIgniter\Session\Handlers\FileHandler->open('FCPATH\\writable\\session', 'ci_session')
 3 SYSTEMPATH\Session\Session.php(896): session_start()
 4 SYSTEMPATH\Session\Session.php(240): CodeIgniter\Session\Session->startSession()
 5 SYSTEMPATH\Config\Services.php(613): CodeIgniter\Session\Session->start()
 6 SYSTEMPATH\Config\BaseService.php(251): CodeIgniter\Config\Services::session(Object(Config\App), false)
 7 SYSTEMPATH\Config\BaseService.php(192): CodeIgniter\Config\BaseService::__callStatic('session', [...])
 8 SYSTEMPATH\Config\Services.php(585): CodeIgniter\Config\BaseService::getSharedInstance('session', null)
 9 SYSTEMPATH\Config\BaseService.php(251): CodeIgniter\Config\Services::session()
10 SYSTEMPATH\Common.php(932): CodeIgniter\Config\BaseService::__callStatic('session', [])
11 APPPATH\Controllers\Pages.php(15): session()
12 SYSTEMPATH\CodeIgniter.php(858): App\Controllers\Pages->__construct()
13 SYSTEMPATH\CodeIgniter.php(457): CodeIgniter\CodeIgniter->createController()
14 SYSTEMPATH\CodeIgniter.php(349): CodeIgniter\CodeIgniter->handleRequest(null, Object(Config\Cache), false)
15 FCPATH\index.php(55): CodeIgniter\CodeIgniter->run()
CRITICAL - 2022-07-29 00:10:21 --> Attempt to read property "connID" on bool
in APPPATH\Models\ContactModel.php on line 18.
 1 APPPATH\Models\ContactModel.php(18): CodeIgniter\Debug\Exceptions->errorHandler(2, 'Attempt to read property "connID" on bool', 'APPPATH\\Models\\ContactModel.php', 18)
 2 APPPATH\Controllers\Pages.php(122): App\Models\ContactModel->saveData([...])
 3 SYSTEMPATH\CodeIgniter.php(896): App\Controllers\Pages->contact()
 4 SYSTEMPATH\CodeIgniter.php(466): CodeIgniter\CodeIgniter->runController(Object(App\Controllers\Pages))
 5 SYSTEMPATH\CodeIgniter.php(349): CodeIgniter\CodeIgniter->handleRequest(null, Object(Config\Cache), false)
 6 FCPATH\index.php(55): CodeIgniter\CodeIgniter->run()
CRITICAL - 2022-07-29 00:10:49 --> Attempt to read property "conn" on bool
in APPPATH\Models\ContactModel.php on line 18.
 1 APPPATH\Models\ContactModel.php(18): CodeIgniter\Debug\Exceptions->errorHandler(2, 'Attempt to read property "conn" on bool', 'APPPATH\\Models\\ContactModel.php', 18)
 2 APPPATH\Controllers\Pages.php(122): App\Models\ContactModel->saveData([...])
 3 SYSTEMPATH\CodeIgniter.php(896): App\Controllers\Pages->contact()
 4 SYSTEMPATH\CodeIgniter.php(466): CodeIgniter\CodeIgniter->runController(Object(App\Controllers\Pages))
 5 SYSTEMPATH\CodeIgniter.php(349): CodeIgniter\CodeIgniter->handleRequest(null, Object(Config\Cache), false)
 6 FCPATH\index.php(55): CodeIgniter\CodeIgniter->run()
CRITICAL - 2022-07-29 00:12:03 --> Attempt to read property "connection_status" on bool
in APPPATH\Models\ContactModel.php on line 18.
 1 APPPATH\Models\ContactModel.php(18): CodeIgniter\Debug\Exceptions->errorHandler(2, 'Attempt to read property "connection_status" on bool', 'APPPATH\\Models\\ContactModel.php', 18)
 2 APPPATH\Controllers\Pages.php(122): App\Models\ContactModel->saveData([...])
 3 SYSTEMPATH\CodeIgniter.php(896): App\Controllers\Pages->contact()
 4 SYSTEMPATH\CodeIgniter.php(466): CodeIgniter\CodeIgniter->runController(Object(App\Controllers\Pages))
 5 SYSTEMPATH\CodeIgniter.php(349): CodeIgniter\CodeIgniter->handleRequest(null, Object(Config\Cache), false)
 6 FCPATH\index.php(55): CodeIgniter\CodeIgniter->run()
CRITICAL - 2022-07-29 00:12:11 --> Attempt to read property "affected_rows" on bool
in APPPATH\Models\ContactModel.php on line 18.
 1 APPPATH\Models\ContactModel.php(18): CodeIgniter\Debug\Exceptions->errorHandler(2, 'Attempt to read property "affected_rows" on bool', 'APPPATH\\Models\\ContactModel.php', 18)
 2 APPPATH\Controllers\Pages.php(122): App\Models\ContactModel->saveData([...])
 3 SYSTEMPATH\CodeIgniter.php(896): App\Controllers\Pages->contact()
 4 SYSTEMPATH\CodeIgniter.php(466): CodeIgniter\CodeIgniter->runController(Object(App\Controllers\Pages))
 5 SYSTEMPATH\CodeIgniter.php(349): CodeIgniter\CodeIgniter->handleRequest(null, Object(Config\Cache), false)
 6 FCPATH\index.php(55): CodeIgniter\CodeIgniter->run()
CRITICAL - 2022-07-29 01:11:08 --> syntax error, unexpected identifier "container", expecting "," or ";"
in APPPATH\Controllers\Pages.php on line 128.
 1 SYSTEMPATH\Autoloader\Autoloader.php(261): CodeIgniter\Autoloader\Autoloader->includeFile('APPPATH\\Controllers\\Pages.php')
 2 SYSTEMPATH\Autoloader\Autoloader.php(239): CodeIgniter\Autoloader\Autoloader->loadInNamespace('App\\Controllers\\Pages')
 3 [internal function]: CodeIgniter\Autoloader\Autoloader->loadClass('App\\Controllers\\Pages')
 4 SYSTEMPATH\CodeIgniter.php(846): class_exists('\\App\\Controllers\\Pages', true)
 5 SYSTEMPATH\CodeIgniter.php(453): CodeIgniter\CodeIgniter->startController()
 6 SYSTEMPATH\CodeIgniter.php(349): CodeIgniter\CodeIgniter->handleRequest(null, Object(Config\Cache), false)
 7 FCPATH\index.php(55): CodeIgniter\CodeIgniter->run()
CRITICAL - 2022-07-29 02:28:31 --> Session: Configured save path "C:\xampp\htdocs\ci4\writable\session" is not writable by the PHP process.
in SYSTEMPATH\Session\Handlers\FileHandler.php on line 102.
 1 SYSTEMPATH\Session\Handlers\FileHandler.php(102): CodeIgniter\Session\Exceptions\SessionException::forWriteProtectedSavePath('FCPATH\\writable\\session')
 2 [internal function]: CodeIgniter\Session\Handlers\FileHandler->open('FCPATH\\writable\\session', 'ci_session')
 3 SYSTEMPATH\Session\Session.php(896): session_start()
 4 SYSTEMPATH\Session\Session.php(240): CodeIgniter\Session\Session->startSession()
 5 SYSTEMPATH\Config\Services.php(613): CodeIgniter\Session\Session->start()
 6 SYSTEMPATH\Config\BaseService.php(251): CodeIgniter\Config\Services::session(Object(Config\App), false)
 7 SYSTEMPATH\Config\BaseService.php(192): CodeIgniter\Config\BaseService::__callStatic('session', [...])
 8 SYSTEMPATH\Config\Services.php(585): CodeIgniter\Config\BaseService::getSharedInstance('session', null)
 9 SYSTEMPATH\Config\BaseService.php(251): CodeIgniter\Config\Services::session()
10 SYSTEMPATH\Common.php(932): CodeIgniter\Config\BaseService::__callStatic('session', [])
11 APPPATH\Controllers\Pages.php(89): session()
12 SYSTEMPATH\CodeIgniter.php(896): App\Controllers\Pages->contact()
13 SYSTEMPATH\CodeIgniter.php(466): CodeIgniter\CodeIgniter->runController(Object(App\Controllers\Pages))
14 SYSTEMPATH\CodeIgniter.php(349): CodeIgniter\CodeIgniter->handleRequest(null, Object(Config\Cache), false)
15 FCPATH\index.php(55): CodeIgniter\CodeIgniter->run()
CRITICAL - 2022-07-29 02:29:39 --> Session: Configured save path "C:\xampp\htdocs\ci4\writable\session" is not writable by the PHP process.
in SYSTEMPATH\Session\Handlers\FileHandler.php on line 102.
 1 SYSTEMPATH\Session\Handlers\FileHandler.php(102): CodeIgniter\Session\Exceptions\SessionException::forWriteProtectedSavePath('FCPATH\\writable\\session')
 2 [internal function]: CodeIgniter\Session\Handlers\FileHandler->open('FCPATH\\writable\\session', 'ci_session')
 3 SYSTEMPATH\Session\Session.php(896): session_start()
 4 SYSTEMPATH\Session\Session.php(240): CodeIgniter\Session\Session->startSession()
 5 SYSTEMPATH\Config\Services.php(613): CodeIgniter\Session\Session->start()
 6 SYSTEMPATH\Config\BaseService.php(251): CodeIgniter\Config\Services::session(Object(Config\App), false)
 7 SYSTEMPATH\Config\BaseService.php(192): CodeIgniter\Config\BaseService::__callStatic('session', [...])
 8 SYSTEMPATH\Config\Services.php(585): CodeIgniter\Config\BaseService::getSharedInstance('session', null)
 9 SYSTEMPATH\Config\BaseService.php(251): CodeIgniter\Config\Services::session()
10 APPPATH\Controllers\Pages.php(89): CodeIgniter\Config\BaseService::__callStatic('session', [])
11 SYSTEMPATH\CodeIgniter.php(896): App\Controllers\Pages->contact()
12 SYSTEMPATH\CodeIgniter.php(466): CodeIgniter\CodeIgniter->runController(Object(App\Controllers\Pages))
13 SYSTEMPATH\CodeIgniter.php(349): CodeIgniter\CodeIgniter->handleRequest(null, Object(Config\Cache), false)
14 FCPATH\index.php(55): CodeIgniter\CodeIgniter->run()
CRITICAL - 2022-07-29 02:33:20 --> Session: Configured save path "C:\xampp\htdocs\ci4\writable\session" is not writable by the PHP process.
in SYSTEMPATH\Session\Handlers\FileHandler.php on line 102.
 1 SYSTEMPATH\Session\Handlers\FileHandler.php(102): CodeIgniter\Session\Exceptions\SessionException::forWriteProtectedSavePath('FCPATH\\writable\\session')
 2 [internal function]: CodeIgniter\Session\Handlers\FileHandler->open('FCPATH\\writable\\session', 'ci_session')
 3 SYSTEMPATH\Session\Session.php(896): session_start()
 4 SYSTEMPATH\Session\Session.php(240): CodeIgniter\Session\Session->startSession()
 5 SYSTEMPATH\Config\Services.php(613): CodeIgniter\Session\Session->start()
 6 SYSTEMPATH\Config\BaseService.php(251): CodeIgniter\Config\Services::session(Object(Config\App), false)
 7 SYSTEMPATH\Config\BaseService.php(192): CodeIgniter\Config\BaseService::__callStatic('session', [...])
 8 SYSTEMPATH\Config\Services.php(585): CodeIgniter\Config\BaseService::getSharedInstance('session', null)
 9 SYSTEMPATH\Config\BaseService.php(251): CodeIgniter\Config\Services::session()
10 APPPATH\Controllers\Pages.php(89): CodeIgniter\Config\BaseService::__callStatic('session', [])
11 SYSTEMPATH\CodeIgniter.php(896): App\Controllers\Pages->contact()
12 SYSTEMPATH\CodeIgniter.php(466): CodeIgniter\CodeIgniter->runController(Object(App\Controllers\Pages))
13 SYSTEMPATH\CodeIgniter.php(349): CodeIgniter\CodeIgniter->handleRequest(null, Object(Config\Cache), false)
14 FCPATH\index.php(55): CodeIgniter\CodeIgniter->run()
CRITICAL - 2022-07-29 02:33:41 --> Session: Configured save path "C:\xampp\htdocs\ci4\writable\session" is not writable by the PHP process.
in SYSTEMPATH\Session\Handlers\FileHandler.php on line 102.
 1 SYSTEMPATH\Session\Handlers\FileHandler.php(102): CodeIgniter\Session\Exceptions\SessionException::forWriteProtectedSavePath('FCPATH\\writable\\session')
 2 [internal function]: CodeIgniter\Session\Handlers\FileHandler->open('FCPATH\\writable\\session', 'ci_session')
 3 SYSTEMPATH\Session\Session.php(896): session_start()
 4 SYSTEMPATH\Session\Session.php(240): CodeIgniter\Session\Session->startSession()
 5 SYSTEMPATH\Config\Services.php(613): CodeIgniter\Session\Session->start()
 6 SYSTEMPATH\Config\BaseService.php(251): CodeIgniter\Config\Services::session(Object(Config\App), false)
 7 SYSTEMPATH\Config\BaseService.php(192): CodeIgniter\Config\BaseService::__callStatic('session', [...])
 8 SYSTEMPATH\Config\Services.php(585): CodeIgniter\Config\BaseService::getSharedInstance('session', null)
 9 SYSTEMPATH\Config\BaseService.php(251): CodeIgniter\Config\Services::session()
10 APPPATH\Views\pages\contact.php(1): CodeIgniter\Config\BaseService::__callStatic('session', [])
11 SYSTEMPATH\View\View.php(213): include('APPPATH\\Views\\pages\\contact.php')
12 SYSTEMPATH\View\View.php(216): CodeIgniter\View\View->CodeIgniter\View\{closure}()
13 SYSTEMPATH\Common.php(1135): CodeIgniter\View\View->render('pages/contact', [], true)
14 APPPATH\Controllers\Pages.php(142): view('pages/contact')
15 SYSTEMPATH\CodeIgniter.php(896): App\Controllers\Pages->contact()
16 SYSTEMPATH\CodeIgniter.php(466): CodeIgniter\CodeIgniter->runController(Object(App\Controllers\Pages))
17 SYSTEMPATH\CodeIgniter.php(349): CodeIgniter\CodeIgniter->handleRequest(null, Object(Config\Cache), false)
18 FCPATH\index.php(55): CodeIgniter\CodeIgniter->run()
CRITICAL - 2022-07-29 02:37:20 --> syntax error, unexpected token "else", expecting end of file
in APPPATH\Views\pages\contact.php on line 23.
 1 SYSTEMPATH\View\View.php(216): CodeIgniter\View\View->CodeIgniter\View\{closure}()
 2 SYSTEMPATH\Common.php(1135): CodeIgniter\View\View->render('pages/contact', [], true)
 3 APPPATH\Controllers\Pages.php(142): view('pages/contact')
 4 SYSTEMPATH\CodeIgniter.php(896): App\Controllers\Pages->contact()
 5 SYSTEMPATH\CodeIgniter.php(466): CodeIgniter\CodeIgniter->runController(Object(App\Controllers\Pages))
 6 SYSTEMPATH\CodeIgniter.php(349): CodeIgniter\CodeIgniter->handleRequest(null, Object(Config\Cache), false)
 7 FCPATH\index.php(55): CodeIgniter\CodeIgniter->run()
CRITICAL - 2022-07-29 02:42:47 --> Undefined variable $title
in APPPATH\Views\layouts\header.php on line 12.
 1 APPPATH\Views\layouts\header.php(12): CodeIgniter\Debug\Exceptions->errorHandler(2, 'Undefined variable $title', 'APPPATH\\Views\\layouts\\header.php', 12)
 2 SYSTEMPATH\View\View.php(213): include('APPPATH\\Views\\layouts\\header.php')
 3 SYSTEMPATH\View\View.php(216): CodeIgniter\View\View->CodeIgniter\View\{closure}()
 4 SYSTEMPATH\Common.php(1135): CodeIgniter\View\View->render('layouts/header', [], true)
 5 APPPATH\Controllers\Pages.php(143): view('layouts/header', [...])
 6 SYSTEMPATH\CodeIgniter.php(896): App\Controllers\Pages->contact()
 7 SYSTEMPATH\CodeIgniter.php(466): CodeIgniter\CodeIgniter->runController(Object(App\Controllers\Pages))
 8 SYSTEMPATH\CodeIgniter.php(349): CodeIgniter\CodeIgniter->handleRequest(null, Object(Config\Cache), false)
 9 FCPATH\index.php(55): CodeIgniter\CodeIgniter->run()
CRITICAL - 2022-07-29 02:47:35 --> Array callback has to contain indices 0 and 1
in APPPATH\Controllers\Pages.php on line 129.
 1 SYSTEMPATH\CodeIgniter.php(896): App\Controllers\Pages->contact()
 2 SYSTEMPATH\CodeIgniter.php(466): CodeIgniter\CodeIgniter->runController(Object(App\Controllers\Pages))
 3 SYSTEMPATH\CodeIgniter.php(349): CodeIgniter\CodeIgniter->handleRequest(null, Object(Config\Cache), false)
 4 FCPATH\index.php(55): CodeIgniter\CodeIgniter->run()
CRITICAL - 2022-07-29 02:47:53 --> Array callback has to contain indices 0 and 1
in APPPATH\Controllers\Pages.php on line 129.
 1 SYSTEMPATH\CodeIgniter.php(896): App\Controllers\Pages->contact()
 2 SYSTEMPATH\CodeIgniter.php(466): CodeIgniter\CodeIgniter->runController(Object(App\Controllers\Pages))
 3 SYSTEMPATH\CodeIgniter.php(349): CodeIgniter\CodeIgniter->handleRequest(null, Object(Config\Cache), false)
 4 FCPATH\index.php(55): CodeIgniter\CodeIgniter->run()
CRITICAL - 2022-07-29 02:48:06 --> Array callback has to contain indices 0 and 1
in APPPATH\Controllers\Pages.php on line 129.
 1 SYSTEMPATH\CodeIgniter.php(896): App\Controllers\Pages->contact()
 2 SYSTEMPATH\CodeIgniter.php(466): CodeIgniter\CodeIgniter->runController(Object(App\Controllers\Pages))
 3 SYSTEMPATH\CodeIgniter.php(349): CodeIgniter\CodeIgniter->handleRequest(null, Object(Config\Cache), false)
 4 FCPATH\index.php(55): CodeIgniter\CodeIgniter->run()
CRITICAL - 2022-07-29 02:48:29 --> Array callback has to contain indices 0 and 1
in APPPATH\Controllers\Pages.php on line 129.
 1 SYSTEMPATH\CodeIgniter.php(896): App\Controllers\Pages->contact()
 2 SYSTEMPATH\CodeIgniter.php(466): CodeIgniter\CodeIgniter->runController(Object(App\Controllers\Pages))
 3 SYSTEMPATH\CodeIgniter.php(349): CodeIgniter\CodeIgniter->handleRequest(null, Object(Config\Cache), false)
 4 FCPATH\index.php(55): CodeIgniter\CodeIgniter->run()
CRITICAL - 2022-07-29 02:49:03 --> Array callback has to contain indices 0 and 1
in APPPATH\Controllers\Pages.php on line 129.
 1 SYSTEMPATH\CodeIgniter.php(896): App\Controllers\Pages->contact()
 2 SYSTEMPATH\CodeIgniter.php(466): CodeIgniter\CodeIgniter->runController(Object(App\Controllers\Pages))
 3 SYSTEMPATH\CodeIgniter.php(349): CodeIgniter\CodeIgniter->handleRequest(null, Object(Config\Cache), false)
 4 FCPATH\index.php(55): CodeIgniter\CodeIgniter->run()
CRITICAL - 2022-07-29 02:49:18 --> Undefined variable $success
in APPPATH\Controllers\Pages.php on line 129.
 1 APPPATH\Controllers\Pages.php(129): CodeIgniter\Debug\Exceptions->errorHandler(2, 'Undefined variable $success', 'APPPATH\\Controllers\\Pages.php', 129)
 2 SYSTEMPATH\CodeIgniter.php(896): App\Controllers\Pages->contact()
 3 SYSTEMPATH\CodeIgniter.php(466): CodeIgniter\CodeIgniter->runController(Object(App\Controllers\Pages))
 4 SYSTEMPATH\CodeIgniter.php(349): CodeIgniter\CodeIgniter->handleRequest(null, Object(Config\Cache), false)
 5 FCPATH\index.php(55): CodeIgniter\CodeIgniter->run()
CRITICAL - 2022-07-29 02:50:44 --> Undefined variable $success
in APPPATH\Views\pages\contact.php on line 22.
 1 APPPATH\Views\pages\contact.php(22): CodeIgniter\Debug\Exceptions->errorHandler(2, 'Undefined variable $success', 'APPPATH\\Views\\pages\\contact.php', 22)
 2 SYSTEMPATH\View\View.php(213): include('APPPATH\\Views\\pages\\contact.php')
 3 SYSTEMPATH\View\View.php(216): CodeIgniter\View\View->CodeIgniter\View\{closure}()
 4 SYSTEMPATH\Common.php(1135): CodeIgniter\View\View->render('pages/contact', [], true)
 5 APPPATH\Controllers\Pages.php(143): view('pages/contact')
 6 SYSTEMPATH\CodeIgniter.php(896): App\Controllers\Pages->contact()
 7 SYSTEMPATH\CodeIgniter.php(466): CodeIgniter\CodeIgniter->runController(Object(App\Controllers\Pages))
 8 SYSTEMPATH\CodeIgniter.php(349): CodeIgniter\CodeIgniter->handleRequest(null, Object(Config\Cache), false)
 9 FCPATH\index.php(55): CodeIgniter\CodeIgniter->run()
CRITICAL - 2022-07-29 02:55:20 --> syntax error, unexpected token "<"
in APPPATH\Views\pages\contact.php on line 26.
 1 SYSTEMPATH\View\View.php(216): CodeIgniter\View\View->CodeIgniter\View\{closure}()
 2 SYSTEMPATH\Common.php(1135): CodeIgniter\View\View->render('pages/contact', [], true)
 3 APPPATH\Controllers\Pages.php(143): view('pages/contact')
 4 SYSTEMPATH\CodeIgniter.php(896): App\Controllers\Pages->contact()
 5 SYSTEMPATH\CodeIgniter.php(466): CodeIgniter\CodeIgniter->runController(Object(App\Controllers\Pages))
 6 SYSTEMPATH\CodeIgniter.php(349): CodeIgniter\CodeIgniter->handleRequest(null, Object(Config\Cache), false)
 7 FCPATH\index.php(55): CodeIgniter\CodeIgniter->run()
CRITICAL - 2022-07-29 02:57:48 --> Undefined variable $validation
in APPPATH\Views\pages\contact.php on line 21.
 1 APPPATH\Views\pages\contact.php(21): CodeIgniter\Debug\Exceptions->errorHandler(2, 'Undefined variable $validation', 'APPPATH\\Views\\pages\\contact.php', 21)
 2 SYSTEMPATH\View\View.php(213): include('APPPATH\\Views\\pages\\contact.php')
 3 SYSTEMPATH\View\View.php(216): CodeIgniter\View\View->CodeIgniter\View\{closure}()
 4 SYSTEMPATH\Common.php(1135): CodeIgniter\View\View->render('pages/contact', [], true)
 5 APPPATH\Controllers\Pages.php(143): view('pages/contact')
 6 SYSTEMPATH\CodeIgniter.php(896): App\Controllers\Pages->contact()
 7 SYSTEMPATH\CodeIgniter.php(466): CodeIgniter\CodeIgniter->runController(Object(App\Controllers\Pages))
 8 SYSTEMPATH\CodeIgniter.php(349): CodeIgniter\CodeIgniter->handleRequest(null, Object(Config\Cache), false)
 9 FCPATH\index.php(55): CodeIgniter\CodeIgniter->run()
CRITICAL - 2022-07-29 02:59:43 --> syntax error, unexpected token "<", expecting end of file
in APPPATH\Views\pages\contact.php on line 34.
 1 SYSTEMPATH\View\View.php(216): CodeIgniter\View\View->CodeIgniter\View\{closure}()
 2 SYSTEMPATH\Common.php(1135): CodeIgniter\View\View->render('pages/contact', [], true)
 3 APPPATH\Controllers\Pages.php(143): view('pages/contact')
 4 SYSTEMPATH\CodeIgniter.php(896): App\Controllers\Pages->contact()
 5 SYSTEMPATH\CodeIgniter.php(466): CodeIgniter\CodeIgniter->runController(Object(App\Controllers\Pages))
 6 SYSTEMPATH\CodeIgniter.php(349): CodeIgniter\CodeIgniter->handleRequest(null, Object(Config\Cache), false)
 7 FCPATH\index.php(55): CodeIgniter\CodeIgniter->run()
ERROR - 2022-07-29 05:04:26 --> Unknown column 'phone_number' in 'field list'
CRITICAL - 2022-07-29 05:04:26 --> Unknown column 'phone_number' in 'field list'
in SYSTEMPATH\Database\MySQLi\Connection.php on line 292.
 1 SYSTEMPATH\Database\MySQLi\Connection.php(292): mysqli->query('INSERT INTO `users` (`user_name`, `phone_number`, `email`, `password`) VALUES (\'Siddharth\', \'8530900452\', \'gorsiddharth@gmail.com\', \'123123123123\')', 0)
 2 SYSTEMPATH\Database\BaseConnection.php(695): CodeIgniter\Database\MySQLi\Connection->execute('INSERT INTO `users` (`user_name`, `phone_number`, `email`, `password`) VALUES (\'Siddharth\', \'8530900452\', \'gorsiddharth@gmail.com\', \'123123123123\')')
 3 SYSTEMPATH\Database\BaseConnection.php(609): CodeIgniter\Database\BaseConnection->simpleQuery('INSERT INTO `users` (`user_name`, `phone_number`, `email`, `password`) VALUES (\'Siddharth\', \'8530900452\', \'gorsiddharth@gmail.com\', \'123123123123\')')
 4 SYSTEMPATH\Database\BaseBuilder.php(1904): CodeIgniter\Database\BaseConnection->query('INSERT INTO `users` (`user_name`, `phone_number`, `email`, `password`) VALUES (:user_name:, :phone_number:, :email:, :password:)', [...], false)
 5 APPPATH\Models\SignupModel.php(17): CodeIgniter\Database\BaseBuilder->insert([...])
 6 APPPATH\Controllers\Pages.php(78): App\Models\SignupModel->saveData([...])
 7 SYSTEMPATH\CodeIgniter.php(896): App\Controllers\Pages->signup()
 8 SYSTEMPATH\CodeIgniter.php(466): CodeIgniter\CodeIgniter->runController(Object(App\Controllers\Pages))
 9 SYSTEMPATH\CodeIgniter.php(349): CodeIgniter\CodeIgniter->handleRequest(null, Object(Config\Cache), false)
10 FCPATH\index.php(55): CodeIgniter\CodeIgniter->run()
ERROR - 2022-07-29 05:05:01 --> Column 'phone_no' cannot be null
CRITICAL - 2022-07-29 05:05:01 --> Column 'phone_no' cannot be null
in SYSTEMPATH\Database\MySQLi\Connection.php on line 292.
 1 SYSTEMPATH\Database\MySQLi\Connection.php(292): mysqli->query('INSERT INTO `users` (`user_name`, `phone_no`, `email`, `password`) VALUES (\'Siddharth\', NULL, \'gorsiddharth@gmail.com\', \'123123123123\')', 0)
 2 SYSTEMPATH\Database\BaseConnection.php(695): CodeIgniter\Database\MySQLi\Connection->execute('INSERT INTO `users` (`user_name`, `phone_no`, `email`, `password`) VALUES (\'Siddharth\', NULL, \'gorsiddharth@gmail.com\', \'123123123123\')')
 3 SYSTEMPATH\Database\BaseConnection.php(609): CodeIgniter\Database\BaseConnection->simpleQuery('INSERT INTO `users` (`user_name`, `phone_no`, `email`, `password`) VALUES (\'Siddharth\', NULL, \'gorsiddharth@gmail.com\', \'123123123123\')')
 4 SYSTEMPATH\Database\BaseBuilder.php(1904): CodeIgniter\Database\BaseConnection->query('INSERT INTO `users` (`user_name`, `phone_no`, `email`, `password`) VALUES (:user_name:, :phone_no:, :email:, :password:)', [...], false)
 5 APPPATH\Models\SignupModel.php(17): CodeIgniter\Database\BaseBuilder->insert([...])
 6 APPPATH\Controllers\Pages.php(78): App\Models\SignupModel->saveData([...])
 7 SYSTEMPATH\CodeIgniter.php(896): App\Controllers\Pages->signup()
 8 SYSTEMPATH\CodeIgniter.php(466): CodeIgniter\CodeIgniter->runController(Object(App\Controllers\Pages))
 9 SYSTEMPATH\CodeIgniter.php(349): CodeIgniter\CodeIgniter->handleRequest(null, Object(Config\Cache), false)
10 FCPATH\index.php(55): CodeIgniter\CodeIgniter->run()
ERROR - 2022-07-29 05:05:46 --> Column 'phone_no' cannot be null
CRITICAL - 2022-07-29 05:05:46 --> Column 'phone_no' cannot be null
in SYSTEMPATH\Database\MySQLi\Connection.php on line 292.
 1 SYSTEMPATH\Database\MySQLi\Connection.php(292): mysqli->query('INSERT INTO `users` (`user_name`, `phone_no`, `email`, `password`) VALUES (\'Siddharth\', NULL, \'gorsiddharth@gmail.com\', \'123123123123\')', 0)
 2 SYSTEMPATH\Database\BaseConnection.php(695): CodeIgniter\Database\MySQLi\Connection->execute('INSERT INTO `users` (`user_name`, `phone_no`, `email`, `password`) VALUES (\'Siddharth\', NULL, \'gorsiddharth@gmail.com\', \'123123123123\')')
 3 SYSTEMPATH\Database\BaseConnection.php(609): CodeIgniter\Database\BaseConnection->simpleQuery('INSERT INTO `users` (`user_name`, `phone_no`, `email`, `password`) VALUES (\'Siddharth\', NULL, \'gorsiddharth@gmail.com\', \'123123123123\')')
 4 SYSTEMPATH\Database\BaseBuilder.php(1904): CodeIgniter\Database\BaseConnection->query('INSERT INTO `users` (`user_name`, `phone_no`, `email`, `password`) VALUES (:user_name:, :phone_no:, :email:, :password:)', [...], false)
 5 APPPATH\Models\SignupModel.php(17): CodeIgniter\Database\BaseBuilder->insert([...])
 6 APPPATH\Controllers\Pages.php(78): App\Models\SignupModel->saveData([...])
 7 SYSTEMPATH\CodeIgniter.php(896): App\Controllers\Pages->signup()
 8 SYSTEMPATH\CodeIgniter.php(466): CodeIgniter\CodeIgniter->runController(Object(App\Controllers\Pages))
 9 SYSTEMPATH\CodeIgniter.php(349): CodeIgniter\CodeIgniter->handleRequest(null, Object(Config\Cache), false)
10 FCPATH\index.php(55): CodeIgniter\CodeIgniter->run()
ERROR - 2022-07-29 05:05:50 --> Column 'phone_no' cannot be null
CRITICAL - 2022-07-29 05:05:50 --> Column 'phone_no' cannot be null
in SYSTEMPATH\Database\MySQLi\Connection.php on line 292.
 1 SYSTEMPATH\Database\MySQLi\Connection.php(292): mysqli->query('INSERT INTO `users` (`user_name`, `phone_no`, `email`, `password`) VALUES (\'Siddharth\', NULL, \'gorsiddharth@gmail.com\', \'123123123123\')', 0)
 2 SYSTEMPATH\Database\BaseConnection.php(695): CodeIgniter\Database\MySQLi\Connection->execute('INSERT INTO `users` (`user_name`, `phone_no`, `email`, `password`) VALUES (\'Siddharth\', NULL, \'gorsiddharth@gmail.com\', \'123123123123\')')
 3 SYSTEMPATH\Database\BaseConnection.php(609): CodeIgniter\Database\BaseConnection->simpleQuery('INSERT INTO `users` (`user_name`, `phone_no`, `email`, `password`) VALUES (\'Siddharth\', NULL, \'gorsiddharth@gmail.com\', \'123123123123\')')
 4 SYSTEMPATH\Database\BaseBuilder.php(1904): CodeIgniter\Database\BaseConnection->query('INSERT INTO `users` (`user_name`, `phone_no`, `email`, `password`) VALUES (:user_name:, :phone_no:, :email:, :password:)', [...], false)
 5 APPPATH\Models\SignupModel.php(17): CodeIgniter\Database\BaseBuilder->insert([...])
 6 APPPATH\Controllers\Pages.php(78): App\Models\SignupModel->saveData([...])
 7 SYSTEMPATH\CodeIgniter.php(896): App\Controllers\Pages->signup()
 8 SYSTEMPATH\CodeIgniter.php(466): CodeIgniter\CodeIgniter->runController(Object(App\Controllers\Pages))
 9 SYSTEMPATH\CodeIgniter.php(349): CodeIgniter\CodeIgniter->handleRequest(null, Object(Config\Cache), false)
10 FCPATH\index.php(55): CodeIgniter\CodeIgniter->run()
CRITICAL - 2022-07-29 05:36:23 --> unique_email is not a valid rule.
in SYSTEMPATH\Validation\Validation.php on line 314.
 1 SYSTEMPATH\Validation\Validation.php(314): CodeIgniter\Validation\Exceptions\ValidationException::forRuleNotFound('unique_email')
 2 SYSTEMPATH\Validation\Validation.php(173): CodeIgniter\Validation\Validation->processRules('email', 'email', 'gorsiddharth@gmail.com', [...], [...])
 3 SYSTEMPATH\Controller.php(140): CodeIgniter\Validation\Validation->run()
 4 APPPATH\Controllers\Pages.php(69): CodeIgniter\Controller->validate([...])
 5 SYSTEMPATH\CodeIgniter.php(896): App\Controllers\Pages->signup()
 6 SYSTEMPATH\CodeIgniter.php(466): CodeIgniter\CodeIgniter->runController(Object(App\Controllers\Pages))
 7 SYSTEMPATH\CodeIgniter.php(349): CodeIgniter\CodeIgniter->handleRequest(null, Object(Config\Cache), false)
 8 FCPATH\index.php(55): CodeIgniter\CodeIgniter->run()
ERROR - 2022-07-29 05:44:26 --> Table 'blog_site.userstable' doesn't exist
CRITICAL - 2022-07-29 05:44:26 --> Table 'blog_site.userstable' doesn't exist
in SYSTEMPATH\Database\MySQLi\Connection.php on line 292.
 1 SYSTEMPATH\Database\MySQLi\Connection.php(292): mysqli->query('SELECT 1
FROM `usersTable`
WHERE `phone_numberColumn` = \'8530900452\'
 LIMIT 1', 0)
 2 SYSTEMPATH\Database\BaseConnection.php(695): CodeIgniter\Database\MySQLi\Connection->execute('SELECT 1
FROM `usersTable`
WHERE `phone_numberColumn` = \'8530900452\'
 LIMIT 1')
 3 SYSTEMPATH\Database\BaseConnection.php(609): CodeIgniter\Database\BaseConnection->simpleQuery('SELECT 1
FROM `usersTable`
WHERE `phone_numberColumn` = \'8530900452\'
 LIMIT 1')
 4 SYSTEMPATH\Database\BaseBuilder.php(1585): CodeIgniter\Database\BaseConnection->query('SELECT 1
FROM `usersTable`
WHERE `phone_numberColumn` = :phone_numberColumn:
 LIMIT 1', [...], false)
 5 SYSTEMPATH\Validation\Rules.php(142): CodeIgniter\Database\BaseBuilder->get()
 6 SYSTEMPATH\Validation\Validation.php(306): CodeIgniter\Validation\Rules->is_unique('8530900452', 'phone_numberColumn', [...], null)
 7 SYSTEMPATH\Validation\Validation.php(173): CodeIgniter\Validation\Validation->processRules('phone_number', 'phone_number', '8530900452', [...], [...])
 8 SYSTEMPATH\Controller.php(140): CodeIgniter\Validation\Validation->run()
 9 APPPATH\Controllers\Pages.php(69): CodeIgniter\Controller->validate([...])
10 SYSTEMPATH\CodeIgniter.php(896): App\Controllers\Pages->signup()
11 SYSTEMPATH\CodeIgniter.php(466): CodeIgniter\CodeIgniter->runController(Object(App\Controllers\Pages))
12 SYSTEMPATH\CodeIgniter.php(349): CodeIgniter\CodeIgniter->handleRequest(null, Object(Config\Cache), false)
13 FCPATH\index.php(55): CodeIgniter\CodeIgniter->run()
CRITICAL - 2022-07-29 05:45:29 --> unique_email is not a valid rule.
in SYSTEMPATH\Validation\Validation.php on line 314.
 1 SYSTEMPATH\Validation\Validation.php(314): CodeIgniter\Validation\Exceptions\ValidationException::forRuleNotFound('unique_email')
 2 SYSTEMPATH\Validation\Validation.php(173): CodeIgniter\Validation\Validation->processRules('email', 'email', 'gorsiddharth@gmail.com', [...], [...])
 3 SYSTEMPATH\Controller.php(140): CodeIgniter\Validation\Validation->run()
 4 APPPATH\Controllers\Pages.php(69): CodeIgniter\Controller->validate([...])
 5 SYSTEMPATH\CodeIgniter.php(896): App\Controllers\Pages->signup()
 6 SYSTEMPATH\CodeIgniter.php(466): CodeIgniter\CodeIgniter->runController(Object(App\Controllers\Pages))
 7 SYSTEMPATH\CodeIgniter.php(349): CodeIgniter\CodeIgniter->handleRequest(null, Object(Config\Cache), false)
 8 FCPATH\index.php(55): CodeIgniter\CodeIgniter->run()
CRITICAL - 2022-07-29 05:57:16 --> Undefined property: App\Controllers\Pages::$validation
in APPPATH\Controllers\Pages.php on line 73.
 1 APPPATH\Controllers\Pages.php(73): CodeIgniter\Debug\Exceptions->errorHandler(2, 'Undefined property: App\\Controllers\\Pages::$validation', 'APPPATH\\Controllers\\Pages.php', 73)
 2 SYSTEMPATH\CodeIgniter.php(896): App\Controllers\Pages->signup()
 3 SYSTEMPATH\CodeIgniter.php(466): CodeIgniter\CodeIgniter->runController(Object(App\Controllers\Pages))
 4 SYSTEMPATH\CodeIgniter.php(349): CodeIgniter\CodeIgniter->handleRequest(null, Object(Config\Cache), false)
 5 FCPATH\index.php(55): CodeIgniter\CodeIgniter->run()
CRITICAL - 2022-07-29 07:31:23 --> Session: Configured save path "C:\xampp\htdocs\ci4\writable\session" is not writable by the PHP process.
in SYSTEMPATH\Session\Handlers\FileHandler.php on line 102.
 1 SYSTEMPATH\Session\Handlers\FileHandler.php(102): CodeIgniter\Session\Exceptions\SessionException::forWriteProtectedSavePath('FCPATH\\writable\\session')
 2 [internal function]: CodeIgniter\Session\Handlers\FileHandler->open('FCPATH\\writable\\session', 'ci_session')
 3 SYSTEMPATH\Session\Session.php(896): session_start()
 4 SYSTEMPATH\Session\Session.php(240): CodeIgniter\Session\Session->startSession()
 5 SYSTEMPATH\Config\Services.php(613): CodeIgniter\Session\Session->start()
 6 SYSTEMPATH\Config\BaseService.php(251): CodeIgniter\Config\Services::session(Object(Config\App), false)
 7 SYSTEMPATH\Config\BaseService.php(192): CodeIgniter\Config\BaseService::__callStatic('session', [...])
 8 SYSTEMPATH\Config\Services.php(585): CodeIgniter\Config\BaseService::getSharedInstance('session', null)
 9 SYSTEMPATH\Config\BaseService.php(251): CodeIgniter\Config\Services::session()
10 SYSTEMPATH\Common.php(932): CodeIgniter\Config\BaseService::__callStatic('session', [])
11 APPPATH\Controllers\Pages.php(78): session()
12 SYSTEMPATH\CodeIgniter.php(896): App\Controllers\Pages->signup()
13 SYSTEMPATH\CodeIgniter.php(466): CodeIgniter\CodeIgniter->runController(Object(App\Controllers\Pages))
14 SYSTEMPATH\CodeIgniter.php(349): CodeIgniter\CodeIgniter->handleRequest(null, Object(Config\Cache), false)
15 FCPATH\index.php(55): CodeIgniter\CodeIgniter->run()
CRITICAL - 2022-07-29 07:47:56 --> Session: Configured save path "C:\xampp\htdocs\ci4\writable\session" is not writable by the PHP process.
in SYSTEMPATH\Session\Handlers\FileHandler.php on line 102.
 1 SYSTEMPATH\Session\Handlers\FileHandler.php(102): CodeIgniter\Session\Exceptions\SessionException::forWriteProtectedSavePath('FCPATH\\writable\\session')
 2 [internal function]: CodeIgniter\Session\Handlers\FileHandler->open('FCPATH\\writable\\session', 'ci_session')
 3 SYSTEMPATH\Session\Session.php(896): session_start()
 4 SYSTEMPATH\Session\Session.php(240): CodeIgniter\Session\Session->startSession()
 5 SYSTEMPATH\Config\Services.php(613): CodeIgniter\Session\Session->start()
 6 SYSTEMPATH\Config\BaseService.php(251): CodeIgniter\Config\Services::session(Object(Config\App), false)
 7 SYSTEMPATH\Config\BaseService.php(192): CodeIgniter\Config\BaseService::__callStatic('session', [...])
 8 SYSTEMPATH\Config\Services.php(585): CodeIgniter\Config\BaseService::getSharedInstance('session', null)
 9 SYSTEMPATH\Config\BaseService.php(251): CodeIgniter\Config\Services::session()
10 APPPATH\Controllers\Pages.php(78): CodeIgniter\Config\BaseService::__callStatic('session', [])
11 SYSTEMPATH\CodeIgniter.php(896): App\Controllers\Pages->signup()
12 SYSTEMPATH\CodeIgniter.php(466): CodeIgniter\CodeIgniter->runController(Object(App\Controllers\Pages))
13 SYSTEMPATH\CodeIgniter.php(349): CodeIgniter\CodeIgniter->handleRequest(null, Object(Config\Cache), false)
14 FCPATH\index.php(55): CodeIgniter\CodeIgniter->run()
CRITICAL - 2022-07-29 07:54:40 --> Session: Configured save path "C:\xampp\htdocs\ci4\writable\session" is not writable by the PHP process.
in SYSTEMPATH\Session\Handlers\FileHandler.php on line 102.
 1 SYSTEMPATH\Session\Handlers\FileHandler.php(102): CodeIgniter\Session\Exceptions\SessionException::forWriteProtectedSavePath('FCPATH\\writable\\session')
 2 [internal function]: CodeIgniter\Session\Handlers\FileHandler->open('FCPATH\\writable\\session', 'ci_session')
 3 SYSTEMPATH\Session\Session.php(896): session_start()
 4 SYSTEMPATH\Session\Session.php(240): CodeIgniter\Session\Session->startSession()
 5 SYSTEMPATH\Config\Services.php(613): CodeIgniter\Session\Session->start()
 6 SYSTEMPATH\Config\BaseService.php(251): CodeIgniter\Config\Services::session(Object(Config\App), false)
 7 SYSTEMPATH\Config\BaseService.php(192): CodeIgniter\Config\BaseService::__callStatic('session', [...])
 8 SYSTEMPATH\Config\Services.php(585): CodeIgniter\Config\BaseService::getSharedInstance('session', null)
 9 SYSTEMPATH\Config\BaseService.php(251): CodeIgniter\Config\Services::session()
10 APPPATH\Controllers\Pages.php(78): CodeIgniter\Config\BaseService::__callStatic('session', [])
11 SYSTEMPATH\CodeIgniter.php(896): App\Controllers\Pages->signup()
12 SYSTEMPATH\CodeIgniter.php(466): CodeIgniter\CodeIgniter->runController(Object(App\Controllers\Pages))
13 SYSTEMPATH\CodeIgniter.php(349): CodeIgniter\CodeIgniter->handleRequest(null, Object(Config\Cache), false)
14 FCPATH\index.php(55): CodeIgniter\CodeIgniter->run()
CRITICAL - 2022-07-29 07:54:44 --> Session: Configured save path "C:\xampp\htdocs\ci4\writable\session" is not writable by the PHP process.
in SYSTEMPATH\Session\Handlers\FileHandler.php on line 102.
 1 SYSTEMPATH\Session\Handlers\FileHandler.php(102): CodeIgniter\Session\Exceptions\SessionException::forWriteProtectedSavePath('FCPATH\\writable\\session')
 2 [internal function]: CodeIgniter\Session\Handlers\FileHandler->open('FCPATH\\writable\\session', 'ci_session')
 3 SYSTEMPATH\Session\Session.php(896): session_start()
 4 SYSTEMPATH\Session\Session.php(240): CodeIgniter\Session\Session->startSession()
 5 SYSTEMPATH\Config\Services.php(613): CodeIgniter\Session\Session->start()
 6 SYSTEMPATH\Config\BaseService.php(251): CodeIgniter\Config\Services::session(Object(Config\App), false)
 7 SYSTEMPATH\Config\BaseService.php(192): CodeIgniter\Config\BaseService::__callStatic('session', [...])
 8 SYSTEMPATH\Config\Services.php(585): CodeIgniter\Config\BaseService::getSharedInstance('session', null)
 9 SYSTEMPATH\Config\BaseService.php(251): CodeIgniter\Config\Services::session()
10 APPPATH\Controllers\Pages.php(78): CodeIgniter\Config\BaseService::__callStatic('session', [])
11 SYSTEMPATH\CodeIgniter.php(896): App\Controllers\Pages->signup()
12 SYSTEMPATH\CodeIgniter.php(466): CodeIgniter\CodeIgniter->runController(Object(App\Controllers\Pages))
13 SYSTEMPATH\CodeIgniter.php(349): CodeIgniter\CodeIgniter->handleRequest(null, Object(Config\Cache), false)
14 FCPATH\index.php(55): CodeIgniter\CodeIgniter->run()
CRITICAL - 2022-07-29 07:55:23 --> Session: Configured save path "C:\xampp\htdocs\ci4\writable\session" is not writable by the PHP process.
in SYSTEMPATH\Session\Handlers\FileHandler.php on line 102.
 1 SYSTEMPATH\Session\Handlers\FileHandler.php(102): CodeIgniter\Session\Exceptions\SessionException::forWriteProtectedSavePath('FCPATH\\writable\\session')
 2 [internal function]: CodeIgniter\Session\Handlers\FileHandler->open('FCPATH\\writable\\session', 'ci_session')
 3 SYSTEMPATH\Session\Session.php(896): session_start()
 4 SYSTEMPATH\Session\Session.php(240): CodeIgniter\Session\Session->startSession()
 5 SYSTEMPATH\Config\Services.php(613): CodeIgniter\Session\Session->start()
 6 SYSTEMPATH\Config\BaseService.php(251): CodeIgniter\Config\Services::session(Object(Config\App), false)
 7 SYSTEMPATH\Config\BaseService.php(192): CodeIgniter\Config\BaseService::__callStatic('session', [...])
 8 SYSTEMPATH\Config\Services.php(585): CodeIgniter\Config\BaseService::getSharedInstance('session', null)
 9 SYSTEMPATH\Config\BaseService.php(251): CodeIgniter\Config\Services::session()
10 APPPATH\Controllers\Pages.php(78): CodeIgniter\Config\BaseService::__callStatic('session', [])
11 SYSTEMPATH\CodeIgniter.php(896): App\Controllers\Pages->signup()
12 SYSTEMPATH\CodeIgniter.php(466): CodeIgniter\CodeIgniter->runController(Object(App\Controllers\Pages))
13 SYSTEMPATH\CodeIgniter.php(349): CodeIgniter\CodeIgniter->handleRequest(null, Object(Config\Cache), false)
14 FCPATH\index.php(55): CodeIgniter\CodeIgniter->run()
CRITICAL - 2022-07-29 07:55:24 --> Session: Configured save path "C:\xampp\htdocs\ci4\writable\session" is not writable by the PHP process.
in SYSTEMPATH\Session\Handlers\FileHandler.php on line 102.
 1 SYSTEMPATH\Session\Handlers\FileHandler.php(102): CodeIgniter\Session\Exceptions\SessionException::forWriteProtectedSavePath('FCPATH\\writable\\session')
 2 [internal function]: CodeIgniter\Session\Handlers\FileHandler->open('FCPATH\\writable\\session', 'ci_session')
 3 SYSTEMPATH\Session\Session.php(896): session_start()
 4 SYSTEMPATH\Session\Session.php(240): CodeIgniter\Session\Session->startSession()
 5 SYSTEMPATH\Config\Services.php(613): CodeIgniter\Session\Session->start()
 6 SYSTEMPATH\Config\BaseService.php(251): CodeIgniter\Config\Services::session(Object(Config\App), false)
 7 SYSTEMPATH\Config\BaseService.php(192): CodeIgniter\Config\BaseService::__callStatic('session', [...])
 8 SYSTEMPATH\Config\Services.php(585): CodeIgniter\Config\BaseService::getSharedInstance('session', null)
 9 SYSTEMPATH\Config\BaseService.php(251): CodeIgniter\Config\Services::session()
10 APPPATH\Controllers\Pages.php(78): CodeIgniter\Config\BaseService::__callStatic('session', [])
11 SYSTEMPATH\CodeIgniter.php(896): App\Controllers\Pages->signup()
12 SYSTEMPATH\CodeIgniter.php(466): CodeIgniter\CodeIgniter->runController(Object(App\Controllers\Pages))
13 SYSTEMPATH\CodeIgniter.php(349): CodeIgniter\CodeIgniter->handleRequest(null, Object(Config\Cache), false)
14 FCPATH\index.php(55): CodeIgniter\CodeIgniter->run()
CRITICAL - 2022-07-29 07:55:25 --> Session: Configured save path "C:\xampp\htdocs\ci4\writable\session" is not writable by the PHP process.
in SYSTEMPATH\Session\Handlers\FileHandler.php on line 102.
 1 SYSTEMPATH\Session\Handlers\FileHandler.php(102): CodeIgniter\Session\Exceptions\SessionException::forWriteProtectedSavePath('FCPATH\\writable\\session')
 2 [internal function]: CodeIgniter\Session\Handlers\FileHandler->open('FCPATH\\writable\\session', 'ci_session')
 3 SYSTEMPATH\Session\Session.php(896): session_start()
 4 SYSTEMPATH\Session\Session.php(240): CodeIgniter\Session\Session->startSession()
 5 SYSTEMPATH\Config\Services.php(613): CodeIgniter\Session\Session->start()
 6 SYSTEMPATH\Config\BaseService.php(251): CodeIgniter\Config\Services::session(Object(Config\App), false)
 7 SYSTEMPATH\Config\BaseService.php(192): CodeIgniter\Config\BaseService::__callStatic('session', [...])
 8 SYSTEMPATH\Config\Services.php(585): CodeIgniter\Config\BaseService::getSharedInstance('session', null)
 9 SYSTEMPATH\Config\BaseService.php(251): CodeIgniter\Config\Services::session()
10 APPPATH\Controllers\Pages.php(78): CodeIgniter\Config\BaseService::__callStatic('session', [])
11 SYSTEMPATH\CodeIgniter.php(896): App\Controllers\Pages->signup()
12 SYSTEMPATH\CodeIgniter.php(466): CodeIgniter\CodeIgniter->runController(Object(App\Controllers\Pages))
13 SYSTEMPATH\CodeIgniter.php(349): CodeIgniter\CodeIgniter->handleRequest(null, Object(Config\Cache), false)
14 FCPATH\index.php(55): CodeIgniter\CodeIgniter->run()
CRITICAL - 2022-07-29 07:55:25 --> Session: Configured save path "C:\xampp\htdocs\ci4\writable\session" is not writable by the PHP process.
in SYSTEMPATH\Session\Handlers\FileHandler.php on line 102.
 1 SYSTEMPATH\Session\Handlers\FileHandler.php(102): CodeIgniter\Session\Exceptions\SessionException::forWriteProtectedSavePath('FCPATH\\writable\\session')
 2 [internal function]: CodeIgniter\Session\Handlers\FileHandler->open('FCPATH\\writable\\session', 'ci_session')
 3 SYSTEMPATH\Session\Session.php(896): session_start()
 4 SYSTEMPATH\Session\Session.php(240): CodeIgniter\Session\Session->startSession()
 5 SYSTEMPATH\Config\Services.php(613): CodeIgniter\Session\Session->start()
 6 SYSTEMPATH\Config\BaseService.php(251): CodeIgniter\Config\Services::session(Object(Config\App), false)
 7 SYSTEMPATH\Config\BaseService.php(192): CodeIgniter\Config\BaseService::__callStatic('session', [...])
 8 SYSTEMPATH\Config\Services.php(585): CodeIgniter\Config\BaseService::getSharedInstance('session', null)
 9 SYSTEMPATH\Config\BaseService.php(251): CodeIgniter\Config\Services::session()
10 APPPATH\Controllers\Pages.php(78): CodeIgniter\Config\BaseService::__callStatic('session', [])
11 SYSTEMPATH\CodeIgniter.php(896): App\Controllers\Pages->signup()
12 SYSTEMPATH\CodeIgniter.php(466): CodeIgniter\CodeIgniter->runController(Object(App\Controllers\Pages))
13 SYSTEMPATH\CodeIgniter.php(349): CodeIgniter\CodeIgniter->handleRequest(null, Object(Config\Cache), false)
14 FCPATH\index.php(55): CodeIgniter\CodeIgniter->run()
CRITICAL - 2022-07-29 07:55:25 --> Session: Configured save path "C:\xampp\htdocs\ci4\writable\session" is not writable by the PHP process.
in SYSTEMPATH\Session\Handlers\FileHandler.php on line 102.
 1 SYSTEMPATH\Session\Handlers\FileHandler.php(102): CodeIgniter\Session\Exceptions\SessionException::forWriteProtectedSavePath('FCPATH\\writable\\session')
 2 [internal function]: CodeIgniter\Session\Handlers\FileHandler->open('FCPATH\\writable\\session', 'ci_session')
 3 SYSTEMPATH\Session\Session.php(896): session_start()
 4 SYSTEMPATH\Session\Session.php(240): CodeIgniter\Session\Session->startSession()
 5 SYSTEMPATH\Config\Services.php(613): CodeIgniter\Session\Session->start()
 6 SYSTEMPATH\Config\BaseService.php(251): CodeIgniter\Config\Services::session(Object(Config\App), false)
 7 SYSTEMPATH\Config\BaseService.php(192): CodeIgniter\Config\BaseService::__callStatic('session', [...])
 8 SYSTEMPATH\Config\Services.php(585): CodeIgniter\Config\BaseService::getSharedInstance('session', null)
 9 SYSTEMPATH\Config\BaseService.php(251): CodeIgniter\Config\Services::session()
10 APPPATH\Controllers\Pages.php(78): CodeIgniter\Config\BaseService::__callStatic('session', [])
11 SYSTEMPATH\CodeIgniter.php(896): App\Controllers\Pages->signup()
12 SYSTEMPATH\CodeIgniter.php(466): CodeIgniter\CodeIgniter->runController(Object(App\Controllers\Pages))
13 SYSTEMPATH\CodeIgniter.php(349): CodeIgniter\CodeIgniter->handleRequest(null, Object(Config\Cache), false)
14 FCPATH\index.php(55): CodeIgniter\CodeIgniter->run()
CRITICAL - 2022-07-29 07:55:54 --> Session: Configured save path "C:\xampp\htdocs\ci4\writable\session" is not writable by the PHP process.
in SYSTEMPATH\Session\Handlers\FileHandler.php on line 102.
 1 SYSTEMPATH\Session\Handlers\FileHandler.php(102): CodeIgniter\Session\Exceptions\SessionException::forWriteProtectedSavePath('FCPATH\\writable\\session')
 2 [internal function]: CodeIgniter\Session\Handlers\FileHandler->open('FCPATH\\writable\\session', 'ci_session')
 3 SYSTEMPATH\Session\Session.php(896): session_start()
 4 SYSTEMPATH\Session\Session.php(240): CodeIgniter\Session\Session->startSession()
 5 SYSTEMPATH\Config\Services.php(613): CodeIgniter\Session\Session->start()
 6 SYSTEMPATH\Config\BaseService.php(251): CodeIgniter\Config\Services::session(Object(Config\App), false)
 7 SYSTEMPATH\Config\BaseService.php(192): CodeIgniter\Config\BaseService::__callStatic('session', [...])
 8 SYSTEMPATH\Config\Services.php(585): CodeIgniter\Config\BaseService::getSharedInstance('session', null)
 9 SYSTEMPATH\Config\BaseService.php(251): CodeIgniter\Config\Services::session()
10 APPPATH\Controllers\Pages.php(78): CodeIgniter\Config\BaseService::__callStatic('session', [])
11 SYSTEMPATH\CodeIgniter.php(896): App\Controllers\Pages->signup()
12 SYSTEMPATH\CodeIgniter.php(466): CodeIgniter\CodeIgniter->runController(Object(App\Controllers\Pages))
13 SYSTEMPATH\CodeIgniter.php(349): CodeIgniter\CodeIgniter->handleRequest(null, Object(Config\Cache), false)
14 FCPATH\index.php(55): CodeIgniter\CodeIgniter->run()
CRITICAL - 2022-07-29 07:55:56 --> Session: Configured save path "C:\xampp\htdocs\ci4\writable\session" is not writable by the PHP process.
in SYSTEMPATH\Session\Handlers\FileHandler.php on line 102.
 1 SYSTEMPATH\Session\Handlers\FileHandler.php(102): CodeIgniter\Session\Exceptions\SessionException::forWriteProtectedSavePath('FCPATH\\writable\\session')
 2 [internal function]: CodeIgniter\Session\Handlers\FileHandler->open('FCPATH\\writable\\session', 'ci_session')
 3 SYSTEMPATH\Session\Session.php(896): session_start()
 4 SYSTEMPATH\Session\Session.php(240): CodeIgniter\Session\Session->startSession()
 5 SYSTEMPATH\Config\Services.php(613): CodeIgniter\Session\Session->start()
 6 SYSTEMPATH\Config\BaseService.php(251): CodeIgniter\Config\Services::session(Object(Config\App), false)
 7 SYSTEMPATH\Config\BaseService.php(192): CodeIgniter\Config\BaseService::__callStatic('session', [...])
 8 SYSTEMPATH\Config\Services.php(585): CodeIgniter\Config\BaseService::getSharedInstance('session', null)
 9 SYSTEMPATH\Config\BaseService.php(251): CodeIgniter\Config\Services::session()
10 APPPATH\Controllers\Pages.php(78): CodeIgniter\Config\BaseService::__callStatic('session', [])
11 SYSTEMPATH\CodeIgniter.php(896): App\Controllers\Pages->signup()
12 SYSTEMPATH\CodeIgniter.php(466): CodeIgniter\CodeIgniter->runController(Object(App\Controllers\Pages))
13 SYSTEMPATH\CodeIgniter.php(349): CodeIgniter\CodeIgniter->handleRequest(null, Object(Config\Cache), false)
14 FCPATH\index.php(55): CodeIgniter\CodeIgniter->run()
CRITICAL - 2022-07-29 07:55:56 --> Session: Configured save path "C:\xampp\htdocs\ci4\writable\session" is not writable by the PHP process.
in SYSTEMPATH\Session\Handlers\FileHandler.php on line 102.
 1 SYSTEMPATH\Session\Handlers\FileHandler.php(102): CodeIgniter\Session\Exceptions\SessionException::forWriteProtectedSavePath('FCPATH\\writable\\session')
 2 [internal function]: CodeIgniter\Session\Handlers\FileHandler->open('FCPATH\\writable\\session', 'ci_session')
 3 SYSTEMPATH\Session\Session.php(896): session_start()
 4 SYSTEMPATH\Session\Session.php(240): CodeIgniter\Session\Session->startSession()
 5 SYSTEMPATH\Config\Services.php(613): CodeIgniter\Session\Session->start()
 6 SYSTEMPATH\Config\BaseService.php(251): CodeIgniter\Config\Services::session(Object(Config\App), false)
 7 SYSTEMPATH\Config\BaseService.php(192): CodeIgniter\Config\BaseService::__callStatic('session', [...])
 8 SYSTEMPATH\Config\Services.php(585): CodeIgniter\Config\BaseService::getSharedInstance('session', null)
 9 SYSTEMPATH\Config\BaseService.php(251): CodeIgniter\Config\Services::session()
10 APPPATH\Controllers\Pages.php(78): CodeIgniter\Config\BaseService::__callStatic('session', [])
11 SYSTEMPATH\CodeIgniter.php(896): App\Controllers\Pages->signup()
12 SYSTEMPATH\CodeIgniter.php(466): CodeIgniter\CodeIgniter->runController(Object(App\Controllers\Pages))
13 SYSTEMPATH\CodeIgniter.php(349): CodeIgniter\CodeIgniter->handleRequest(null, Object(Config\Cache), false)
14 FCPATH\index.php(55): CodeIgniter\CodeIgniter->run()
CRITICAL - 2022-07-29 07:55:56 --> Session: Configured save path "C:\xampp\htdocs\ci4\writable\session" is not writable by the PHP process.
in SYSTEMPATH\Session\Handlers\FileHandler.php on line 102.
 1 SYSTEMPATH\Session\Handlers\FileHandler.php(102): CodeIgniter\Session\Exceptions\SessionException::forWriteProtectedSavePath('FCPATH\\writable\\session')
 2 [internal function]: CodeIgniter\Session\Handlers\FileHandler->open('FCPATH\\writable\\session', 'ci_session')
 3 SYSTEMPATH\Session\Session.php(896): session_start()
 4 SYSTEMPATH\Session\Session.php(240): CodeIgniter\Session\Session->startSession()
 5 SYSTEMPATH\Config\Services.php(613): CodeIgniter\Session\Session->start()
 6 SYSTEMPATH\Config\BaseService.php(251): CodeIgniter\Config\Services::session(Object(Config\App), false)
 7 SYSTEMPATH\Config\BaseService.php(192): CodeIgniter\Config\BaseService::__callStatic('session', [...])
 8 SYSTEMPATH\Config\Services.php(585): CodeIgniter\Config\BaseService::getSharedInstance('session', null)
 9 SYSTEMPATH\Config\BaseService.php(251): CodeIgniter\Config\Services::session()
10 APPPATH\Controllers\Pages.php(78): CodeIgniter\Config\BaseService::__callStatic('session', [])
11 SYSTEMPATH\CodeIgniter.php(896): App\Controllers\Pages->signup()
12 SYSTEMPATH\CodeIgniter.php(466): CodeIgniter\CodeIgniter->runController(Object(App\Controllers\Pages))
13 SYSTEMPATH\CodeIgniter.php(349): CodeIgniter\CodeIgniter->handleRequest(null, Object(Config\Cache), false)
14 FCPATH\index.php(55): CodeIgniter\CodeIgniter->run()
CRITICAL - 2022-07-29 07:55:56 --> Session: Configured save path "C:\xampp\htdocs\ci4\writable\session" is not writable by the PHP process.
in SYSTEMPATH\Session\Handlers\FileHandler.php on line 102.
 1 SYSTEMPATH\Session\Handlers\FileHandler.php(102): CodeIgniter\Session\Exceptions\SessionException::forWriteProtectedSavePath('FCPATH\\writable\\session')
 2 [internal function]: CodeIgniter\Session\Handlers\FileHandler->open('FCPATH\\writable\\session', 'ci_session')
 3 SYSTEMPATH\Session\Session.php(896): session_start()
 4 SYSTEMPATH\Session\Session.php(240): CodeIgniter\Session\Session->startSession()
 5 SYSTEMPATH\Config\Services.php(613): CodeIgniter\Session\Session->start()
 6 SYSTEMPATH\Config\BaseService.php(251): CodeIgniter\Config\Services::session(Object(Config\App), false)
 7 SYSTEMPATH\Config\BaseService.php(192): CodeIgniter\Config\BaseService::__callStatic('session', [...])
 8 SYSTEMPATH\Config\Services.php(585): CodeIgniter\Config\BaseService::getSharedInstance('session', null)
 9 SYSTEMPATH\Config\BaseService.php(251): CodeIgniter\Config\Services::session()
10 APPPATH\Controllers\Pages.php(78): CodeIgniter\Config\BaseService::__callStatic('session', [])
11 SYSTEMPATH\CodeIgniter.php(896): App\Controllers\Pages->signup()
12 SYSTEMPATH\CodeIgniter.php(466): CodeIgniter\CodeIgniter->runController(Object(App\Controllers\Pages))
13 SYSTEMPATH\CodeIgniter.php(349): CodeIgniter\CodeIgniter->handleRequest(null, Object(Config\Cache), false)
14 FCPATH\index.php(55): CodeIgniter\CodeIgniter->run()
CRITICAL - 2022-07-29 07:55:56 --> Session: Configured save path "C:\xampp\htdocs\ci4\writable\session" is not writable by the PHP process.
in SYSTEMPATH\Session\Handlers\FileHandler.php on line 102.
 1 SYSTEMPATH\Session\Handlers\FileHandler.php(102): CodeIgniter\Session\Exceptions\SessionException::forWriteProtectedSavePath('FCPATH\\writable\\session')
 2 [internal function]: CodeIgniter\Session\Handlers\FileHandler->open('FCPATH\\writable\\session', 'ci_session')
 3 SYSTEMPATH\Session\Session.php(896): session_start()
 4 SYSTEMPATH\Session\Session.php(240): CodeIgniter\Session\Session->startSession()
 5 SYSTEMPATH\Config\Services.php(613): CodeIgniter\Session\Session->start()
 6 SYSTEMPATH\Config\BaseService.php(251): CodeIgniter\Config\Services::session(Object(Config\App), false)
 7 SYSTEMPATH\Config\BaseService.php(192): CodeIgniter\Config\BaseService::__callStatic('session', [...])
 8 SYSTEMPATH\Config\Services.php(585): CodeIgniter\Config\BaseService::getSharedInstance('session', null)
 9 SYSTEMPATH\Config\BaseService.php(251): CodeIgniter\Config\Services::session()
10 APPPATH\Controllers\Pages.php(78): CodeIgniter\Config\BaseService::__callStatic('session', [])
11 SYSTEMPATH\CodeIgniter.php(896): App\Controllers\Pages->signup()
12 SYSTEMPATH\CodeIgniter.php(466): CodeIgniter\CodeIgniter->runController(Object(App\Controllers\Pages))
13 SYSTEMPATH\CodeIgniter.php(349): CodeIgniter\CodeIgniter->handleRequest(null, Object(Config\Cache), false)
14 FCPATH\index.php(55): CodeIgniter\CodeIgniter->run()
CRITICAL - 2022-07-29 07:55:57 --> Session: Configured save path "C:\xampp\htdocs\ci4\writable\session" is not writable by the PHP process.
in SYSTEMPATH\Session\Handlers\FileHandler.php on line 102.
 1 SYSTEMPATH\Session\Handlers\FileHandler.php(102): CodeIgniter\Session\Exceptions\SessionException::forWriteProtectedSavePath('FCPATH\\writable\\session')
 2 [internal function]: CodeIgniter\Session\Handlers\FileHandler->open('FCPATH\\writable\\session', 'ci_session')
 3 SYSTEMPATH\Session\Session.php(896): session_start()
 4 SYSTEMPATH\Session\Session.php(240): CodeIgniter\Session\Session->startSession()
 5 SYSTEMPATH\Config\Services.php(613): CodeIgniter\Session\Session->start()
 6 SYSTEMPATH\Config\BaseService.php(251): CodeIgniter\Config\Services::session(Object(Config\App), false)
 7 SYSTEMPATH\Config\BaseService.php(192): CodeIgniter\Config\BaseService::__callStatic('session', [...])
 8 SYSTEMPATH\Config\Services.php(585): CodeIgniter\Config\BaseService::getSharedInstance('session', null)
 9 SYSTEMPATH\Config\BaseService.php(251): CodeIgniter\Config\Services::session()
10 APPPATH\Controllers\Pages.php(78): CodeIgniter\Config\BaseService::__callStatic('session', [])
11 SYSTEMPATH\CodeIgniter.php(896): App\Controllers\Pages->signup()
12 SYSTEMPATH\CodeIgniter.php(466): CodeIgniter\CodeIgniter->runController(Object(App\Controllers\Pages))
13 SYSTEMPATH\CodeIgniter.php(349): CodeIgniter\CodeIgniter->handleRequest(null, Object(Config\Cache), false)
14 FCPATH\index.php(55): CodeIgniter\CodeIgniter->run()
CRITICAL - 2022-07-29 07:55:57 --> Session: Configured save path "C:\xampp\htdocs\ci4\writable\session" is not writable by the PHP process.
in SYSTEMPATH\Session\Handlers\FileHandler.php on line 102.
 1 SYSTEMPATH\Session\Handlers\FileHandler.php(102): CodeIgniter\Session\Exceptions\SessionException::forWriteProtectedSavePath('FCPATH\\writable\\session')
 2 [internal function]: CodeIgniter\Session\Handlers\FileHandler->open('FCPATH\\writable\\session', 'ci_session')
 3 SYSTEMPATH\Session\Session.php(896): session_start()
 4 SYSTEMPATH\Session\Session.php(240): CodeIgniter\Session\Session->startSession()
 5 SYSTEMPATH\Config\Services.php(613): CodeIgniter\Session\Session->start()
 6 SYSTEMPATH\Config\BaseService.php(251): CodeIgniter\Config\Services::session(Object(Config\App), false)
 7 SYSTEMPATH\Config\BaseService.php(192): CodeIgniter\Config\BaseService::__callStatic('session', [...])
 8 SYSTEMPATH\Config\Services.php(585): CodeIgniter\Config\BaseService::getSharedInstance('session', null)
 9 SYSTEMPATH\Config\BaseService.php(251): CodeIgniter\Config\Services::session()
10 APPPATH\Controllers\Pages.php(78): CodeIgniter\Config\BaseService::__callStatic('session', [])
11 SYSTEMPATH\CodeIgniter.php(896): App\Controllers\Pages->signup()
12 SYSTEMPATH\CodeIgniter.php(466): CodeIgniter\CodeIgniter->runController(Object(App\Controllers\Pages))
13 SYSTEMPATH\CodeIgniter.php(349): CodeIgniter\CodeIgniter->handleRequest(null, Object(Config\Cache), false)
14 FCPATH\index.php(55): CodeIgniter\CodeIgniter->run()
CRITICAL - 2022-07-29 22:24:57 --> Session: Configured save path "C:\xampp\htdocs\ci4\writable\session" is not writable by the PHP process.
in SYSTEMPATH\Session\Handlers\FileHandler.php on line 102.
 1 SYSTEMPATH\Session\Handlers\FileHandler.php(102): CodeIgniter\Session\Exceptions\SessionException::forWriteProtectedSavePath('FCPATH\\writable\\session')
 2 [internal function]: CodeIgniter\Session\Handlers\FileHandler->open('FCPATH\\writable\\session', 'ci_session')
 3 SYSTEMPATH\Session\Session.php(896): session_start()
 4 SYSTEMPATH\Session\Session.php(240): CodeIgniter\Session\Session->startSession()
 5 SYSTEMPATH\Config\Services.php(613): CodeIgniter\Session\Session->start()
 6 SYSTEMPATH\Config\BaseService.php(251): CodeIgniter\Config\Services::session(Object(Config\App), false)
 7 SYSTEMPATH\Config\BaseService.php(192): CodeIgniter\Config\BaseService::__callStatic('session', [...])
 8 SYSTEMPATH\Config\Services.php(585): CodeIgniter\Config\BaseService::getSharedInstance('session', null)
 9 SYSTEMPATH\Config\BaseService.php(251): CodeIgniter\Config\Services::session()
10 APPPATH\Controllers\Pages.php(78): CodeIgniter\Config\BaseService::__callStatic('session', [])
11 SYSTEMPATH\CodeIgniter.php(896): App\Controllers\Pages->signup()
12 SYSTEMPATH\CodeIgniter.php(466): CodeIgniter\CodeIgniter->runController(Object(App\Controllers\Pages))
13 SYSTEMPATH\CodeIgniter.php(349): CodeIgniter\CodeIgniter->handleRequest(null, Object(Config\Cache), false)
14 FCPATH\index.php(55): CodeIgniter\CodeIgniter->run()
