CRITICAL - 2022-08-03 00:31:36 --> Undefined variable $blogs
in APPPATH\Views\layouts\index.php on line 14.
 1 APPPATH\Views\layouts\index.php(14): CodeIgniter\Debug\Exceptions->errorHandler(2, 'Undefined variable $blogs', 'APPPATH\\Views\\layouts\\index.php', 14)
 2 SYSTEMPATH\View\View.php(213): include('APPPATH\\Views\\layouts\\index.php')
 3 SYSTEMPATH\View\View.php(216): CodeIgniter\View\View->CodeIgniter\View\{closure}()
 4 SYSTEMPATH\Common.php(1135): CodeIgniter\View\View->render('layouts/index', [], true)
 5 APPPATH\Controllers\Home.php(13): view('layouts/index')
 6 SYSTEMPATH\CodeIgniter.php(896): App\Controllers\Home->index()
 7 SYSTEMPATH\CodeIgniter.php(466): CodeIgniter\CodeIgniter->runController(Object(App\Controllers\Home))
 8 SYSTEMPATH\CodeIgniter.php(349): CodeIgniter\CodeIgniter->handleRequest(null, Object(Config\Cache), false)
 9 FCPATH\index.php(55): CodeIgniter\CodeIgniter->run()
CRITICAL - 2022-08-03 00:32:06 --> Undefined variable $blogs
in APPPATH\Views\layouts\index.php on line 14.
 1 APPPATH\Views\layouts\index.php(14): CodeIgniter\Debug\Exceptions->errorHandler(2, 'Undefined variable $blogs', 'APPPATH\\Views\\layouts\\index.php', 14)
 2 SYSTEMPATH\View\View.php(213): include('APPPATH\\Views\\layouts\\index.php')
 3 SYSTEMPATH\View\View.php(216): CodeIgniter\View\View->CodeIgniter\View\{closure}()
 4 SYSTEMPATH\Common.php(1135): CodeIgniter\View\View->render('layouts/index', [], true)
 5 APPPATH\Controllers\Home.php(13): view('layouts/index')
 6 SYSTEMPATH\CodeIgniter.php(896): App\Controllers\Home->index()
 7 SYSTEMPATH\CodeIgniter.php(466): CodeIgniter\CodeIgniter->runController(Object(App\Controllers\Home))
 8 SYSTEMPATH\CodeIgniter.php(349): CodeIgniter\CodeIgniter->handleRequest(null, Object(Config\Cache), false)
 9 FCPATH\index.php(55): CodeIgniter\CodeIgniter->run()
CRITICAL - 2022-08-03 01:24:09 --> Undefined constant "App\Controllers\sports"
in APPPATH\Controllers\Home.php on line 12.
 1 SYSTEMPATH\CodeIgniter.php(896): App\Controllers\Home->index()
 2 SYSTEMPATH\CodeIgniter.php(466): CodeIgniter\CodeIgniter->runController(Object(App\Controllers\Home))
 3 SYSTEMPATH\CodeIgniter.php(349): CodeIgniter\CodeIgniter->handleRequest(null, Object(Config\Cache), false)
 4 FCPATH\index.php(55): CodeIgniter\CodeIgniter->run()
CRITICAL - 2022-08-03 01:24:32 --> syntax error, unexpected single-quoted string "sports", expecting ")"
in APPPATH\Controllers\Home.php on line 12.
 1 SYSTEMPATH\Autoloader\Autoloader.php(261): CodeIgniter\Autoloader\Autoloader->includeFile('APPPATH\\Controllers\\Home.php')
 2 SYSTEMPATH\Autoloader\Autoloader.php(239): CodeIgniter\Autoloader\Autoloader->loadInNamespace('App\\Controllers\\Home')
 3 [internal function]: CodeIgniter\Autoloader\Autoloader->loadClass('App\\Controllers\\Home')
 4 SYSTEMPATH\CodeIgniter.php(846): class_exists('\\App\\Controllers\\Home', true)
 5 SYSTEMPATH\CodeIgniter.php(453): CodeIgniter\CodeIgniter->startController()
 6 SYSTEMPATH\CodeIgniter.php(349): CodeIgniter\CodeIgniter->handleRequest(null, Object(Config\Cache), false)
 7 FCPATH\index.php(55): CodeIgniter\CodeIgniter->run()
CRITICAL - 2022-08-03 01:48:21 --> Invalid file: categories/all.php
in SYSTEMPATH\Exceptions\FrameworkException.php on line 33.
 1 SYSTEMPATH\View\View.php(201): CodeIgniter\Exceptions\FrameworkException::forInvalidFile('categories/all.php')
 2 SYSTEMPATH\Common.php(1135): CodeIgniter\View\View->render('categories/all', [], true)
 3 APPPATH\Controllers\Home.php(33): view('categories/all')
 4 SYSTEMPATH\CodeIgniter.php(896): App\Controllers\Home->sports()
 5 SYSTEMPATH\CodeIgniter.php(466): CodeIgniter\CodeIgniter->runController(Object(App\Controllers\Home))
 6 SYSTEMPATH\CodeIgniter.php(349): CodeIgniter\CodeIgniter->handleRequest(null, Object(Config\Cache), false)
 7 FCPATH\index.php(55): CodeIgniter\CodeIgniter->run()
CRITICAL - 2022-08-03 05:16:46 --> Unmatched '}'
in APPPATH\Views\layouts\index.php on line 27.
 1 SYSTEMPATH\View\View.php(216): CodeIgniter\View\View->CodeIgniter\View\{closure}()
 2 SYSTEMPATH\Common.php(1135): CodeIgniter\View\View->render('layouts/index', [], true)
 3 APPPATH\Controllers\Home.php(15): view('layouts/index')
 4 SYSTEMPATH\CodeIgniter.php(896): App\Controllers\Home->index()
 5 SYSTEMPATH\CodeIgniter.php(466): CodeIgniter\CodeIgniter->runController(Object(App\Controllers\Home))
 6 SYSTEMPATH\CodeIgniter.php(349): CodeIgniter\CodeIgniter->handleRequest(null, Object(Config\Cache), false)
 7 FCPATH\index.php(55): CodeIgniter\CodeIgniter->run()
CRITICAL - 2022-08-03 05:16:47 --> Unmatched '}'
in APPPATH\Views\layouts\index.php on line 27.
 1 SYSTEMPATH\View\View.php(216): CodeIgniter\View\View->CodeIgniter\View\{closure}()
 2 SYSTEMPATH\Common.php(1135): CodeIgniter\View\View->render('layouts/index', [], true)
 3 APPPATH\Controllers\Home.php(15): view('layouts/index')
 4 SYSTEMPATH\CodeIgniter.php(896): App\Controllers\Home->index()
 5 SYSTEMPATH\CodeIgniter.php(466): CodeIgniter\CodeIgniter->runController(Object(App\Controllers\Home))
 6 SYSTEMPATH\CodeIgniter.php(349): CodeIgniter\CodeIgniter->handleRequest(null, Object(Config\Cache), false)
 7 FCPATH\index.php(55): CodeIgniter\CodeIgniter->run()
CRITICAL - 2022-08-03 05:17:33 --> Undefined array key "blog_title"
in APPPATH\Views\categories\all.php on line 19.
 1 APPPATH\Views\categories\all.php(19): CodeIgniter\Debug\Exceptions->errorHandler(2, 'Undefined array key "blog_title"', 'APPPATH\\Views\\categories\\all.php', 19)
 2 SYSTEMPATH\View\View.php(213): include('APPPATH\\Views\\categories\\all.php')
 3 SYSTEMPATH\View\View.php(216): CodeIgniter\View\View->CodeIgniter\View\{closure}()
 4 SYSTEMPATH\Common.php(1135): CodeIgniter\View\View->render('categories/all', [], true)
 5 APPPATH\Controllers\Home.php(24): view('categories/all')
 6 SYSTEMPATH\CodeIgniter.php(896): App\Controllers\Home->politics()
 7 SYSTEMPATH\CodeIgniter.php(466): CodeIgniter\CodeIgniter->runController(Object(App\Controllers\Home))
 8 SYSTEMPATH\CodeIgniter.php(349): CodeIgniter\CodeIgniter->handleRequest(null, Object(Config\Cache), false)
 9 FCPATH\index.php(55): CodeIgniter\CodeIgniter->run()
CRITICAL - 2022-08-03 05:18:18 --> Undefined array key "categories"
in APPPATH\Views\categories\all.php on line 8.
 1 APPPATH\Views\categories\all.php(8): CodeIgniter\Debug\Exceptions->errorHandler(2, 'Undefined array key "categories"', 'APPPATH\\Views\\categories\\all.php', 8)
 2 SYSTEMPATH\View\View.php(213): include('APPPATH\\Views\\categories\\all.php')
 3 SYSTEMPATH\View\View.php(216): CodeIgniter\View\View->CodeIgniter\View\{closure}()
 4 SYSTEMPATH\Common.php(1135): CodeIgniter\View\View->render('categories/all', [], true)
 5 APPPATH\Controllers\Home.php(24): view('categories/all')
 6 SYSTEMPATH\CodeIgniter.php(896): App\Controllers\Home->politics()
 7 SYSTEMPATH\CodeIgniter.php(466): CodeIgniter\CodeIgniter->runController(Object(App\Controllers\Home))
 8 SYSTEMPATH\CodeIgniter.php(349): CodeIgniter\CodeIgniter->handleRequest(null, Object(Config\Cache), false)
 9 FCPATH\index.php(55): CodeIgniter\CodeIgniter->run()
CRITICAL - 2022-08-03 05:18:27 --> Undefined variable $data
in APPPATH\Views\categories\all.php on line 8.
 1 APPPATH\Views\categories\all.php(8): CodeIgniter\Debug\Exceptions->errorHandler(2, 'Undefined variable $data', 'APPPATH\\Views\\categories\\all.php', 8)
 2 SYSTEMPATH\View\View.php(213): include('APPPATH\\Views\\categories\\all.php')
 3 SYSTEMPATH\View\View.php(216): CodeIgniter\View\View->CodeIgniter\View\{closure}()
 4 SYSTEMPATH\Common.php(1135): CodeIgniter\View\View->render('categories/all', [], true)
 5 APPPATH\Controllers\Home.php(24): view('categories/all')
 6 SYSTEMPATH\CodeIgniter.php(896): App\Controllers\Home->politics()
 7 SYSTEMPATH\CodeIgniter.php(466): CodeIgniter\CodeIgniter->runController(Object(App\Controllers\Home))
 8 SYSTEMPATH\CodeIgniter.php(349): CodeIgniter\CodeIgniter->handleRequest(null, Object(Config\Cache), false)
 9 FCPATH\index.php(55): CodeIgniter\CodeIgniter->run()
CRITICAL - 2022-08-03 05:18:37 --> Undefined variable $categories
in APPPATH\Views\categories\all.php on line 8.
 1 APPPATH\Views\categories\all.php(8): CodeIgniter\Debug\Exceptions->errorHandler(2, 'Undefined variable $categories', 'APPPATH\\Views\\categories\\all.php', 8)
 2 SYSTEMPATH\View\View.php(213): include('APPPATH\\Views\\categories\\all.php')
 3 SYSTEMPATH\View\View.php(216): CodeIgniter\View\View->CodeIgniter\View\{closure}()
 4 SYSTEMPATH\Common.php(1135): CodeIgniter\View\View->render('categories/all', [], true)
 5 APPPATH\Controllers\Home.php(24): view('categories/all')
 6 SYSTEMPATH\CodeIgniter.php(896): App\Controllers\Home->politics()
 7 SYSTEMPATH\CodeIgniter.php(466): CodeIgniter\CodeIgniter->runController(Object(App\Controllers\Home))
 8 SYSTEMPATH\CodeIgniter.php(349): CodeIgniter\CodeIgniter->handleRequest(null, Object(Config\Cache), false)
 9 FCPATH\index.php(55): CodeIgniter\CodeIgniter->run()
