CRITICAL - 2022-07-25 00:00:48 --> syntax error, unexpected token ";", expecting ")"
in APPPATH\Controllers\Users.php on line 23.
 1 SYSTEMPATH\Autoloader\Autoloader.php(261): CodeIgniter\Autoloader\Autoloader->includeFile('APPPATH\\Controllers\\Users.php')
 2 SYSTEMPATH\Autoloader\Autoloader.php(239): CodeIgniter\Autoloader\Autoloader->loadInNamespace('App\\Controllers\\Users')
 3 [internal function]: CodeIgniter\Autoloader\Autoloader->loadClass('App\\Controllers\\Users')
 4 SYSTEMPATH\CodeIgniter.php(846): class_exists('\\App\\Controllers\\Users', true)
 5 SYSTEMPATH\CodeIgniter.php(453): CodeIgniter\CodeIgniter->startController()
 6 SYSTEMPATH\CodeIgniter.php(349): CodeIgniter\CodeIgniter->handleRequest(null, Object(Config\Cache), false)
 7 FCPATH\index.php(55): CodeIgniter\CodeIgniter->run()
CRITICAL - 2022-07-25 00:01:02 --> Class "Tests\Support\Models\UserModel" not found
in APPPATH\Controllers\Users.php on line 20.
 1 SYSTEMPATH\CodeIgniter.php(896): App\Controllers\Users->index()
 2 SYSTEMPATH\CodeIgniter.php(466): CodeIgniter\CodeIgniter->runController(Object(App\Controllers\Users))
 3 SYSTEMPATH\CodeIgniter.php(349): CodeIgniter\CodeIgniter->handleRequest(null, Object(Config\Cache), false)
 4 FCPATH\index.php(55): CodeIgniter\CodeIgniter->run()
CRITICAL - 2022-07-25 00:01:21 --> Class "Tests\Support\Models\UserModel" not found
in APPPATH\Controllers\Users.php on line 20.
 1 SYSTEMPATH\CodeIgniter.php(896): App\Controllers\Users->index()
 2 SYSTEMPATH\CodeIgniter.php(466): CodeIgniter\CodeIgniter->runController(Object(App\Controllers\Users))
 3 SYSTEMPATH\CodeIgniter.php(349): CodeIgniter\CodeIgniter->handleRequest(null, Object(Config\Cache), false)
 4 FCPATH\index.php(55): CodeIgniter\CodeIgniter->run()
CRITICAL - 2022-07-25 00:02:46 --> Class "App\Controllers\UserModel" not found
in APPPATH\Controllers\Users.php on line 20.
 1 SYSTEMPATH\CodeIgniter.php(896): App\Controllers\Users->index()
 2 SYSTEMPATH\CodeIgniter.php(466): CodeIgniter\CodeIgniter->runController(Object(App\Controllers\Users))
 3 SYSTEMPATH\CodeIgniter.php(349): CodeIgniter\CodeIgniter->handleRequest(null, Object(Config\Cache), false)
 4 FCPATH\index.php(55): CodeIgniter\CodeIgniter->run()
CRITICAL - 2022-07-25 00:02:48 --> Class "App\Controllers\UserModel" not found
in APPPATH\Controllers\Users.php on line 20.
 1 SYSTEMPATH\CodeIgniter.php(896): App\Controllers\Users->index()
 2 SYSTEMPATH\CodeIgniter.php(466): CodeIgniter\CodeIgniter->runController(Object(App\Controllers\Users))
 3 SYSTEMPATH\CodeIgniter.php(349): CodeIgniter\CodeIgniter->handleRequest(null, Object(Config\Cache), false)
 4 FCPATH\index.php(55): CodeIgniter\CodeIgniter->run()
CRITICAL - 2022-07-25 00:02:48 --> Class "App\Controllers\UserModel" not found
in APPPATH\Controllers\Users.php on line 20.
 1 SYSTEMPATH\CodeIgniter.php(896): App\Controllers\Users->index()
 2 SYSTEMPATH\CodeIgniter.php(466): CodeIgniter\CodeIgniter->runController(Object(App\Controllers\Users))
 3 SYSTEMPATH\CodeIgniter.php(349): CodeIgniter\CodeIgniter->handleRequest(null, Object(Config\Cache), false)
 4 FCPATH\index.php(55): CodeIgniter\CodeIgniter->run()
CRITICAL - 2022-07-25 00:02:48 --> Class "App\Controllers\UserModel" not found
in APPPATH\Controllers\Users.php on line 20.
 1 SYSTEMPATH\CodeIgniter.php(896): App\Controllers\Users->index()
 2 SYSTEMPATH\CodeIgniter.php(466): CodeIgniter\CodeIgniter->runController(Object(App\Controllers\Users))
 3 SYSTEMPATH\CodeIgniter.php(349): CodeIgniter\CodeIgniter->handleRequest(null, Object(Config\Cache), false)
 4 FCPATH\index.php(55): CodeIgniter\CodeIgniter->run()
CRITICAL - 2022-07-25 00:02:49 --> Class "App\Controllers\UserModel" not found
in APPPATH\Controllers\Users.php on line 20.
 1 SYSTEMPATH\CodeIgniter.php(896): App\Controllers\Users->index()
 2 SYSTEMPATH\CodeIgniter.php(466): CodeIgniter\CodeIgniter->runController(Object(App\Controllers\Users))
 3 SYSTEMPATH\CodeIgniter.php(349): CodeIgniter\CodeIgniter->handleRequest(null, Object(Config\Cache), false)
 4 FCPATH\index.php(55): CodeIgniter\CodeIgniter->run()
CRITICAL - 2022-07-25 00:02:49 --> Class "App\Controllers\UserModel" not found
in APPPATH\Controllers\Users.php on line 20.
 1 SYSTEMPATH\CodeIgniter.php(896): App\Controllers\Users->index()
 2 SYSTEMPATH\CodeIgniter.php(466): CodeIgniter\CodeIgniter->runController(Object(App\Controllers\Users))
 3 SYSTEMPATH\CodeIgniter.php(349): CodeIgniter\CodeIgniter->handleRequest(null, Object(Config\Cache), false)
 4 FCPATH\index.php(55): CodeIgniter\CodeIgniter->run()
CRITICAL - 2022-07-25 00:02:49 --> Class "App\Controllers\UserModel" not found
in APPPATH\Controllers\Users.php on line 20.
 1 SYSTEMPATH\CodeIgniter.php(896): App\Controllers\Users->index()
 2 SYSTEMPATH\CodeIgniter.php(466): CodeIgniter\CodeIgniter->runController(Object(App\Controllers\Users))
 3 SYSTEMPATH\CodeIgniter.php(349): CodeIgniter\CodeIgniter->handleRequest(null, Object(Config\Cache), false)
 4 FCPATH\index.php(55): CodeIgniter\CodeIgniter->run()
CRITICAL - 2022-07-25 00:02:49 --> Class "App\Controllers\UserModel" not found
in APPPATH\Controllers\Users.php on line 20.
 1 SYSTEMPATH\CodeIgniter.php(896): App\Controllers\Users->index()
 2 SYSTEMPATH\CodeIgniter.php(466): CodeIgniter\CodeIgniter->runController(Object(App\Controllers\Users))
 3 SYSTEMPATH\CodeIgniter.php(349): CodeIgniter\CodeIgniter->handleRequest(null, Object(Config\Cache), false)
 4 FCPATH\index.php(55): CodeIgniter\CodeIgniter->run()
CRITICAL - 2022-07-25 00:02:49 --> Class "App\Controllers\UserModel" not found
in APPPATH\Controllers\Users.php on line 20.
 1 SYSTEMPATH\CodeIgniter.php(896): App\Controllers\Users->index()
 2 SYSTEMPATH\CodeIgniter.php(466): CodeIgniter\CodeIgniter->runController(Object(App\Controllers\Users))
 3 SYSTEMPATH\CodeIgniter.php(349): CodeIgniter\CodeIgniter->handleRequest(null, Object(Config\Cache), false)
 4 FCPATH\index.php(55): CodeIgniter\CodeIgniter->run()
CRITICAL - 2022-07-25 00:02:49 --> Class "App\Controllers\UserModel" not found
in APPPATH\Controllers\Users.php on line 20.
 1 SYSTEMPATH\CodeIgniter.php(896): App\Controllers\Users->index()
 2 SYSTEMPATH\CodeIgniter.php(466): CodeIgniter\CodeIgniter->runController(Object(App\Controllers\Users))
 3 SYSTEMPATH\CodeIgniter.php(349): CodeIgniter\CodeIgniter->handleRequest(null, Object(Config\Cache), false)
 4 FCPATH\index.php(55): CodeIgniter\CodeIgniter->run()
CRITICAL - 2022-07-25 00:02:50 --> Class "App\Controllers\UserModel" not found
in APPPATH\Controllers\Users.php on line 20.
 1 SYSTEMPATH\CodeIgniter.php(896): App\Controllers\Users->index()
 2 SYSTEMPATH\CodeIgniter.php(466): CodeIgniter\CodeIgniter->runController(Object(App\Controllers\Users))
 3 SYSTEMPATH\CodeIgniter.php(349): CodeIgniter\CodeIgniter->handleRequest(null, Object(Config\Cache), false)
 4 FCPATH\index.php(55): CodeIgniter\CodeIgniter->run()
CRITICAL - 2022-07-25 00:02:50 --> Class "App\Controllers\UserModel" not found
in APPPATH\Controllers\Users.php on line 20.
 1 SYSTEMPATH\CodeIgniter.php(896): App\Controllers\Users->index()
 2 SYSTEMPATH\CodeIgniter.php(466): CodeIgniter\CodeIgniter->runController(Object(App\Controllers\Users))
 3 SYSTEMPATH\CodeIgniter.php(349): CodeIgniter\CodeIgniter->handleRequest(null, Object(Config\Cache), false)
 4 FCPATH\index.php(55): CodeIgniter\CodeIgniter->run()
CRITICAL - 2022-07-25 00:02:50 --> Class "App\Controllers\UserModel" not found
in APPPATH\Controllers\Users.php on line 20.
 1 SYSTEMPATH\CodeIgniter.php(896): App\Controllers\Users->index()
 2 SYSTEMPATH\CodeIgniter.php(466): CodeIgniter\CodeIgniter->runController(Object(App\Controllers\Users))
 3 SYSTEMPATH\CodeIgniter.php(349): CodeIgniter\CodeIgniter->handleRequest(null, Object(Config\Cache), false)
 4 FCPATH\index.php(55): CodeIgniter\CodeIgniter->run()
CRITICAL - 2022-07-25 00:02:50 --> Class "App\Controllers\UserModel" not found
in APPPATH\Controllers\Users.php on line 20.
 1 SYSTEMPATH\CodeIgniter.php(896): App\Controllers\Users->index()
 2 SYSTEMPATH\CodeIgniter.php(466): CodeIgniter\CodeIgniter->runController(Object(App\Controllers\Users))
 3 SYSTEMPATH\CodeIgniter.php(349): CodeIgniter\CodeIgniter->handleRequest(null, Object(Config\Cache), false)
 4 FCPATH\index.php(55): CodeIgniter\CodeIgniter->run()
CRITICAL - 2022-07-25 00:05:38 --> Class "App\Controllers\UserModel" not found
in APPPATH\Controllers\Users.php on line 21.
 1 SYSTEMPATH\CodeIgniter.php(896): App\Controllers\Users->index()
 2 SYSTEMPATH\CodeIgniter.php(466): CodeIgniter\CodeIgniter->runController(Object(App\Controllers\Users))
 3 SYSTEMPATH\CodeIgniter.php(349): CodeIgniter\CodeIgniter->handleRequest(null, Object(Config\Cache), false)
 4 FCPATH\index.php(55): CodeIgniter\CodeIgniter->run()
CRITICAL - 2022-07-25 00:05:50 --> Class "App\Controllers\UserModel" not found
in APPPATH\Controllers\Users.php on line 21.
 1 SYSTEMPATH\CodeIgniter.php(896): App\Controllers\Users->index()
 2 SYSTEMPATH\CodeIgniter.php(466): CodeIgniter\CodeIgniter->runController(Object(App\Controllers\Users))
 3 SYSTEMPATH\CodeIgniter.php(349): CodeIgniter\CodeIgniter->handleRequest(null, Object(Config\Cache), false)
 4 FCPATH\index.php(55): CodeIgniter\CodeIgniter->run()
CRITICAL - 2022-07-25 00:05:51 --> Class "App\Controllers\UserModel" not found
in APPPATH\Controllers\Users.php on line 21.
 1 SYSTEMPATH\CodeIgniter.php(896): App\Controllers\Users->index()
 2 SYSTEMPATH\CodeIgniter.php(466): CodeIgniter\CodeIgniter->runController(Object(App\Controllers\Users))
 3 SYSTEMPATH\CodeIgniter.php(349): CodeIgniter\CodeIgniter->handleRequest(null, Object(Config\Cache), false)
 4 FCPATH\index.php(55): CodeIgniter\CodeIgniter->run()
CRITICAL - 2022-07-25 00:05:52 --> Class "App\Controllers\UserModel" not found
in APPPATH\Controllers\Users.php on line 21.
 1 SYSTEMPATH\CodeIgniter.php(896): App\Controllers\Users->index()
 2 SYSTEMPATH\CodeIgniter.php(466): CodeIgniter\CodeIgniter->runController(Object(App\Controllers\Users))
 3 SYSTEMPATH\CodeIgniter.php(349): CodeIgniter\CodeIgniter->handleRequest(null, Object(Config\Cache), false)
 4 FCPATH\index.php(55): CodeIgniter\CodeIgniter->run()
CRITICAL - 2022-07-25 00:05:52 --> Class "App\Controllers\UserModel" not found
in APPPATH\Controllers\Users.php on line 21.
 1 SYSTEMPATH\CodeIgniter.php(896): App\Controllers\Users->index()
 2 SYSTEMPATH\CodeIgniter.php(466): CodeIgniter\CodeIgniter->runController(Object(App\Controllers\Users))
 3 SYSTEMPATH\CodeIgniter.php(349): CodeIgniter\CodeIgniter->handleRequest(null, Object(Config\Cache), false)
 4 FCPATH\index.php(55): CodeIgniter\CodeIgniter->run()
CRITICAL - 2022-07-25 00:05:53 --> Class "App\Controllers\UserModel" not found
in APPPATH\Controllers\Users.php on line 21.
 1 SYSTEMPATH\CodeIgniter.php(896): App\Controllers\Users->index()
 2 SYSTEMPATH\CodeIgniter.php(466): CodeIgniter\CodeIgniter->runController(Object(App\Controllers\Users))
 3 SYSTEMPATH\CodeIgniter.php(349): CodeIgniter\CodeIgniter->handleRequest(null, Object(Config\Cache), false)
 4 FCPATH\index.php(55): CodeIgniter\CodeIgniter->run()
CRITICAL - 2022-07-25 00:05:53 --> Class "App\Controllers\UserModel" not found
in APPPATH\Controllers\Users.php on line 21.
 1 SYSTEMPATH\CodeIgniter.php(896): App\Controllers\Users->index()
 2 SYSTEMPATH\CodeIgniter.php(466): CodeIgniter\CodeIgniter->runController(Object(App\Controllers\Users))
 3 SYSTEMPATH\CodeIgniter.php(349): CodeIgniter\CodeIgniter->handleRequest(null, Object(Config\Cache), false)
 4 FCPATH\index.php(55): CodeIgniter\CodeIgniter->run()
CRITICAL - 2022-07-25 00:05:53 --> Class "App\Controllers\UserModel" not found
in APPPATH\Controllers\Users.php on line 21.
 1 SYSTEMPATH\CodeIgniter.php(896): App\Controllers\Users->index()
 2 SYSTEMPATH\CodeIgniter.php(466): CodeIgniter\CodeIgniter->runController(Object(App\Controllers\Users))
 3 SYSTEMPATH\CodeIgniter.php(349): CodeIgniter\CodeIgniter->handleRequest(null, Object(Config\Cache), false)
 4 FCPATH\index.php(55): CodeIgniter\CodeIgniter->run()
CRITICAL - 2022-07-25 00:05:53 --> Class "App\Controllers\UserModel" not found
in APPPATH\Controllers\Users.php on line 21.
 1 SYSTEMPATH\CodeIgniter.php(896): App\Controllers\Users->index()
 2 SYSTEMPATH\CodeIgniter.php(466): CodeIgniter\CodeIgniter->runController(Object(App\Controllers\Users))
 3 SYSTEMPATH\CodeIgniter.php(349): CodeIgniter\CodeIgniter->handleRequest(null, Object(Config\Cache), false)
 4 FCPATH\index.php(55): CodeIgniter\CodeIgniter->run()
CRITICAL - 2022-07-25 00:05:53 --> Class "App\Controllers\UserModel" not found
in APPPATH\Controllers\Users.php on line 21.
 1 SYSTEMPATH\CodeIgniter.php(896): App\Controllers\Users->index()
 2 SYSTEMPATH\CodeIgniter.php(466): CodeIgniter\CodeIgniter->runController(Object(App\Controllers\Users))
 3 SYSTEMPATH\CodeIgniter.php(349): CodeIgniter\CodeIgniter->handleRequest(null, Object(Config\Cache), false)
 4 FCPATH\index.php(55): CodeIgniter\CodeIgniter->run()
CRITICAL - 2022-07-25 00:05:54 --> Class "App\Controllers\UserModel" not found
in APPPATH\Controllers\Users.php on line 21.
 1 SYSTEMPATH\CodeIgniter.php(896): App\Controllers\Users->index()
 2 SYSTEMPATH\CodeIgniter.php(466): CodeIgniter\CodeIgniter->runController(Object(App\Controllers\Users))
 3 SYSTEMPATH\CodeIgniter.php(349): CodeIgniter\CodeIgniter->handleRequest(null, Object(Config\Cache), false)
 4 FCPATH\index.php(55): CodeIgniter\CodeIgniter->run()
CRITICAL - 2022-07-25 00:05:54 --> Class "App\Controllers\UserModel" not found
in APPPATH\Controllers\Users.php on line 21.
 1 SYSTEMPATH\CodeIgniter.php(896): App\Controllers\Users->index()
 2 SYSTEMPATH\CodeIgniter.php(466): CodeIgniter\CodeIgniter->runController(Object(App\Controllers\Users))
 3 SYSTEMPATH\CodeIgniter.php(349): CodeIgniter\CodeIgniter->handleRequest(null, Object(Config\Cache), false)
 4 FCPATH\index.php(55): CodeIgniter\CodeIgniter->run()
CRITICAL - 2022-07-25 00:05:54 --> Class "App\Controllers\UserModel" not found
in APPPATH\Controllers\Users.php on line 21.
 1 SYSTEMPATH\CodeIgniter.php(896): App\Controllers\Users->index()
 2 SYSTEMPATH\CodeIgniter.php(466): CodeIgniter\CodeIgniter->runController(Object(App\Controllers\Users))
 3 SYSTEMPATH\CodeIgniter.php(349): CodeIgniter\CodeIgniter->handleRequest(null, Object(Config\Cache), false)
 4 FCPATH\index.php(55): CodeIgniter\CodeIgniter->run()
CRITICAL - 2022-07-25 00:05:54 --> Class "App\Controllers\UserModel" not found
in APPPATH\Controllers\Users.php on line 21.
 1 SYSTEMPATH\CodeIgniter.php(896): App\Controllers\Users->index()
 2 SYSTEMPATH\CodeIgniter.php(466): CodeIgniter\CodeIgniter->runController(Object(App\Controllers\Users))
 3 SYSTEMPATH\CodeIgniter.php(349): CodeIgniter\CodeIgniter->handleRequest(null, Object(Config\Cache), false)
 4 FCPATH\index.php(55): CodeIgniter\CodeIgniter->run()
CRITICAL - 2022-07-25 00:06:23 --> Class "App\Controllers\UserModel" not found
in APPPATH\Controllers\Users.php on line 21.
 1 SYSTEMPATH\CodeIgniter.php(896): App\Controllers\Users->index()
 2 SYSTEMPATH\CodeIgniter.php(466): CodeIgniter\CodeIgniter->runController(Object(App\Controllers\Users))
 3 SYSTEMPATH\CodeIgniter.php(349): CodeIgniter\CodeIgniter->handleRequest(null, Object(Config\Cache), false)
 4 FCPATH\index.php(55): CodeIgniter\CodeIgniter->run()
CRITICAL - 2022-07-25 00:06:24 --> Class "App\Controllers\UserModel" not found
in APPPATH\Controllers\Users.php on line 21.
 1 SYSTEMPATH\CodeIgniter.php(896): App\Controllers\Users->index()
 2 SYSTEMPATH\CodeIgniter.php(466): CodeIgniter\CodeIgniter->runController(Object(App\Controllers\Users))
 3 SYSTEMPATH\CodeIgniter.php(349): CodeIgniter\CodeIgniter->handleRequest(null, Object(Config\Cache), false)
 4 FCPATH\index.php(55): CodeIgniter\CodeIgniter->run()
CRITICAL - 2022-07-25 00:06:25 --> Class "App\Controllers\UserModel" not found
in APPPATH\Controllers\Users.php on line 21.
 1 SYSTEMPATH\CodeIgniter.php(896): App\Controllers\Users->index()
 2 SYSTEMPATH\CodeIgniter.php(466): CodeIgniter\CodeIgniter->runController(Object(App\Controllers\Users))
 3 SYSTEMPATH\CodeIgniter.php(349): CodeIgniter\CodeIgniter->handleRequest(null, Object(Config\Cache), false)
 4 FCPATH\index.php(55): CodeIgniter\CodeIgniter->run()
CRITICAL - 2022-07-25 00:06:25 --> Class "App\Controllers\UserModel" not found
in APPPATH\Controllers\Users.php on line 21.
 1 SYSTEMPATH\CodeIgniter.php(896): App\Controllers\Users->index()
 2 SYSTEMPATH\CodeIgniter.php(466): CodeIgniter\CodeIgniter->runController(Object(App\Controllers\Users))
 3 SYSTEMPATH\CodeIgniter.php(349): CodeIgniter\CodeIgniter->handleRequest(null, Object(Config\Cache), false)
 4 FCPATH\index.php(55): CodeIgniter\CodeIgniter->run()
CRITICAL - 2022-07-25 00:06:25 --> Class "App\Controllers\UserModel" not found
in APPPATH\Controllers\Users.php on line 21.
 1 SYSTEMPATH\CodeIgniter.php(896): App\Controllers\Users->index()
 2 SYSTEMPATH\CodeIgniter.php(466): CodeIgniter\CodeIgniter->runController(Object(App\Controllers\Users))
 3 SYSTEMPATH\CodeIgniter.php(349): CodeIgniter\CodeIgniter->handleRequest(null, Object(Config\Cache), false)
 4 FCPATH\index.php(55): CodeIgniter\CodeIgniter->run()
CRITICAL - 2022-07-25 00:06:25 --> Class "App\Controllers\UserModel" not found
in APPPATH\Controllers\Users.php on line 21.
 1 SYSTEMPATH\CodeIgniter.php(896): App\Controllers\Users->index()
 2 SYSTEMPATH\CodeIgniter.php(466): CodeIgniter\CodeIgniter->runController(Object(App\Controllers\Users))
 3 SYSTEMPATH\CodeIgniter.php(349): CodeIgniter\CodeIgniter->handleRequest(null, Object(Config\Cache), false)
 4 FCPATH\index.php(55): CodeIgniter\CodeIgniter->run()
CRITICAL - 2022-07-25 00:06:25 --> Class "App\Controllers\UserModel" not found
in APPPATH\Controllers\Users.php on line 21.
 1 SYSTEMPATH\CodeIgniter.php(896): App\Controllers\Users->index()
 2 SYSTEMPATH\CodeIgniter.php(466): CodeIgniter\CodeIgniter->runController(Object(App\Controllers\Users))
 3 SYSTEMPATH\CodeIgniter.php(349): CodeIgniter\CodeIgniter->handleRequest(null, Object(Config\Cache), false)
 4 FCPATH\index.php(55): CodeIgniter\CodeIgniter->run()
CRITICAL - 2022-07-25 00:07:20 --> Class "App\Controllers\UserModel" not found
in APPPATH\Controllers\Users.php on line 21.
 1 SYSTEMPATH\CodeIgniter.php(896): App\Controllers\Users->index()
 2 SYSTEMPATH\CodeIgniter.php(466): CodeIgniter\CodeIgniter->runController(Object(App\Controllers\Users))
 3 SYSTEMPATH\CodeIgniter.php(349): CodeIgniter\CodeIgniter->handleRequest(null, Object(Config\Cache), false)
 4 FCPATH\index.php(55): CodeIgniter\CodeIgniter->run()
CRITICAL - 2022-07-25 00:07:22 --> Class "App\Controllers\UserModel" not found
in APPPATH\Controllers\Users.php on line 21.
 1 SYSTEMPATH\CodeIgniter.php(896): App\Controllers\Users->index()
 2 SYSTEMPATH\CodeIgniter.php(466): CodeIgniter\CodeIgniter->runController(Object(App\Controllers\Users))
 3 SYSTEMPATH\CodeIgniter.php(349): CodeIgniter\CodeIgniter->handleRequest(null, Object(Config\Cache), false)
 4 FCPATH\index.php(55): CodeIgniter\CodeIgniter->run()
CRITICAL - 2022-07-25 00:07:23 --> Class "App\Controllers\UserModel" not found
in APPPATH\Controllers\Users.php on line 21.
 1 SYSTEMPATH\CodeIgniter.php(896): App\Controllers\Users->index()
 2 SYSTEMPATH\CodeIgniter.php(466): CodeIgniter\CodeIgniter->runController(Object(App\Controllers\Users))
 3 SYSTEMPATH\CodeIgniter.php(349): CodeIgniter\CodeIgniter->handleRequest(null, Object(Config\Cache), false)
 4 FCPATH\index.php(55): CodeIgniter\CodeIgniter->run()
CRITICAL - 2022-07-25 00:07:24 --> Class "App\Controllers\UserModel" not found
in APPPATH\Controllers\Users.php on line 21.
 1 SYSTEMPATH\CodeIgniter.php(896): App\Controllers\Users->index()
 2 SYSTEMPATH\CodeIgniter.php(466): CodeIgniter\CodeIgniter->runController(Object(App\Controllers\Users))
 3 SYSTEMPATH\CodeIgniter.php(349): CodeIgniter\CodeIgniter->handleRequest(null, Object(Config\Cache), false)
 4 FCPATH\index.php(55): CodeIgniter\CodeIgniter->run()
CRITICAL - 2022-07-25 00:07:26 --> Class "App\Controllers\UserModel" not found
in APPPATH\Controllers\Users.php on line 21.
 1 SYSTEMPATH\CodeIgniter.php(896): App\Controllers\Users->index()
 2 SYSTEMPATH\CodeIgniter.php(466): CodeIgniter\CodeIgniter->runController(Object(App\Controllers\Users))
 3 SYSTEMPATH\CodeIgniter.php(349): CodeIgniter\CodeIgniter->handleRequest(null, Object(Config\Cache), false)
 4 FCPATH\index.php(55): CodeIgniter\CodeIgniter->run()
CRITICAL - 2022-07-25 00:08:14 --> Class "Models\UserModel" not found
in APPPATH\Controllers\Users.php on line 20.
 1 SYSTEMPATH\CodeIgniter.php(896): App\Controllers\Users->index()
 2 SYSTEMPATH\CodeIgniter.php(466): CodeIgniter\CodeIgniter->runController(Object(App\Controllers\Users))
 3 SYSTEMPATH\CodeIgniter.php(349): CodeIgniter\CodeIgniter->handleRequest(null, Object(Config\Cache), false)
 4 FCPATH\index.php(55): CodeIgniter\CodeIgniter->run()
CRITICAL - 2022-07-25 00:08:16 --> Class "Models\UserModel" not found
in APPPATH\Controllers\Users.php on line 20.
 1 SYSTEMPATH\CodeIgniter.php(896): App\Controllers\Users->index()
 2 SYSTEMPATH\CodeIgniter.php(466): CodeIgniter\CodeIgniter->runController(Object(App\Controllers\Users))
 3 SYSTEMPATH\CodeIgniter.php(349): CodeIgniter\CodeIgniter->handleRequest(null, Object(Config\Cache), false)
 4 FCPATH\index.php(55): CodeIgniter\CodeIgniter->run()
CRITICAL - 2022-07-25 00:08:16 --> Class "Models\UserModel" not found
in APPPATH\Controllers\Users.php on line 20.
 1 SYSTEMPATH\CodeIgniter.php(896): App\Controllers\Users->index()
 2 SYSTEMPATH\CodeIgniter.php(466): CodeIgniter\CodeIgniter->runController(Object(App\Controllers\Users))
 3 SYSTEMPATH\CodeIgniter.php(349): CodeIgniter\CodeIgniter->handleRequest(null, Object(Config\Cache), false)
 4 FCPATH\index.php(55): CodeIgniter\CodeIgniter->run()
CRITICAL - 2022-07-25 00:08:17 --> Class "Models\UserModel" not found
in APPPATH\Controllers\Users.php on line 20.
 1 SYSTEMPATH\CodeIgniter.php(896): App\Controllers\Users->index()
 2 SYSTEMPATH\CodeIgniter.php(466): CodeIgniter\CodeIgniter->runController(Object(App\Controllers\Users))
 3 SYSTEMPATH\CodeIgniter.php(349): CodeIgniter\CodeIgniter->handleRequest(null, Object(Config\Cache), false)
 4 FCPATH\index.php(55): CodeIgniter\CodeIgniter->run()
CRITICAL - 2022-07-25 00:08:17 --> Class "Models\UserModel" not found
in APPPATH\Controllers\Users.php on line 20.
 1 SYSTEMPATH\CodeIgniter.php(896): App\Controllers\Users->index()
 2 SYSTEMPATH\CodeIgniter.php(466): CodeIgniter\CodeIgniter->runController(Object(App\Controllers\Users))
 3 SYSTEMPATH\CodeIgniter.php(349): CodeIgniter\CodeIgniter->handleRequest(null, Object(Config\Cache), false)
 4 FCPATH\index.php(55): CodeIgniter\CodeIgniter->run()
CRITICAL - 2022-07-25 00:08:17 --> Class "Models\UserModel" not found
in APPPATH\Controllers\Users.php on line 20.
 1 SYSTEMPATH\CodeIgniter.php(896): App\Controllers\Users->index()
 2 SYSTEMPATH\CodeIgniter.php(466): CodeIgniter\CodeIgniter->runController(Object(App\Controllers\Users))
 3 SYSTEMPATH\CodeIgniter.php(349): CodeIgniter\CodeIgniter->handleRequest(null, Object(Config\Cache), false)
 4 FCPATH\index.php(55): CodeIgniter\CodeIgniter->run()
CRITICAL - 2022-07-25 00:08:17 --> Class "Models\UserModel" not found
in APPPATH\Controllers\Users.php on line 20.
 1 SYSTEMPATH\CodeIgniter.php(896): App\Controllers\Users->index()
 2 SYSTEMPATH\CodeIgniter.php(466): CodeIgniter\CodeIgniter->runController(Object(App\Controllers\Users))
 3 SYSTEMPATH\CodeIgniter.php(349): CodeIgniter\CodeIgniter->handleRequest(null, Object(Config\Cache), false)
 4 FCPATH\index.php(55): CodeIgniter\CodeIgniter->run()
CRITICAL - 2022-07-25 00:08:17 --> Class "Models\UserModel" not found
in APPPATH\Controllers\Users.php on line 20.
 1 SYSTEMPATH\CodeIgniter.php(896): App\Controllers\Users->index()
 2 SYSTEMPATH\CodeIgniter.php(466): CodeIgniter\CodeIgniter->runController(Object(App\Controllers\Users))
 3 SYSTEMPATH\CodeIgniter.php(349): CodeIgniter\CodeIgniter->handleRequest(null, Object(Config\Cache), false)
 4 FCPATH\index.php(55): CodeIgniter\CodeIgniter->run()
CRITICAL - 2022-07-25 00:09:59 --> Call to undefined method App\Controllers\Users::getData()
in APPPATH\Controllers\Users.php on line 20.
 1 SYSTEMPATH\CodeIgniter.php(896): App\Controllers\Users->index()
 2 SYSTEMPATH\CodeIgniter.php(466): CodeIgniter\CodeIgniter->runController(Object(App\Controllers\Users))
 3 SYSTEMPATH\CodeIgniter.php(349): CodeIgniter\CodeIgniter->handleRequest(null, Object(Config\Cache), false)
 4 FCPATH\index.php(55): CodeIgniter\CodeIgniter->run()
CRITICAL - 2022-07-25 00:15:03 --> Undefined variable $userModel
in APPPATH\Controllers\Users.php on line 22.
 1 APPPATH\Controllers\Users.php(22): CodeIgniter\Debug\Exceptions->errorHandler(2, 'Undefined variable $userModel', 'APPPATH\\Controllers\\Users.php', 22)
 2 SYSTEMPATH\CodeIgniter.php(896): App\Controllers\Users->index()
 3 SYSTEMPATH\CodeIgniter.php(466): CodeIgniter\CodeIgniter->runController(Object(App\Controllers\Users))
 4 SYSTEMPATH\CodeIgniter.php(349): CodeIgniter\CodeIgniter->handleRequest(null, Object(Config\Cache), false)
 5 FCPATH\index.php(55): CodeIgniter\CodeIgniter->run()
CRITICAL - 2022-07-25 00:22:06 --> syntax error, unexpected token "class", expecting "," or ";"
in APPPATH\Controllers\Users.php on line 8.
 1 SYSTEMPATH\Autoloader\Autoloader.php(261): CodeIgniter\Autoloader\Autoloader->includeFile('APPPATH\\Controllers\\Users.php')
 2 SYSTEMPATH\Autoloader\Autoloader.php(239): CodeIgniter\Autoloader\Autoloader->loadInNamespace('App\\Controllers\\Users')
 3 [internal function]: CodeIgniter\Autoloader\Autoloader->loadClass('App\\Controllers\\Users')
 4 SYSTEMPATH\CodeIgniter.php(846): class_exists('\\App\\Controllers\\Users', true)
 5 SYSTEMPATH\CodeIgniter.php(453): CodeIgniter\CodeIgniter->startController()
 6 SYSTEMPATH\CodeIgniter.php(349): CodeIgniter\CodeIgniter->handleRequest(null, Object(Config\Cache), false)
 7 FCPATH\index.php(55): CodeIgniter\CodeIgniter->run()
CRITICAL - 2022-07-25 00:26:26 --> Class "App\Controllers\UserModel" not found
in APPPATH\Controllers\Users.php on line 20.
 1 SYSTEMPATH\CodeIgniter.php(896): App\Controllers\Users->index()
 2 SYSTEMPATH\CodeIgniter.php(466): CodeIgniter\CodeIgniter->runController(Object(App\Controllers\Users))
 3 SYSTEMPATH\CodeIgniter.php(349): CodeIgniter\CodeIgniter->handleRequest(null, Object(Config\Cache), false)
 4 FCPATH\index.php(55): CodeIgniter\CodeIgniter->run()
CRITICAL - 2022-07-25 00:30:53 --> Class "App\Controllers\User_Model" not found
in APPPATH\Controllers\Users.php on line 20.
 1 SYSTEMPATH\CodeIgniter.php(896): App\Controllers\Users->index()
 2 SYSTEMPATH\CodeIgniter.php(466): CodeIgniter\CodeIgniter->runController(Object(App\Controllers\Users))
 3 SYSTEMPATH\CodeIgniter.php(349): CodeIgniter\CodeIgniter->handleRequest(null, Object(Config\Cache), false)
 4 FCPATH\index.php(55): CodeIgniter\CodeIgniter->run()
CRITICAL - 2022-07-25 00:51:25 --> Class "App\Controllers\User_Model" not found
in APPPATH\Controllers\Users.php on line 20.
 1 SYSTEMPATH\CodeIgniter.php(896): App\Controllers\Users->index()
 2 SYSTEMPATH\CodeIgniter.php(466): CodeIgniter\CodeIgniter->runController(Object(App\Controllers\Users))
 3 SYSTEMPATH\CodeIgniter.php(349): CodeIgniter\CodeIgniter->handleRequest(null, Object(Config\Cache), false)
 4 FCPATH\index.php(55): CodeIgniter\CodeIgniter->run()
CRITICAL - 2022-07-25 00:53:21 --> Class "App\Controllers\User_model" not found
in APPPATH\Controllers\Users.php on line 20.
 1 SYSTEMPATH\CodeIgniter.php(896): App\Controllers\Users->index()
 2 SYSTEMPATH\CodeIgniter.php(466): CodeIgniter\CodeIgniter->runController(Object(App\Controllers\Users))
 3 SYSTEMPATH\CodeIgniter.php(349): CodeIgniter\CodeIgniter->handleRequest(null, Object(Config\Cache), false)
 4 FCPATH\index.php(55): CodeIgniter\CodeIgniter->run()
CRITICAL - 2022-07-25 00:53:22 --> Class "App\Controllers\User_model" not found
in APPPATH\Controllers\Users.php on line 20.
 1 SYSTEMPATH\CodeIgniter.php(896): App\Controllers\Users->index()
 2 SYSTEMPATH\CodeIgniter.php(466): CodeIgniter\CodeIgniter->runController(Object(App\Controllers\Users))
 3 SYSTEMPATH\CodeIgniter.php(349): CodeIgniter\CodeIgniter->handleRequest(null, Object(Config\Cache), false)
 4 FCPATH\index.php(55): CodeIgniter\CodeIgniter->run()
CRITICAL - 2022-07-25 00:53:22 --> Class "App\Controllers\User_model" not found
in APPPATH\Controllers\Users.php on line 20.
 1 SYSTEMPATH\CodeIgniter.php(896): App\Controllers\Users->index()
 2 SYSTEMPATH\CodeIgniter.php(466): CodeIgniter\CodeIgniter->runController(Object(App\Controllers\Users))
 3 SYSTEMPATH\CodeIgniter.php(349): CodeIgniter\CodeIgniter->handleRequest(null, Object(Config\Cache), false)
 4 FCPATH\index.php(55): CodeIgniter\CodeIgniter->run()
CRITICAL - 2022-07-25 00:53:22 --> Class "App\Controllers\User_model" not found
in APPPATH\Controllers\Users.php on line 20.
 1 SYSTEMPATH\CodeIgniter.php(896): App\Controllers\Users->index()
 2 SYSTEMPATH\CodeIgniter.php(466): CodeIgniter\CodeIgniter->runController(Object(App\Controllers\Users))
 3 SYSTEMPATH\CodeIgniter.php(349): CodeIgniter\CodeIgniter->handleRequest(null, Object(Config\Cache), false)
 4 FCPATH\index.php(55): CodeIgniter\CodeIgniter->run()
CRITICAL - 2022-07-25 00:53:23 --> Class "App\Controllers\User_model" not found
in APPPATH\Controllers\Users.php on line 20.
 1 SYSTEMPATH\CodeIgniter.php(896): App\Controllers\Users->index()
 2 SYSTEMPATH\CodeIgniter.php(466): CodeIgniter\CodeIgniter->runController(Object(App\Controllers\Users))
 3 SYSTEMPATH\CodeIgniter.php(349): CodeIgniter\CodeIgniter->handleRequest(null, Object(Config\Cache), false)
 4 FCPATH\index.php(55): CodeIgniter\CodeIgniter->run()
CRITICAL - 2022-07-25 00:54:02 --> Class "App\Controllers\User_model" not found
in APPPATH\Controllers\Users.php on line 20.
 1 SYSTEMPATH\CodeIgniter.php(896): App\Controllers\Users->index()
 2 SYSTEMPATH\CodeIgniter.php(466): CodeIgniter\CodeIgniter->runController(Object(App\Controllers\Users))
 3 SYSTEMPATH\CodeIgniter.php(349): CodeIgniter\CodeIgniter->handleRequest(null, Object(Config\Cache), false)
 4 FCPATH\index.php(55): CodeIgniter\CodeIgniter->run()
CRITICAL - 2022-07-25 01:05:09 --> syntax error, unexpected identifier "print_r", expecting "," or ";"
in APPPATH\Controllers\Users.php on line 25.
 1 SYSTEMPATH\Autoloader\Autoloader.php(261): CodeIgniter\Autoloader\Autoloader->includeFile('APPPATH\\Controllers\\Users.php')
 2 SYSTEMPATH\Autoloader\Autoloader.php(239): CodeIgniter\Autoloader\Autoloader->loadInNamespace('App\\Controllers\\Users')
 3 [internal function]: CodeIgniter\Autoloader\Autoloader->loadClass('App\\Controllers\\Users')
 4 SYSTEMPATH\CodeIgniter.php(846): class_exists('\\App\\Controllers\\Users', true)
 5 SYSTEMPATH\CodeIgniter.php(453): CodeIgniter\CodeIgniter->startController()
 6 SYSTEMPATH\CodeIgniter.php(349): CodeIgniter\CodeIgniter->handleRequest(null, Object(Config\Cache), false)
 7 FCPATH\index.php(55): CodeIgniter\CodeIgniter->run()
CRITICAL - 2022-07-25 01:15:07 --> syntax error, unexpected token "endforeach", expecting end of file
in APPPATH\Views\dataview.php on line 13.
 1 SYSTEMPATH\View\View.php(216): CodeIgniter\View\View->CodeIgniter\View\{closure}()
 2 SYSTEMPATH\Common.php(1135): CodeIgniter\View\View->render('dataview', [], true)
 3 APPPATH\Controllers\Users.php(25): view('dataview', [...])
 4 SYSTEMPATH\CodeIgniter.php(896): App\Controllers\Users->index()
 5 SYSTEMPATH\CodeIgniter.php(466): CodeIgniter\CodeIgniter->runController(Object(App\Controllers\Users))
 6 SYSTEMPATH\CodeIgniter.php(349): CodeIgniter\CodeIgniter->handleRequest(null, Object(Config\Cache), false)
 7 FCPATH\index.php(55): CodeIgniter\CodeIgniter->run()
CRITICAL - 2022-07-25 01:22:10 --> Undefined array key "name "
in APPPATH\Views\dataview.php on line 12.
 1 APPPATH\Views\dataview.php(12): CodeIgniter\Debug\Exceptions->errorHandler(2, 'Undefined array key "name "', 'APPPATH\\Views\\dataview.php', 12)
 2 SYSTEMPATH\View\View.php(213): include('APPPATH\\Views\\dataview.php')
 3 SYSTEMPATH\View\View.php(216): CodeIgniter\View\View->CodeIgniter\View\{closure}()
 4 SYSTEMPATH\Common.php(1135): CodeIgniter\View\View->render('dataview', [], true)
 5 APPPATH\Controllers\Users.php(25): view('dataview', [...])
 6 SYSTEMPATH\CodeIgniter.php(896): App\Controllers\Users->index()
 7 SYSTEMPATH\CodeIgniter.php(466): CodeIgniter\CodeIgniter->runController(Object(App\Controllers\Users))
 8 SYSTEMPATH\CodeIgniter.php(349): CodeIgniter\CodeIgniter->handleRequest(null, Object(Config\Cache), false)
 9 FCPATH\index.php(55): CodeIgniter\CodeIgniter->run()
CRITICAL - 2022-07-25 01:28:08 --> Trying to access array offset on value of type int
in APPPATH\Views\dataview.php on line 12.
 1 APPPATH\Views\dataview.php(12): CodeIgniter\Debug\Exceptions->errorHandler(2, 'Trying to access array offset on value of type int', 'APPPATH\\Views\\dataview.php', 12)
 2 SYSTEMPATH\View\View.php(213): include('APPPATH\\Views\\dataview.php')
 3 SYSTEMPATH\View\View.php(216): CodeIgniter\View\View->CodeIgniter\View\{closure}()
 4 SYSTEMPATH\Common.php(1135): CodeIgniter\View\View->render('dataview', [], true)
 5 APPPATH\Controllers\Users.php(25): view('dataview', [...])
 6 SYSTEMPATH\CodeIgniter.php(896): App\Controllers\Users->index()
 7 SYSTEMPATH\CodeIgniter.php(466): CodeIgniter\CodeIgniter->runController(Object(App\Controllers\Users))
 8 SYSTEMPATH\CodeIgniter.php(349): CodeIgniter\CodeIgniter->handleRequest(null, Object(Config\Cache), false)
 9 FCPATH\index.php(55): CodeIgniter\CodeIgniter->run()
CRITICAL - 2022-07-25 01:28:16 --> Trying to access array offset on value of type int
in APPPATH\Views\dataview.php on line 12.
 1 APPPATH\Views\dataview.php(12): CodeIgniter\Debug\Exceptions->errorHandler(2, 'Trying to access array offset on value of type int', 'APPPATH\\Views\\dataview.php', 12)
 2 SYSTEMPATH\View\View.php(213): include('APPPATH\\Views\\dataview.php')
 3 SYSTEMPATH\View\View.php(216): CodeIgniter\View\View->CodeIgniter\View\{closure}()
 4 SYSTEMPATH\Common.php(1135): CodeIgniter\View\View->render('dataview', [], true)
 5 APPPATH\Controllers\Users.php(25): view('dataview', [...])
 6 SYSTEMPATH\CodeIgniter.php(896): App\Controllers\Users->index()
 7 SYSTEMPATH\CodeIgniter.php(466): CodeIgniter\CodeIgniter->runController(Object(App\Controllers\Users))
 8 SYSTEMPATH\CodeIgniter.php(349): CodeIgniter\CodeIgniter->handleRequest(null, Object(Config\Cache), false)
 9 FCPATH\index.php(55): CodeIgniter\CodeIgniter->run()
CRITICAL - 2022-07-25 01:28:17 --> Trying to access array offset on value of type int
in APPPATH\Views\dataview.php on line 12.
 1 APPPATH\Views\dataview.php(12): CodeIgniter\Debug\Exceptions->errorHandler(2, 'Trying to access array offset on value of type int', 'APPPATH\\Views\\dataview.php', 12)
 2 SYSTEMPATH\View\View.php(213): include('APPPATH\\Views\\dataview.php')
 3 SYSTEMPATH\View\View.php(216): CodeIgniter\View\View->CodeIgniter\View\{closure}()
 4 SYSTEMPATH\Common.php(1135): CodeIgniter\View\View->render('dataview', [], true)
 5 APPPATH\Controllers\Users.php(25): view('dataview', [...])
 6 SYSTEMPATH\CodeIgniter.php(896): App\Controllers\Users->index()
 7 SYSTEMPATH\CodeIgniter.php(466): CodeIgniter\CodeIgniter->runController(Object(App\Controllers\Users))
 8 SYSTEMPATH\CodeIgniter.php(349): CodeIgniter\CodeIgniter->handleRequest(null, Object(Config\Cache), false)
 9 FCPATH\index.php(55): CodeIgniter\CodeIgniter->run()
CRITICAL - 2022-07-25 01:31:07 --> Undefined array key "name"
in APPPATH\Views\dataview.php on line 11.
 1 APPPATH\Views\dataview.php(11): CodeIgniter\Debug\Exceptions->errorHandler(2, 'Undefined array key "name"', 'APPPATH\\Views\\dataview.php', 11)
 2 SYSTEMPATH\View\View.php(213): include('APPPATH\\Views\\dataview.php')
 3 SYSTEMPATH\View\View.php(216): CodeIgniter\View\View->CodeIgniter\View\{closure}()
 4 SYSTEMPATH\Common.php(1135): CodeIgniter\View\View->render('dataview', [], true)
 5 APPPATH\Controllers\Users.php(25): view('dataview', [...])
 6 SYSTEMPATH\CodeIgniter.php(896): App\Controllers\Users->index()
 7 SYSTEMPATH\CodeIgniter.php(466): CodeIgniter\CodeIgniter->runController(Object(App\Controllers\Users))
 8 SYSTEMPATH\CodeIgniter.php(349): CodeIgniter\CodeIgniter->handleRequest(null, Object(Config\Cache), false)
 9 FCPATH\index.php(55): CodeIgniter\CodeIgniter->run()
CRITICAL - 2022-07-25 01:31:07 --> Undefined array key "name"
in APPPATH\Views\dataview.php on line 11.
 1 APPPATH\Views\dataview.php(11): CodeIgniter\Debug\Exceptions->errorHandler(2, 'Undefined array key "name"', 'APPPATH\\Views\\dataview.php', 11)
 2 SYSTEMPATH\View\View.php(213): include('APPPATH\\Views\\dataview.php')
 3 SYSTEMPATH\View\View.php(216): CodeIgniter\View\View->CodeIgniter\View\{closure}()
 4 SYSTEMPATH\Common.php(1135): CodeIgniter\View\View->render('dataview', [], true)
 5 APPPATH\Controllers\Users.php(25): view('dataview', [...])
 6 SYSTEMPATH\CodeIgniter.php(896): App\Controllers\Users->index()
 7 SYSTEMPATH\CodeIgniter.php(466): CodeIgniter\CodeIgniter->runController(Object(App\Controllers\Users))
 8 SYSTEMPATH\CodeIgniter.php(349): CodeIgniter\CodeIgniter->handleRequest(null, Object(Config\Cache), false)
 9 FCPATH\index.php(55): CodeIgniter\CodeIgniter->run()
CRITICAL - 2022-07-25 01:31:08 --> Undefined array key "name"
in APPPATH\Views\dataview.php on line 11.
 1 APPPATH\Views\dataview.php(11): CodeIgniter\Debug\Exceptions->errorHandler(2, 'Undefined array key "name"', 'APPPATH\\Views\\dataview.php', 11)
 2 SYSTEMPATH\View\View.php(213): include('APPPATH\\Views\\dataview.php')
 3 SYSTEMPATH\View\View.php(216): CodeIgniter\View\View->CodeIgniter\View\{closure}()
 4 SYSTEMPATH\Common.php(1135): CodeIgniter\View\View->render('dataview', [], true)
 5 APPPATH\Controllers\Users.php(25): view('dataview', [...])
 6 SYSTEMPATH\CodeIgniter.php(896): App\Controllers\Users->index()
 7 SYSTEMPATH\CodeIgniter.php(466): CodeIgniter\CodeIgniter->runController(Object(App\Controllers\Users))
 8 SYSTEMPATH\CodeIgniter.php(349): CodeIgniter\CodeIgniter->handleRequest(null, Object(Config\Cache), false)
 9 FCPATH\index.php(55): CodeIgniter\CodeIgniter->run()
CRITICAL - 2022-07-25 01:31:08 --> Undefined array key "name"
in APPPATH\Views\dataview.php on line 11.
 1 APPPATH\Views\dataview.php(11): CodeIgniter\Debug\Exceptions->errorHandler(2, 'Undefined array key "name"', 'APPPATH\\Views\\dataview.php', 11)
 2 SYSTEMPATH\View\View.php(213): include('APPPATH\\Views\\dataview.php')
 3 SYSTEMPATH\View\View.php(216): CodeIgniter\View\View->CodeIgniter\View\{closure}()
 4 SYSTEMPATH\Common.php(1135): CodeIgniter\View\View->render('dataview', [], true)
 5 APPPATH\Controllers\Users.php(25): view('dataview', [...])
 6 SYSTEMPATH\CodeIgniter.php(896): App\Controllers\Users->index()
 7 SYSTEMPATH\CodeIgniter.php(466): CodeIgniter\CodeIgniter->runController(Object(App\Controllers\Users))
 8 SYSTEMPATH\CodeIgniter.php(349): CodeIgniter\CodeIgniter->handleRequest(null, Object(Config\Cache), false)
 9 FCPATH\index.php(55): CodeIgniter\CodeIgniter->run()
CRITICAL - 2022-07-25 01:31:08 --> Undefined array key "name"
in APPPATH\Views\dataview.php on line 11.
 1 APPPATH\Views\dataview.php(11): CodeIgniter\Debug\Exceptions->errorHandler(2, 'Undefined array key "name"', 'APPPATH\\Views\\dataview.php', 11)
 2 SYSTEMPATH\View\View.php(213): include('APPPATH\\Views\\dataview.php')
 3 SYSTEMPATH\View\View.php(216): CodeIgniter\View\View->CodeIgniter\View\{closure}()
 4 SYSTEMPATH\Common.php(1135): CodeIgniter\View\View->render('dataview', [], true)
 5 APPPATH\Controllers\Users.php(25): view('dataview', [...])
 6 SYSTEMPATH\CodeIgniter.php(896): App\Controllers\Users->index()
 7 SYSTEMPATH\CodeIgniter.php(466): CodeIgniter\CodeIgniter->runController(Object(App\Controllers\Users))
 8 SYSTEMPATH\CodeIgniter.php(349): CodeIgniter\CodeIgniter->handleRequest(null, Object(Config\Cache), false)
 9 FCPATH\index.php(55): CodeIgniter\CodeIgniter->run()
CRITICAL - 2022-07-25 01:31:08 --> Undefined array key "name"
in APPPATH\Views\dataview.php on line 11.
 1 APPPATH\Views\dataview.php(11): CodeIgniter\Debug\Exceptions->errorHandler(2, 'Undefined array key "name"', 'APPPATH\\Views\\dataview.php', 11)
 2 SYSTEMPATH\View\View.php(213): include('APPPATH\\Views\\dataview.php')
 3 SYSTEMPATH\View\View.php(216): CodeIgniter\View\View->CodeIgniter\View\{closure}()
 4 SYSTEMPATH\Common.php(1135): CodeIgniter\View\View->render('dataview', [], true)
 5 APPPATH\Controllers\Users.php(25): view('dataview', [...])
 6 SYSTEMPATH\CodeIgniter.php(896): App\Controllers\Users->index()
 7 SYSTEMPATH\CodeIgniter.php(466): CodeIgniter\CodeIgniter->runController(Object(App\Controllers\Users))
 8 SYSTEMPATH\CodeIgniter.php(349): CodeIgniter\CodeIgniter->handleRequest(null, Object(Config\Cache), false)
 9 FCPATH\index.php(55): CodeIgniter\CodeIgniter->run()
CRITICAL - 2022-07-25 01:31:09 --> Undefined array key "name"
in APPPATH\Views\dataview.php on line 11.
 1 APPPATH\Views\dataview.php(11): CodeIgniter\Debug\Exceptions->errorHandler(2, 'Undefined array key "name"', 'APPPATH\\Views\\dataview.php', 11)
 2 SYSTEMPATH\View\View.php(213): include('APPPATH\\Views\\dataview.php')
 3 SYSTEMPATH\View\View.php(216): CodeIgniter\View\View->CodeIgniter\View\{closure}()
 4 SYSTEMPATH\Common.php(1135): CodeIgniter\View\View->render('dataview', [], true)
 5 APPPATH\Controllers\Users.php(25): view('dataview', [...])
 6 SYSTEMPATH\CodeIgniter.php(896): App\Controllers\Users->index()
 7 SYSTEMPATH\CodeIgniter.php(466): CodeIgniter\CodeIgniter->runController(Object(App\Controllers\Users))
 8 SYSTEMPATH\CodeIgniter.php(349): CodeIgniter\CodeIgniter->handleRequest(null, Object(Config\Cache), false)
 9 FCPATH\index.php(55): CodeIgniter\CodeIgniter->run()
CRITICAL - 2022-07-25 01:32:10 --> Array to string conversion
in APPPATH\Views\dataview.php on line 13.
 1 APPPATH\Views\dataview.php(13): CodeIgniter\Debug\Exceptions->errorHandler(2, 'Array to string conversion', 'APPPATH\\Views\\dataview.php', 13)
 2 SYSTEMPATH\View\View.php(213): include('APPPATH\\Views\\dataview.php')
 3 SYSTEMPATH\View\View.php(216): CodeIgniter\View\View->CodeIgniter\View\{closure}()
 4 SYSTEMPATH\Common.php(1135): CodeIgniter\View\View->render('dataview', [], true)
 5 APPPATH\Controllers\Users.php(25): view('dataview', [...])
 6 SYSTEMPATH\CodeIgniter.php(896): App\Controllers\Users->index()
 7 SYSTEMPATH\CodeIgniter.php(466): CodeIgniter\CodeIgniter->runController(Object(App\Controllers\Users))
 8 SYSTEMPATH\CodeIgniter.php(349): CodeIgniter\CodeIgniter->handleRequest(null, Object(Config\Cache), false)
 9 FCPATH\index.php(55): CodeIgniter\CodeIgniter->run()
CRITICAL - 2022-07-25 01:32:24 --> Illegal offset type
in APPPATH\Views\dataview.php on line 13.
 1 SYSTEMPATH\View\View.php(213): include()
 2 SYSTEMPATH\View\View.php(216): CodeIgniter\View\View->CodeIgniter\View\{closure}()
 3 SYSTEMPATH\Common.php(1135): CodeIgniter\View\View->render('dataview', [], true)
 4 APPPATH\Controllers\Users.php(25): view('dataview', [...])
 5 SYSTEMPATH\CodeIgniter.php(896): App\Controllers\Users->index()
 6 SYSTEMPATH\CodeIgniter.php(466): CodeIgniter\CodeIgniter->runController(Object(App\Controllers\Users))
 7 SYSTEMPATH\CodeIgniter.php(349): CodeIgniter\CodeIgniter->handleRequest(null, Object(Config\Cache), false)
 8 FCPATH\index.php(55): CodeIgniter\CodeIgniter->run()
CRITICAL - 2022-07-25 01:32:35 --> Illegal offset type
in APPPATH\Views\dataview.php on line 13.
 1 SYSTEMPATH\View\View.php(213): include()
 2 SYSTEMPATH\View\View.php(216): CodeIgniter\View\View->CodeIgniter\View\{closure}()
 3 SYSTEMPATH\Common.php(1135): CodeIgniter\View\View->render('dataview', [], true)
 4 APPPATH\Controllers\Users.php(25): view('dataview', [...])
 5 SYSTEMPATH\CodeIgniter.php(896): App\Controllers\Users->index()
 6 SYSTEMPATH\CodeIgniter.php(466): CodeIgniter\CodeIgniter->runController(Object(App\Controllers\Users))
 7 SYSTEMPATH\CodeIgniter.php(349): CodeIgniter\CodeIgniter->handleRequest(null, Object(Config\Cache), false)
 8 FCPATH\index.php(55): CodeIgniter\CodeIgniter->run()
CRITICAL - 2022-07-25 01:32:36 --> Illegal offset type
in APPPATH\Views\dataview.php on line 13.
 1 SYSTEMPATH\View\View.php(213): include()
 2 SYSTEMPATH\View\View.php(216): CodeIgniter\View\View->CodeIgniter\View\{closure}()
 3 SYSTEMPATH\Common.php(1135): CodeIgniter\View\View->render('dataview', [], true)
 4 APPPATH\Controllers\Users.php(25): view('dataview', [...])
 5 SYSTEMPATH\CodeIgniter.php(896): App\Controllers\Users->index()
 6 SYSTEMPATH\CodeIgniter.php(466): CodeIgniter\CodeIgniter->runController(Object(App\Controllers\Users))
 7 SYSTEMPATH\CodeIgniter.php(349): CodeIgniter\CodeIgniter->handleRequest(null, Object(Config\Cache), false)
 8 FCPATH\index.php(55): CodeIgniter\CodeIgniter->run()
CRITICAL - 2022-07-25 01:32:47 --> Trying to access array offset on value of type int
in APPPATH\Views\dataview.php on line 13.
 1 APPPATH\Views\dataview.php(13): CodeIgniter\Debug\Exceptions->errorHandler(2, 'Trying to access array offset on value of type int', 'APPPATH\\Views\\dataview.php', 13)
 2 SYSTEMPATH\View\View.php(213): include('APPPATH\\Views\\dataview.php')
 3 SYSTEMPATH\View\View.php(216): CodeIgniter\View\View->CodeIgniter\View\{closure}()
 4 SYSTEMPATH\Common.php(1135): CodeIgniter\View\View->render('dataview', [], true)
 5 APPPATH\Controllers\Users.php(25): view('dataview', [...])
 6 SYSTEMPATH\CodeIgniter.php(896): App\Controllers\Users->index()
 7 SYSTEMPATH\CodeIgniter.php(466): CodeIgniter\CodeIgniter->runController(Object(App\Controllers\Users))
 8 SYSTEMPATH\CodeIgniter.php(349): CodeIgniter\CodeIgniter->handleRequest(null, Object(Config\Cache), false)
 9 FCPATH\index.php(55): CodeIgniter\CodeIgniter->run()
CRITICAL - 2022-07-25 01:33:04 --> Trying to access array offset on value of type int
in APPPATH\Views\dataview.php on line 13.
 1 APPPATH\Views\dataview.php(13): CodeIgniter\Debug\Exceptions->errorHandler(2, 'Trying to access array offset on value of type int', 'APPPATH\\Views\\dataview.php', 13)
 2 SYSTEMPATH\View\View.php(213): include('APPPATH\\Views\\dataview.php')
 3 SYSTEMPATH\View\View.php(216): CodeIgniter\View\View->CodeIgniter\View\{closure}()
 4 SYSTEMPATH\Common.php(1135): CodeIgniter\View\View->render('dataview', [], true)
 5 APPPATH\Controllers\Users.php(25): view('dataview', [...])
 6 SYSTEMPATH\CodeIgniter.php(896): App\Controllers\Users->index()
 7 SYSTEMPATH\CodeIgniter.php(466): CodeIgniter\CodeIgniter->runController(Object(App\Controllers\Users))
 8 SYSTEMPATH\CodeIgniter.php(349): CodeIgniter\CodeIgniter->handleRequest(null, Object(Config\Cache), false)
 9 FCPATH\index.php(55): CodeIgniter\CodeIgniter->run()
CRITICAL - 2022-07-25 04:59:06 --> Undefined variable $names
in APPPATH\Views\dataview.php on line 12.
 1 APPPATH\Views\dataview.php(12): CodeIgniter\Debug\Exceptions->errorHandler(2, 'Undefined variable $names', 'APPPATH\\Views\\dataview.php', 12)
 2 SYSTEMPATH\View\View.php(213): include('APPPATH\\Views\\dataview.php')
 3 SYSTEMPATH\View\View.php(216): CodeIgniter\View\View->CodeIgniter\View\{closure}()
 4 SYSTEMPATH\Common.php(1135): CodeIgniter\View\View->render('dataview', [], true)
 5 APPPATH\Controllers\Users.php(19): view('dataview', [...])
 6 SYSTEMPATH\CodeIgniter.php(896): App\Controllers\Users->index()
 7 SYSTEMPATH\CodeIgniter.php(466): CodeIgniter\CodeIgniter->runController(Object(App\Controllers\Users))
 8 SYSTEMPATH\CodeIgniter.php(349): CodeIgniter\CodeIgniter->handleRequest(null, Object(Config\Cache), false)
 9 FCPATH\index.php(55): CodeIgniter\CodeIgniter->run()
CRITICAL - 2022-07-25 04:59:08 --> Undefined variable $names
in APPPATH\Views\dataview.php on line 12.
 1 APPPATH\Views\dataview.php(12): CodeIgniter\Debug\Exceptions->errorHandler(2, 'Undefined variable $names', 'APPPATH\\Views\\dataview.php', 12)
 2 SYSTEMPATH\View\View.php(213): include('APPPATH\\Views\\dataview.php')
 3 SYSTEMPATH\View\View.php(216): CodeIgniter\View\View->CodeIgniter\View\{closure}()
 4 SYSTEMPATH\Common.php(1135): CodeIgniter\View\View->render('dataview', [], true)
 5 APPPATH\Controllers\Users.php(19): view('dataview', [...])
 6 SYSTEMPATH\CodeIgniter.php(896): App\Controllers\Users->index()
 7 SYSTEMPATH\CodeIgniter.php(466): CodeIgniter\CodeIgniter->runController(Object(App\Controllers\Users))
 8 SYSTEMPATH\CodeIgniter.php(349): CodeIgniter\CodeIgniter->handleRequest(null, Object(Config\Cache), false)
 9 FCPATH\index.php(55): CodeIgniter\CodeIgniter->run()
CRITICAL - 2022-07-25 04:59:09 --> Undefined variable $names
in APPPATH\Views\dataview.php on line 12.
 1 APPPATH\Views\dataview.php(12): CodeIgniter\Debug\Exceptions->errorHandler(2, 'Undefined variable $names', 'APPPATH\\Views\\dataview.php', 12)
 2 SYSTEMPATH\View\View.php(213): include('APPPATH\\Views\\dataview.php')
 3 SYSTEMPATH\View\View.php(216): CodeIgniter\View\View->CodeIgniter\View\{closure}()
 4 SYSTEMPATH\Common.php(1135): CodeIgniter\View\View->render('dataview', [], true)
 5 APPPATH\Controllers\Users.php(19): view('dataview', [...])
 6 SYSTEMPATH\CodeIgniter.php(896): App\Controllers\Users->index()
 7 SYSTEMPATH\CodeIgniter.php(466): CodeIgniter\CodeIgniter->runController(Object(App\Controllers\Users))
 8 SYSTEMPATH\CodeIgniter.php(349): CodeIgniter\CodeIgniter->handleRequest(null, Object(Config\Cache), false)
 9 FCPATH\index.php(55): CodeIgniter\CodeIgniter->run()
CRITICAL - 2022-07-25 04:59:45 --> Undefined variable $name
in APPPATH\Views\dataview.php on line 13.
 1 APPPATH\Views\dataview.php(13): CodeIgniter\Debug\Exceptions->errorHandler(2, 'Undefined variable $name', 'APPPATH\\Views\\dataview.php', 13)
 2 SYSTEMPATH\View\View.php(213): include('APPPATH\\Views\\dataview.php')
 3 SYSTEMPATH\View\View.php(216): CodeIgniter\View\View->CodeIgniter\View\{closure}()
 4 SYSTEMPATH\Common.php(1135): CodeIgniter\View\View->render('dataview', [], true)
 5 APPPATH\Controllers\Users.php(19): view('dataview', [...])
 6 SYSTEMPATH\CodeIgniter.php(896): App\Controllers\Users->index()
 7 SYSTEMPATH\CodeIgniter.php(466): CodeIgniter\CodeIgniter->runController(Object(App\Controllers\Users))
 8 SYSTEMPATH\CodeIgniter.php(349): CodeIgniter\CodeIgniter->handleRequest(null, Object(Config\Cache), false)
 9 FCPATH\index.php(55): CodeIgniter\CodeIgniter->run()
CRITICAL - 2022-07-25 05:00:12 --> Undefined array key "user"
in APPPATH\Views\dataview.php on line 13.
 1 APPPATH\Views\dataview.php(13): CodeIgniter\Debug\Exceptions->errorHandler(2, 'Undefined array key "user"', 'APPPATH\\Views\\dataview.php', 13)
 2 SYSTEMPATH\View\View.php(213): include('APPPATH\\Views\\dataview.php')
 3 SYSTEMPATH\View\View.php(216): CodeIgniter\View\View->CodeIgniter\View\{closure}()
 4 SYSTEMPATH\Common.php(1135): CodeIgniter\View\View->render('dataview', [], true)
 5 APPPATH\Controllers\Users.php(19): view('dataview', [...])
 6 SYSTEMPATH\CodeIgniter.php(896): App\Controllers\Users->index()
 7 SYSTEMPATH\CodeIgniter.php(466): CodeIgniter\CodeIgniter->runController(Object(App\Controllers\Users))
 8 SYSTEMPATH\CodeIgniter.php(349): CodeIgniter\CodeIgniter->handleRequest(null, Object(Config\Cache), false)
 9 FCPATH\index.php(55): CodeIgniter\CodeIgniter->run()
CRITICAL - 2022-07-25 05:00:34 --> Undefined array key ""
in APPPATH\Views\dataview.php on line 13.
 1 APPPATH\Views\dataview.php(13): CodeIgniter\Debug\Exceptions->errorHandler(2, 'Undefined array key ""', 'APPPATH\\Views\\dataview.php', 13)
 2 SYSTEMPATH\View\View.php(213): include('APPPATH\\Views\\dataview.php')
 3 SYSTEMPATH\View\View.php(216): CodeIgniter\View\View->CodeIgniter\View\{closure}()
 4 SYSTEMPATH\Common.php(1135): CodeIgniter\View\View->render('dataview', [], true)
 5 APPPATH\Controllers\Users.php(19): view('dataview', [...])
 6 SYSTEMPATH\CodeIgniter.php(896): App\Controllers\Users->index()
 7 SYSTEMPATH\CodeIgniter.php(466): CodeIgniter\CodeIgniter->runController(Object(App\Controllers\Users))
 8 SYSTEMPATH\CodeIgniter.php(349): CodeIgniter\CodeIgniter->handleRequest(null, Object(Config\Cache), false)
 9 FCPATH\index.php(55): CodeIgniter\CodeIgniter->run()
CRITICAL - 2022-07-25 05:00:41 --> Cannot use [] for reading
in APPPATH\Views\dataview.php on line 13.
 1 [internal function]: CodeIgniter\Debug\Exceptions->shutdownHandler()
CRITICAL - 2022-07-25 05:00:48 --> Array to string conversion
in APPPATH\Views\dataview.php on line 13.
 1 APPPATH\Views\dataview.php(13): CodeIgniter\Debug\Exceptions->errorHandler(2, 'Array to string conversion', 'APPPATH\\Views\\dataview.php', 13)
 2 SYSTEMPATH\View\View.php(213): include('APPPATH\\Views\\dataview.php')
 3 SYSTEMPATH\View\View.php(216): CodeIgniter\View\View->CodeIgniter\View\{closure}()
 4 SYSTEMPATH\Common.php(1135): CodeIgniter\View\View->render('dataview', [], true)
 5 APPPATH\Controllers\Users.php(19): view('dataview', [...])
 6 SYSTEMPATH\CodeIgniter.php(896): App\Controllers\Users->index()
 7 SYSTEMPATH\CodeIgniter.php(466): CodeIgniter\CodeIgniter->runController(Object(App\Controllers\Users))
 8 SYSTEMPATH\CodeIgniter.php(349): CodeIgniter\CodeIgniter->handleRequest(null, Object(Config\Cache), false)
 9 FCPATH\index.php(55): CodeIgniter\CodeIgniter->run()
