CRITICAL - 2022-07-28 00:00:59 --> Undefined property: CodeIgniter\Validation\Validation::$getErrors
in APPPATH\Views\pages\signup.php on line 54.
 1 APPPATH\Views\pages\signup.php(54): CodeIgniter\Debug\Exceptions->errorHandler(2, 'Undefined property: CodeIgniter\\Validation\\Validation::$getErrors', 'APPPATH\\Views\\pages\\signup.php', 54)
 2 SYSTEMPATH\View\View.php(213): include('APPPATH\\Views\\pages\\signup.php')
 3 SYSTEMPATH\View\View.php(216): CodeIgniter\View\View->CodeIgniter\View\{closure}()
 4 SYSTEMPATH\Common.php(1135): CodeIgniter\View\View->render('pages/signup', [], true)
 5 APPPATH\Controllers\Pages.php(49): view('pages/signup')
 6 SYSTEMPATH\CodeIgniter.php(896): App\Controllers\Pages->signup()
 7 SYSTEMPATH\CodeIgniter.php(466): CodeIgniter\CodeIgniter->runController(Object(App\Controllers\Pages))
 8 SYSTEMPATH\CodeIgniter.php(349): CodeIgniter\CodeIgniter->handleRequest(null, Object(Config\Cache), false)
 9 FCPATH\index.php(55): CodeIgniter\CodeIgniter->run()
CRITICAL - 2022-07-28 00:10:43 --> Undefined property: CodeIgniter\Validation\Validation::$listErrors
in APPPATH\Views\pages\signup.php on line 54.
 1 APPPATH\Views\pages\signup.php(54): CodeIgniter\Debug\Exceptions->errorHandler(2, 'Undefined property: CodeIgniter\\Validation\\Validation::$listErrors', 'APPPATH\\Views\\pages\\signup.php', 54)
 2 SYSTEMPATH\View\View.php(213): include('APPPATH\\Views\\pages\\signup.php')
 3 SYSTEMPATH\View\View.php(216): CodeIgniter\View\View->CodeIgniter\View\{closure}()
 4 SYSTEMPATH\Common.php(1135): CodeIgniter\View\View->render('pages/signup', [], true)
 5 APPPATH\Controllers\Pages.php(49): view('pages/signup')
 6 SYSTEMPATH\CodeIgniter.php(896): App\Controllers\Pages->signup()
 7 SYSTEMPATH\CodeIgniter.php(466): CodeIgniter\CodeIgniter->runController(Object(App\Controllers\Pages))
 8 SYSTEMPATH\CodeIgniter.php(349): CodeIgniter\CodeIgniter->handleRequest(null, Object(Config\Cache), false)
 9 FCPATH\index.php(55): CodeIgniter\CodeIgniter->run()
CRITICAL - 2022-07-28 00:18:57 --> Undefined property: App\Controllers\Pages::$validation
in APPPATH\Controllers\Pages.php on line 38.
 1 APPPATH\Controllers\Pages.php(38): CodeIgniter\Debug\Exceptions->errorHandler(2, 'Undefined property: App\\Controllers\\Pages::$validation', 'APPPATH\\Controllers\\Pages.php', 38)
 2 SYSTEMPATH\CodeIgniter.php(896): App\Controllers\Pages->signup()
 3 SYSTEMPATH\CodeIgniter.php(466): CodeIgniter\CodeIgniter->runController(Object(App\Controllers\Pages))
 4 SYSTEMPATH\CodeIgniter.php(349): CodeIgniter\CodeIgniter->handleRequest(null, Object(Config\Cache), false)
 5 FCPATH\index.php(55): CodeIgniter\CodeIgniter->run()
CRITICAL - 2022-07-28 00:19:23 --> Undefined variable $request
in APPPATH\Controllers\Pages.php on line 38.
 1 APPPATH\Controllers\Pages.php(38): CodeIgniter\Debug\Exceptions->errorHandler(2, 'Undefined variable $request', 'APPPATH\\Controllers\\Pages.php', 38)
 2 SYSTEMPATH\CodeIgniter.php(896): App\Controllers\Pages->signup()
 3 SYSTEMPATH\CodeIgniter.php(466): CodeIgniter\CodeIgniter->runController(Object(App\Controllers\Pages))
 4 SYSTEMPATH\CodeIgniter.php(349): CodeIgniter\CodeIgniter->handleRequest(null, Object(Config\Cache), false)
 5 FCPATH\index.php(55): CodeIgniter\CodeIgniter->run()
CRITICAL - 2022-07-28 00:20:19 --> Undefined property: App\Controllers\Pages::$validation
in APPPATH\Controllers\Pages.php on line 40.
 1 APPPATH\Controllers\Pages.php(40): CodeIgniter\Debug\Exceptions->errorHandler(2, 'Undefined property: App\\Controllers\\Pages::$validation', 'APPPATH\\Controllers\\Pages.php', 40)
 2 SYSTEMPATH\CodeIgniter.php(896): App\Controllers\Pages->signup()
 3 SYSTEMPATH\CodeIgniter.php(466): CodeIgniter\CodeIgniter->runController(Object(App\Controllers\Pages))
 4 SYSTEMPATH\CodeIgniter.php(349): CodeIgniter\CodeIgniter->handleRequest(null, Object(Config\Cache), false)
 5 FCPATH\index.php(55): CodeIgniter\CodeIgniter->run()
CRITICAL - 2022-07-28 00:21:44 --> Undefined variable $title
in APPPATH\Views\layouts\header.php on line 12.
 1 APPPATH\Views\layouts\header.php(12): CodeIgniter\Debug\Exceptions->errorHandler(2, 'Undefined variable $title', 'APPPATH\\Views\\layouts\\header.php', 12)
 2 SYSTEMPATH\View\View.php(213): include('APPPATH\\Views\\layouts\\header.php')
 3 SYSTEMPATH\View\View.php(216): CodeIgniter\View\View->CodeIgniter\View\{closure}()
 4 SYSTEMPATH\Common.php(1135): CodeIgniter\View\View->render('layouts/header', [], true)
 5 APPPATH\Controllers\Pages.php(48): view('layouts/header')
 6 SYSTEMPATH\CodeIgniter.php(896): App\Controllers\Pages->signup()
 7 SYSTEMPATH\CodeIgniter.php(466): CodeIgniter\CodeIgniter->runController(Object(App\Controllers\Pages))
 8 SYSTEMPATH\CodeIgniter.php(349): CodeIgniter\CodeIgniter->handleRequest(null, Object(Config\Cache), false)
 9 FCPATH\index.php(55): CodeIgniter\CodeIgniter->run()
CRITICAL - 2022-07-28 00:22:30 --> syntax error, unexpected variable "$data"
in APPPATH\Controllers\Pages.php on line 56.
 1 SYSTEMPATH\Autoloader\Autoloader.php(261): CodeIgniter\Autoloader\Autoloader->includeFile('APPPATH\\Controllers\\Pages.php')
 2 SYSTEMPATH\Autoloader\Autoloader.php(239): CodeIgniter\Autoloader\Autoloader->loadInNamespace('App\\Controllers\\Pages')
 3 [internal function]: CodeIgniter\Autoloader\Autoloader->loadClass('App\\Controllers\\Pages')
 4 SYSTEMPATH\CodeIgniter.php(846): class_exists('\\App\\Controllers\\Pages', true)
 5 SYSTEMPATH\CodeIgniter.php(453): CodeIgniter\CodeIgniter->startController()
 6 SYSTEMPATH\CodeIgniter.php(349): CodeIgniter\CodeIgniter->handleRequest(null, Object(Config\Cache), false)
 7 FCPATH\index.php(55): CodeIgniter\CodeIgniter->run()
CRITICAL - 2022-07-28 00:22:45 --> Undefined variable $title
in APPPATH\Views\layouts\header.php on line 12.
 1 APPPATH\Views\layouts\header.php(12): CodeIgniter\Debug\Exceptions->errorHandler(2, 'Undefined variable $title', 'APPPATH\\Views\\layouts\\header.php', 12)
 2 SYSTEMPATH\View\View.php(213): include('APPPATH\\Views\\layouts\\header.php')
 3 SYSTEMPATH\View\View.php(216): CodeIgniter\View\View->CodeIgniter\View\{closure}()
 4 SYSTEMPATH\Common.php(1135): CodeIgniter\View\View->render('layouts/header', [], true)
 5 APPPATH\Controllers\Pages.php(48): view('layouts/header')
 6 SYSTEMPATH\CodeIgniter.php(896): App\Controllers\Pages->signup()
 7 SYSTEMPATH\CodeIgniter.php(466): CodeIgniter\CodeIgniter->runController(Object(App\Controllers\Pages))
 8 SYSTEMPATH\CodeIgniter.php(349): CodeIgniter\CodeIgniter->handleRequest(null, Object(Config\Cache), false)
 9 FCPATH\index.php(55): CodeIgniter\CodeIgniter->run()
CRITICAL - 2022-07-28 00:23:44 --> Undefined variable $title
in APPPATH\Views\layouts\header.php on line 12.
 1 APPPATH\Views\layouts\header.php(12): CodeIgniter\Debug\Exceptions->errorHandler(2, 'Undefined variable $title', 'APPPATH\\Views\\layouts\\header.php', 12)
 2 SYSTEMPATH\View\View.php(213): include('APPPATH\\Views\\layouts\\header.php')
 3 SYSTEMPATH\View\View.php(216): CodeIgniter\View\View->CodeIgniter\View\{closure}()
 4 SYSTEMPATH\Common.php(1135): CodeIgniter\View\View->render('layouts/header', [], true)
 5 APPPATH\Controllers\Pages.php(51): view('layouts/header')
 6 SYSTEMPATH\CodeIgniter.php(896): App\Controllers\Pages->signup()
 7 SYSTEMPATH\CodeIgniter.php(466): CodeIgniter\CodeIgniter->runController(Object(App\Controllers\Pages))
 8 SYSTEMPATH\CodeIgniter.php(349): CodeIgniter\CodeIgniter->handleRequest(null, Object(Config\Cache), false)
 9 FCPATH\index.php(55): CodeIgniter\CodeIgniter->run()
CRITICAL - 2022-07-28 00:24:02 --> Undefined variable $validation
in APPPATH\Views\pages\signup.php on line 54.
 1 APPPATH\Views\pages\signup.php(54): CodeIgniter\Debug\Exceptions->errorHandler(2, 'Undefined variable $validation', 'APPPATH\\Views\\pages\\signup.php', 54)
 2 SYSTEMPATH\View\View.php(213): include('APPPATH\\Views\\pages\\signup.php')
 3 SYSTEMPATH\View\View.php(216): CodeIgniter\View\View->CodeIgniter\View\{closure}()
 4 SYSTEMPATH\Common.php(1135): CodeIgniter\View\View->render('pages/signup', [], true)
 5 APPPATH\Controllers\Pages.php(52): view('pages/signup')
 6 SYSTEMPATH\CodeIgniter.php(896): App\Controllers\Pages->signup()
 7 SYSTEMPATH\CodeIgniter.php(466): CodeIgniter\CodeIgniter->runController(Object(App\Controllers\Pages))
 8 SYSTEMPATH\CodeIgniter.php(349): CodeIgniter\CodeIgniter->handleRequest(null, Object(Config\Cache), false)
 9 FCPATH\index.php(55): CodeIgniter\CodeIgniter->run()
CRITICAL - 2022-07-28 00:24:40 --> Undefined property: CodeIgniter\Validation\Validation::$listErrors
in APPPATH\Views\pages\signup.php on line 54.
 1 APPPATH\Views\pages\signup.php(54): CodeIgniter\Debug\Exceptions->errorHandler(2, 'Undefined property: CodeIgniter\\Validation\\Validation::$listErrors', 'APPPATH\\Views\\pages\\signup.php', 54)
 2 SYSTEMPATH\View\View.php(213): include('APPPATH\\Views\\pages\\signup.php')
 3 SYSTEMPATH\View\View.php(216): CodeIgniter\View\View->CodeIgniter\View\{closure}()
 4 SYSTEMPATH\Common.php(1135): CodeIgniter\View\View->render('pages/signup', [], true)
 5 APPPATH\Controllers\Pages.php(52): view('pages/signup')
 6 SYSTEMPATH\CodeIgniter.php(896): App\Controllers\Pages->signup()
 7 SYSTEMPATH\CodeIgniter.php(466): CodeIgniter\CodeIgniter->runController(Object(App\Controllers\Pages))
 8 SYSTEMPATH\CodeIgniter.php(349): CodeIgniter\CodeIgniter->handleRequest(null, Object(Config\Cache), false)
 9 FCPATH\index.php(55): CodeIgniter\CodeIgniter->run()
CRITICAL - 2022-07-28 00:25:36 --> Object of class CodeIgniter\Validation\Validation could not be converted to string
in APPPATH\Views\pages\signup.php on line 55.
 1 SYSTEMPATH\View\View.php(213): include()
 2 SYSTEMPATH\View\View.php(216): CodeIgniter\View\View->CodeIgniter\View\{closure}()
 3 SYSTEMPATH\Common.php(1135): CodeIgniter\View\View->render('pages/signup', [], true)
 4 APPPATH\Controllers\Pages.php(52): view('pages/signup')
 5 SYSTEMPATH\CodeIgniter.php(896): App\Controllers\Pages->signup()
 6 SYSTEMPATH\CodeIgniter.php(466): CodeIgniter\CodeIgniter->runController(Object(App\Controllers\Pages))
 7 SYSTEMPATH\CodeIgniter.php(349): CodeIgniter\CodeIgniter->handleRequest(null, Object(Config\Cache), false)
 8 FCPATH\index.php(55): CodeIgniter\CodeIgniter->run()
CRITICAL - 2022-07-28 00:25:55 --> Object of class CodeIgniter\Validation\Validation could not be converted to string
in APPPATH\Views\pages\signup.php on line 55.
 1 SYSTEMPATH\View\View.php(213): include()
 2 SYSTEMPATH\View\View.php(216): CodeIgniter\View\View->CodeIgniter\View\{closure}()
 3 SYSTEMPATH\Common.php(1135): CodeIgniter\View\View->render('pages/signup', [], true)
 4 APPPATH\Controllers\Pages.php(52): view('pages/signup')
 5 SYSTEMPATH\CodeIgniter.php(896): App\Controllers\Pages->signup()
 6 SYSTEMPATH\CodeIgniter.php(466): CodeIgniter\CodeIgniter->runController(Object(App\Controllers\Pages))
 7 SYSTEMPATH\CodeIgniter.php(349): CodeIgniter\CodeIgniter->handleRequest(null, Object(Config\Cache), false)
 8 FCPATH\index.php(55): CodeIgniter\CodeIgniter->run()
CRITICAL - 2022-07-28 00:30:27 --> Array to string conversion
in APPPATH\Views\pages\signup.php on line 55.
 1 APPPATH\Views\pages\signup.php(55): CodeIgniter\Debug\Exceptions->errorHandler(2, 'Array to string conversion', 'APPPATH\\Views\\pages\\signup.php', 55)
 2 SYSTEMPATH\View\View.php(213): include('APPPATH\\Views\\pages\\signup.php')
 3 SYSTEMPATH\View\View.php(216): CodeIgniter\View\View->CodeIgniter\View\{closure}()
 4 SYSTEMPATH\Common.php(1135): CodeIgniter\View\View->render('pages/signup', [], true)
 5 APPPATH\Controllers\Pages.php(52): view('pages/signup')
 6 SYSTEMPATH\CodeIgniter.php(896): App\Controllers\Pages->signup()
 7 SYSTEMPATH\CodeIgniter.php(466): CodeIgniter\CodeIgniter->runController(Object(App\Controllers\Pages))
 8 SYSTEMPATH\CodeIgniter.php(349): CodeIgniter\CodeIgniter->handleRequest(null, Object(Config\Cache), false)
 9 FCPATH\index.php(55): CodeIgniter\CodeIgniter->run()
CRITICAL - 2022-07-28 00:42:32 --> Undefined variable $validation
in APPPATH\Views\pages\signup.php on line 55.
 1 APPPATH\Views\pages\signup.php(55): CodeIgniter\Debug\Exceptions->errorHandler(2, 'Undefined variable $validation', 'APPPATH\\Views\\pages\\signup.php', 55)
 2 SYSTEMPATH\View\View.php(213): include('APPPATH\\Views\\pages\\signup.php')
 3 SYSTEMPATH\View\View.php(216): CodeIgniter\View\View->CodeIgniter\View\{closure}()
 4 SYSTEMPATH\Common.php(1135): CodeIgniter\View\View->render('pages/signup', [], true)
 5 APPPATH\Controllers\Pages.php(42): view('pages/signup')
 6 SYSTEMPATH\CodeIgniter.php(896): App\Controllers\Pages->signup()
 7 SYSTEMPATH\CodeIgniter.php(466): CodeIgniter\CodeIgniter->runController(Object(App\Controllers\Pages))
 8 SYSTEMPATH\CodeIgniter.php(349): CodeIgniter\CodeIgniter->handleRequest(null, Object(Config\Cache), false)
 9 FCPATH\index.php(55): CodeIgniter\CodeIgniter->run()
CRITICAL - 2022-07-28 00:46:37 --> Undefined variable $validation
in APPPATH\Views\pages\signup.php on line 53.
 1 APPPATH\Views\pages\signup.php(53): CodeIgniter\Debug\Exceptions->errorHandler(2, 'Undefined variable $validation', 'APPPATH\\Views\\pages\\signup.php', 53)
 2 SYSTEMPATH\View\View.php(213): include('APPPATH\\Views\\pages\\signup.php')
 3 SYSTEMPATH\View\View.php(216): CodeIgniter\View\View->CodeIgniter\View\{closure}()
 4 SYSTEMPATH\Common.php(1135): CodeIgniter\View\View->render('pages/signup', [], true)
 5 APPPATH\Controllers\Pages.php(42): view('pages/signup')
 6 SYSTEMPATH\CodeIgniter.php(896): App\Controllers\Pages->signup()
 7 SYSTEMPATH\CodeIgniter.php(466): CodeIgniter\CodeIgniter->runController(Object(App\Controllers\Pages))
 8 SYSTEMPATH\CodeIgniter.php(349): CodeIgniter\CodeIgniter->handleRequest(null, Object(Config\Cache), false)
 9 FCPATH\index.php(55): CodeIgniter\CodeIgniter->run()
CRITICAL - 2022-07-28 00:47:06 --> Undefined variable $request
in APPPATH\Views\pages\signup.php on line 54.
 1 APPPATH\Views\pages\signup.php(54): CodeIgniter\Debug\Exceptions->errorHandler(2, 'Undefined variable $request', 'APPPATH\\Views\\pages\\signup.php', 54)
 2 SYSTEMPATH\View\View.php(213): include('APPPATH\\Views\\pages\\signup.php')
 3 SYSTEMPATH\View\View.php(216): CodeIgniter\View\View->CodeIgniter\View\{closure}()
 4 SYSTEMPATH\Common.php(1135): CodeIgniter\View\View->render('pages/signup', [], true)
 5 APPPATH\Controllers\Pages.php(42): view('pages/signup')
 6 SYSTEMPATH\CodeIgniter.php(896): App\Controllers\Pages->signup()
 7 SYSTEMPATH\CodeIgniter.php(466): CodeIgniter\CodeIgniter->runController(Object(App\Controllers\Pages))
 8 SYSTEMPATH\CodeIgniter.php(349): CodeIgniter\CodeIgniter->handleRequest(null, Object(Config\Cache), false)
 9 FCPATH\index.php(55): CodeIgniter\CodeIgniter->run()
CRITICAL - 2022-07-28 02:07:14 --> Undefined variable $title
in APPPATH\Views\pages\signup.php on line 7.
 1 APPPATH\Views\pages\signup.php(7): CodeIgniter\Debug\Exceptions->errorHandler(2, 'Undefined variable $title', 'APPPATH\\Views\\pages\\signup.php', 7)
 2 SYSTEMPATH\View\View.php(213): include('APPPATH\\Views\\pages\\signup.php')
 3 SYSTEMPATH\View\View.php(216): CodeIgniter\View\View->CodeIgniter\View\{closure}()
 4 SYSTEMPATH\Common.php(1135): CodeIgniter\View\View->render('pages/signup', [], true)
 5 APPPATH\Controllers\Pages.php(43): view('pages/signup', [...])
 6 SYSTEMPATH\CodeIgniter.php(896): App\Controllers\Pages->signup()
 7 SYSTEMPATH\CodeIgniter.php(466): CodeIgniter\CodeIgniter->runController(Object(App\Controllers\Pages))
 8 SYSTEMPATH\CodeIgniter.php(349): CodeIgniter\CodeIgniter->handleRequest(null, Object(Config\Cache), false)
 9 FCPATH\index.php(55): CodeIgniter\CodeIgniter->run()
CRITICAL - 2022-07-28 02:07:49 --> Call to undefined function link_tag()
in APPPATH\Views\pages\signup.php on line 13.
 1 SYSTEMPATH\View\View.php(213): include()
 2 SYSTEMPATH\View\View.php(216): CodeIgniter\View\View->CodeIgniter\View\{closure}()
 3 SYSTEMPATH\Common.php(1135): CodeIgniter\View\View->render('pages/signup', [], true)
 4 APPPATH\Controllers\Pages.php(45): view('pages/signup', [...])
 5 SYSTEMPATH\CodeIgniter.php(896): App\Controllers\Pages->signup()
 6 SYSTEMPATH\CodeIgniter.php(466): CodeIgniter\CodeIgniter->runController(Object(App\Controllers\Pages))
 7 SYSTEMPATH\CodeIgniter.php(349): CodeIgniter\CodeIgniter->handleRequest(null, Object(Config\Cache), false)
 8 FCPATH\index.php(55): CodeIgniter\CodeIgniter->run()
CRITICAL - 2022-07-28 02:08:18 --> Call to undefined function link_tag()
in APPPATH\Views\pages\signup.php on line 13.
 1 SYSTEMPATH\View\View.php(213): include()
 2 SYSTEMPATH\View\View.php(216): CodeIgniter\View\View->CodeIgniter\View\{closure}()
 3 SYSTEMPATH\Common.php(1135): CodeIgniter\View\View->render('pages/signup', [], true)
 4 APPPATH\Controllers\Pages.php(45): view('pages/signup', [...])
 5 SYSTEMPATH\CodeIgniter.php(896): App\Controllers\Pages->signup()
 6 SYSTEMPATH\CodeIgniter.php(466): CodeIgniter\CodeIgniter->runController(Object(App\Controllers\Pages))
 7 SYSTEMPATH\CodeIgniter.php(349): CodeIgniter\CodeIgniter->handleRequest(null, Object(Config\Cache), false)
 8 FCPATH\index.php(55): CodeIgniter\CodeIgniter->run()
CRITICAL - 2022-07-28 02:08:30 --> Call to undefined function link_tag()
in APPPATH\Views\pages\signup.php on line 14.
 1 SYSTEMPATH\View\View.php(213): include()
 2 SYSTEMPATH\View\View.php(216): CodeIgniter\View\View->CodeIgniter\View\{closure}()
 3 SYSTEMPATH\Common.php(1135): CodeIgniter\View\View->render('pages/signup', [], true)
 4 APPPATH\Controllers\Pages.php(45): view('pages/signup', [...])
 5 SYSTEMPATH\CodeIgniter.php(896): App\Controllers\Pages->signup()
 6 SYSTEMPATH\CodeIgniter.php(466): CodeIgniter\CodeIgniter->runController(Object(App\Controllers\Pages))
 7 SYSTEMPATH\CodeIgniter.php(349): CodeIgniter\CodeIgniter->handleRequest(null, Object(Config\Cache), false)
 8 FCPATH\index.php(55): CodeIgniter\CodeIgniter->run()
CRITICAL - 2022-07-28 04:57:55 --> Undefined variable $validation
in APPPATH\Views\pages\login.php on line 56.
 1 APPPATH\Views\pages\login.php(56): CodeIgniter\Debug\Exceptions->errorHandler(2, 'Undefined variable $validation', 'APPPATH\\Views\\pages\\login.php', 56)
 2 SYSTEMPATH\View\View.php(213): include('APPPATH\\Views\\pages\\login.php')
 3 SYSTEMPATH\View\View.php(216): CodeIgniter\View\View->CodeIgniter\View\{closure}()
 4 SYSTEMPATH\Common.php(1135): CodeIgniter\View\View->render('pages/login', [], true)
 5 APPPATH\Controllers\Pages.php(41): view('pages/login')
 6 SYSTEMPATH\CodeIgniter.php(896): App\Controllers\Pages->login()
 7 SYSTEMPATH\CodeIgniter.php(466): CodeIgniter\CodeIgniter->runController(Object(App\Controllers\Pages))
 8 SYSTEMPATH\CodeIgniter.php(349): CodeIgniter\CodeIgniter->handleRequest(null, Object(Config\Cache), false)
 9 FCPATH\index.php(55): CodeIgniter\CodeIgniter->run()
CRITICAL - 2022-07-28 04:58:43 --> Undefined variable $validation
in APPPATH\Views\pages\login.php on line 56.
 1 APPPATH\Views\pages\login.php(56): CodeIgniter\Debug\Exceptions->errorHandler(2, 'Undefined variable $validation', 'APPPATH\\Views\\pages\\login.php', 56)
 2 SYSTEMPATH\View\View.php(213): include('APPPATH\\Views\\pages\\login.php')
 3 SYSTEMPATH\View\View.php(216): CodeIgniter\View\View->CodeIgniter\View\{closure}()
 4 SYSTEMPATH\Common.php(1135): CodeIgniter\View\View->render('pages/login', [], true)
 5 APPPATH\Controllers\Pages.php(41): view('pages/login')
 6 SYSTEMPATH\CodeIgniter.php(896): App\Controllers\Pages->login()
 7 SYSTEMPATH\CodeIgniter.php(466): CodeIgniter\CodeIgniter->runController(Object(App\Controllers\Pages))
 8 SYSTEMPATH\CodeIgniter.php(349): CodeIgniter\CodeIgniter->handleRequest(null, Object(Config\Cache), false)
 9 FCPATH\index.php(55): CodeIgniter\CodeIgniter->run()
CRITICAL - 2022-07-28 04:58:48 --> Undefined variable $validation
in APPPATH\Views\pages\login.php on line 56.
 1 APPPATH\Views\pages\login.php(56): CodeIgniter\Debug\Exceptions->errorHandler(2, 'Undefined variable $validation', 'APPPATH\\Views\\pages\\login.php', 56)
 2 SYSTEMPATH\View\View.php(213): include('APPPATH\\Views\\pages\\login.php')
 3 SYSTEMPATH\View\View.php(216): CodeIgniter\View\View->CodeIgniter\View\{closure}()
 4 SYSTEMPATH\Common.php(1135): CodeIgniter\View\View->render('pages/login', [], true)
 5 APPPATH\Controllers\Pages.php(41): view('pages/login')
 6 SYSTEMPATH\CodeIgniter.php(896): App\Controllers\Pages->login()
 7 SYSTEMPATH\CodeIgniter.php(466): CodeIgniter\CodeIgniter->runController(Object(App\Controllers\Pages))
 8 SYSTEMPATH\CodeIgniter.php(349): CodeIgniter\CodeIgniter->handleRequest(null, Object(Config\Cache), false)
 9 FCPATH\index.php(55): CodeIgniter\CodeIgniter->run()
CRITICAL - 2022-07-28 04:59:13 --> Array to string conversion
in APPPATH\Views\pages\login.php on line 56.
 1 APPPATH\Views\pages\login.php(56): CodeIgniter\Debug\Exceptions->errorHandler(2, 'Array to string conversion', 'APPPATH\\Views\\pages\\login.php', 56)
 2 SYSTEMPATH\View\View.php(213): include('APPPATH\\Views\\pages\\login.php')
 3 SYSTEMPATH\View\View.php(216): CodeIgniter\View\View->CodeIgniter\View\{closure}()
 4 SYSTEMPATH\Common.php(1135): CodeIgniter\View\View->render('pages/login', [], true)
 5 APPPATH\Controllers\Pages.php(41): view('pages/login')
 6 SYSTEMPATH\CodeIgniter.php(896): App\Controllers\Pages->login()
 7 SYSTEMPATH\CodeIgniter.php(466): CodeIgniter\CodeIgniter->runController(Object(App\Controllers\Pages))
 8 SYSTEMPATH\CodeIgniter.php(349): CodeIgniter\CodeIgniter->handleRequest(null, Object(Config\Cache), false)
 9 FCPATH\index.php(55): CodeIgniter\CodeIgniter->run()
CRITICAL - 2022-07-28 04:59:36 --> Array to string conversion
in APPPATH\Views\pages\login.php on line 56.
 1 APPPATH\Views\pages\login.php(56): CodeIgniter\Debug\Exceptions->errorHandler(2, 'Array to string conversion', 'APPPATH\\Views\\pages\\login.php', 56)
 2 SYSTEMPATH\View\View.php(213): include('APPPATH\\Views\\pages\\login.php')
 3 SYSTEMPATH\View\View.php(216): CodeIgniter\View\View->CodeIgniter\View\{closure}()
 4 SYSTEMPATH\Common.php(1135): CodeIgniter\View\View->render('pages/login', [], true)
 5 APPPATH\Controllers\Pages.php(41): view('pages/login')
 6 SYSTEMPATH\CodeIgniter.php(896): App\Controllers\Pages->login()
 7 SYSTEMPATH\CodeIgniter.php(466): CodeIgniter\CodeIgniter->runController(Object(App\Controllers\Pages))
 8 SYSTEMPATH\CodeIgniter.php(349): CodeIgniter\CodeIgniter->handleRequest(null, Object(Config\Cache), false)
 9 FCPATH\index.php(55): CodeIgniter\CodeIgniter->run()
CRITICAL - 2022-07-28 04:59:40 --> Array to string conversion
in APPPATH\Views\pages\login.php on line 56.
 1 APPPATH\Views\pages\login.php(56): CodeIgniter\Debug\Exceptions->errorHandler(2, 'Array to string conversion', 'APPPATH\\Views\\pages\\login.php', 56)
 2 SYSTEMPATH\View\View.php(213): include('APPPATH\\Views\\pages\\login.php')
 3 SYSTEMPATH\View\View.php(216): CodeIgniter\View\View->CodeIgniter\View\{closure}()
 4 SYSTEMPATH\Common.php(1135): CodeIgniter\View\View->render('pages/login', [], true)
 5 APPPATH\Controllers\Pages.php(41): view('pages/login')
 6 SYSTEMPATH\CodeIgniter.php(896): App\Controllers\Pages->login()
 7 SYSTEMPATH\CodeIgniter.php(466): CodeIgniter\CodeIgniter->runController(Object(App\Controllers\Pages))
 8 SYSTEMPATH\CodeIgniter.php(349): CodeIgniter\CodeIgniter->handleRequest(null, Object(Config\Cache), false)
 9 FCPATH\index.php(55): CodeIgniter\CodeIgniter->run()
CRITICAL - 2022-07-28 04:59:51 --> Undefined constant "user_name"
in APPPATH\Views\pages\login.php on line 56.
 1 SYSTEMPATH\View\View.php(213): include()
 2 SYSTEMPATH\View\View.php(216): CodeIgniter\View\View->CodeIgniter\View\{closure}()
 3 SYSTEMPATH\Common.php(1135): CodeIgniter\View\View->render('pages/login', [], true)
 4 APPPATH\Controllers\Pages.php(41): view('pages/login')
 5 SYSTEMPATH\CodeIgniter.php(896): App\Controllers\Pages->login()
 6 SYSTEMPATH\CodeIgniter.php(466): CodeIgniter\CodeIgniter->runController(Object(App\Controllers\Pages))
 7 SYSTEMPATH\CodeIgniter.php(349): CodeIgniter\CodeIgniter->handleRequest(null, Object(Config\Cache), false)
 8 FCPATH\index.php(55): CodeIgniter\CodeIgniter->run()
CRITICAL - 2022-07-28 05:00:04 --> Array to string conversion
in APPPATH\Views\pages\login.php on line 56.
 1 APPPATH\Views\pages\login.php(56): CodeIgniter\Debug\Exceptions->errorHandler(2, 'Array to string conversion', 'APPPATH\\Views\\pages\\login.php', 56)
 2 SYSTEMPATH\View\View.php(213): include('APPPATH\\Views\\pages\\login.php')
 3 SYSTEMPATH\View\View.php(216): CodeIgniter\View\View->CodeIgniter\View\{closure}()
 4 SYSTEMPATH\Common.php(1135): CodeIgniter\View\View->render('pages/login', [], true)
 5 APPPATH\Controllers\Pages.php(41): view('pages/login')
 6 SYSTEMPATH\CodeIgniter.php(896): App\Controllers\Pages->login()
 7 SYSTEMPATH\CodeIgniter.php(466): CodeIgniter\CodeIgniter->runController(Object(App\Controllers\Pages))
 8 SYSTEMPATH\CodeIgniter.php(349): CodeIgniter\CodeIgniter->handleRequest(null, Object(Config\Cache), false)
 9 FCPATH\index.php(55): CodeIgniter\CodeIgniter->run()
CRITICAL - 2022-07-28 05:00:56 --> Array to string conversion
in APPPATH\Views\pages\login.php on line 56.
 1 APPPATH\Views\pages\login.php(56): CodeIgniter\Debug\Exceptions->errorHandler(2, 'Array to string conversion', 'APPPATH\\Views\\pages\\login.php', 56)
 2 SYSTEMPATH\View\View.php(213): include('APPPATH\\Views\\pages\\login.php')
 3 SYSTEMPATH\View\View.php(216): CodeIgniter\View\View->CodeIgniter\View\{closure}()
 4 SYSTEMPATH\Common.php(1135): CodeIgniter\View\View->render('pages/login', [], true)
 5 APPPATH\Controllers\Pages.php(41): view('pages/login')
 6 SYSTEMPATH\CodeIgniter.php(896): App\Controllers\Pages->login()
 7 SYSTEMPATH\CodeIgniter.php(466): CodeIgniter\CodeIgniter->runController(Object(App\Controllers\Pages))
 8 SYSTEMPATH\CodeIgniter.php(349): CodeIgniter\CodeIgniter->handleRequest(null, Object(Config\Cache), false)
 9 FCPATH\index.php(55): CodeIgniter\CodeIgniter->run()
CRITICAL - 2022-07-28 05:01:28 --> syntax error, unexpected token "="
in APPPATH\Views\pages\login.php on line 56.
 1 SYSTEMPATH\View\View.php(216): CodeIgniter\View\View->CodeIgniter\View\{closure}()
 2 SYSTEMPATH\Common.php(1135): CodeIgniter\View\View->render('pages/login', [], true)
 3 APPPATH\Controllers\Pages.php(41): view('pages/login')
 4 SYSTEMPATH\CodeIgniter.php(896): App\Controllers\Pages->login()
 5 SYSTEMPATH\CodeIgniter.php(466): CodeIgniter\CodeIgniter->runController(Object(App\Controllers\Pages))
 6 SYSTEMPATH\CodeIgniter.php(349): CodeIgniter\CodeIgniter->handleRequest(null, Object(Config\Cache), false)
 7 FCPATH\index.php(55): CodeIgniter\CodeIgniter->run()
CRITICAL - 2022-07-28 05:01:50 --> syntax error, unexpected token "="
in APPPATH\Views\pages\login.php on line 56.
 1 SYSTEMPATH\View\View.php(216): CodeIgniter\View\View->CodeIgniter\View\{closure}()
 2 SYSTEMPATH\Common.php(1135): CodeIgniter\View\View->render('pages/login', [], true)
 3 APPPATH\Controllers\Pages.php(41): view('pages/login')
 4 SYSTEMPATH\CodeIgniter.php(896): App\Controllers\Pages->login()
 5 SYSTEMPATH\CodeIgniter.php(466): CodeIgniter\CodeIgniter->runController(Object(App\Controllers\Pages))
 6 SYSTEMPATH\CodeIgniter.php(349): CodeIgniter\CodeIgniter->handleRequest(null, Object(Config\Cache), false)
 7 FCPATH\index.php(55): CodeIgniter\CodeIgniter->run()
CRITICAL - 2022-07-28 05:09:24 --> syntax error, unexpected end of file
in APPPATH\Views\pages\login.php on line 101.
 1 SYSTEMPATH\View\View.php(216): CodeIgniter\View\View->CodeIgniter\View\{closure}()
 2 SYSTEMPATH\Common.php(1135): CodeIgniter\View\View->render('pages/login', [], true)
 3 APPPATH\Controllers\Pages.php(41): view('pages/login')
 4 SYSTEMPATH\CodeIgniter.php(896): App\Controllers\Pages->login()
 5 SYSTEMPATH\CodeIgniter.php(466): CodeIgniter\CodeIgniter->runController(Object(App\Controllers\Pages))
 6 SYSTEMPATH\CodeIgniter.php(349): CodeIgniter\CodeIgniter->handleRequest(null, Object(Config\Cache), false)
 7 FCPATH\index.php(55): CodeIgniter\CodeIgniter->run()
CRITICAL - 2022-07-28 07:06:29 --> password is not a valid rule.
in SYSTEMPATH\Validation\Validation.php on line 314.
 1 SYSTEMPATH\Validation\Validation.php(314): CodeIgniter\Validation\Exceptions\ValidationException::forRuleNotFound('password')
 2 SYSTEMPATH\Validation\Validation.php(173): CodeIgniter\Validation\Validation->processRules('password', 'password', 'aaa', [...], [...])
 3 SYSTEMPATH\Controller.php(140): CodeIgniter\Validation\Validation->run()
 4 APPPATH\Controllers\Pages.php(62): CodeIgniter\Controller->validate([...])
 5 SYSTEMPATH\CodeIgniter.php(896): App\Controllers\Pages->signup()
 6 SYSTEMPATH\CodeIgniter.php(466): CodeIgniter\CodeIgniter->runController(Object(App\Controllers\Pages))
 7 SYSTEMPATH\CodeIgniter.php(349): CodeIgniter\CodeIgniter->handleRequest(null, Object(Config\Cache), false)
 8 FCPATH\index.php(55): CodeIgniter\CodeIgniter->run()
CRITICAL - 2022-07-28 07:06:42 --> min_legnth is not a valid rule.
in SYSTEMPATH\Validation\Validation.php on line 314.
 1 SYSTEMPATH\Validation\Validation.php(314): CodeIgniter\Validation\Exceptions\ValidationException::forRuleNotFound('min_legnth')
 2 SYSTEMPATH\Validation\Validation.php(173): CodeIgniter\Validation\Validation->processRules('password', 'password', 'aaa', [...], [...])
 3 SYSTEMPATH\Controller.php(140): CodeIgniter\Validation\Validation->run()
 4 APPPATH\Controllers\Pages.php(62): CodeIgniter\Controller->validate([...])
 5 SYSTEMPATH\CodeIgniter.php(896): App\Controllers\Pages->signup()
 6 SYSTEMPATH\CodeIgniter.php(466): CodeIgniter\CodeIgniter->runController(Object(App\Controllers\Pages))
 7 SYSTEMPATH\CodeIgniter.php(349): CodeIgniter\CodeIgniter->handleRequest(null, Object(Config\Cache), false)
 8 FCPATH\index.php(55): CodeIgniter\CodeIgniter->run()
CRITICAL - 2022-07-28 07:06:44 --> min_legnth is not a valid rule.
in SYSTEMPATH\Validation\Validation.php on line 314.
 1 SYSTEMPATH\Validation\Validation.php(314): CodeIgniter\Validation\Exceptions\ValidationException::forRuleNotFound('min_legnth')
 2 SYSTEMPATH\Validation\Validation.php(173): CodeIgniter\Validation\Validation->processRules('password', 'password', 'aaa', [...], [...])
 3 SYSTEMPATH\Controller.php(140): CodeIgniter\Validation\Validation->run()
 4 APPPATH\Controllers\Pages.php(62): CodeIgniter\Controller->validate([...])
 5 SYSTEMPATH\CodeIgniter.php(896): App\Controllers\Pages->signup()
 6 SYSTEMPATH\CodeIgniter.php(466): CodeIgniter\CodeIgniter->runController(Object(App\Controllers\Pages))
 7 SYSTEMPATH\CodeIgniter.php(349): CodeIgniter\CodeIgniter->handleRequest(null, Object(Config\Cache), false)
 8 FCPATH\index.php(55): CodeIgniter\CodeIgniter->run()
