CRITICAL - 2022-08-01 02:47:06 --> Undefined property: App\Controllers\Pages::$blogsModel
in APPPATH\Controllers\Pages.php on line 274.
 1 APPPATH\Controllers\Pages.php(274): CodeIgniter\Debug\Exceptions->errorHandler(2, 'Undefined property: App\\Controllers\\Pages::$blogsModel', 'APPPATH\\Controllers\\Pages.php', 274)
 2 SYSTEMPATH\CodeIgniter.php(896): App\Controllers\Pages->blogs()
 3 SYSTEMPATH\CodeIgniter.php(466): CodeIgniter\CodeIgniter->runController(Object(App\Controllers\Pages))
 4 SYSTEMPATH\CodeIgniter.php(349): CodeIgniter\CodeIgniter->handleRequest(null, Object(Config\Cache), false)
 5 FCPATH\index.php(55): CodeIgniter\CodeIgniter->run()
CRITICAL - 2022-08-01 02:49:39 --> Class "App\Models\BlogsModel" not found
in APPPATH\Controllers\Pages.php on line 20.
 1 SYSTEMPATH\CodeIgniter.php(858): App\Controllers\Pages->__construct()
 2 SYSTEMPATH\CodeIgniter.php(457): CodeIgniter\CodeIgniter->createController()
 3 SYSTEMPATH\CodeIgniter.php(349): CodeIgniter\CodeIgniter->handleRequest(null, Object(Config\Cache), false)
 4 FCPATH\index.php(55): CodeIgniter\CodeIgniter->run()
CRITICAL - 2022-08-01 02:50:11 --> Class "App\Models\BlogsModel" not found
in APPPATH\Controllers\Pages.php on line 21.
 1 SYSTEMPATH\CodeIgniter.php(858): App\Controllers\Pages->__construct()
 2 SYSTEMPATH\CodeIgniter.php(457): CodeIgniter\CodeIgniter->createController()
 3 SYSTEMPATH\CodeIgniter.php(349): CodeIgniter\CodeIgniter->handleRequest(null, Object(Config\Cache), false)
 4 FCPATH\index.php(55): CodeIgniter\CodeIgniter->run()
CRITICAL - 2022-08-01 02:51:03 --> Class "App\Models\BlogsModel" not found
in APPPATH\Controllers\Pages.php on line 21.
 1 SYSTEMPATH\CodeIgniter.php(858): App\Controllers\Pages->__construct()
 2 SYSTEMPATH\CodeIgniter.php(457): CodeIgniter\CodeIgniter->createController()
 3 SYSTEMPATH\CodeIgniter.php(349): CodeIgniter\CodeIgniter->handleRequest(null, Object(Config\Cache), false)
 4 FCPATH\index.php(55): CodeIgniter\CodeIgniter->run()
CRITICAL - 2022-08-01 02:51:04 --> Class "App\Models\BlogsModel" not found
in APPPATH\Controllers\Pages.php on line 21.
 1 SYSTEMPATH\CodeIgniter.php(858): App\Controllers\Pages->__construct()
 2 SYSTEMPATH\CodeIgniter.php(457): CodeIgniter\CodeIgniter->createController()
 3 SYSTEMPATH\CodeIgniter.php(349): CodeIgniter\CodeIgniter->handleRequest(null, Object(Config\Cache), false)
 4 FCPATH\index.php(55): CodeIgniter\CodeIgniter->run()
CRITICAL - 2022-08-01 02:52:42 --> Class "App\Models\BlogModel" not found
in APPPATH\Controllers\Pages.php on line 21.
 1 SYSTEMPATH\CodeIgniter.php(858): App\Controllers\Pages->__construct()
 2 SYSTEMPATH\CodeIgniter.php(457): CodeIgniter\CodeIgniter->createController()
 3 SYSTEMPATH\CodeIgniter.php(349): CodeIgniter\CodeIgniter->handleRequest(null, Object(Config\Cache), false)
 4 FCPATH\index.php(55): CodeIgniter\CodeIgniter->run()
CRITICAL - 2022-08-01 02:53:20 --> Class "App\Models\BlogModel" not found
in APPPATH\Controllers\Pages.php on line 22.
 1 SYSTEMPATH\CodeIgniter.php(858): App\Controllers\Pages->__construct()
 2 SYSTEMPATH\CodeIgniter.php(457): CodeIgniter\CodeIgniter->createController()
 3 SYSTEMPATH\CodeIgniter.php(349): CodeIgniter\CodeIgniter->handleRequest(null, Object(Config\Cache), false)
 4 FCPATH\index.php(55): CodeIgniter\CodeIgniter->run()
CRITICAL - 2022-08-01 02:53:53 --> Undefined property: App\Controllers\Pages::$blogsModel
in APPPATH\Controllers\Pages.php on line 278.
 1 APPPATH\Controllers\Pages.php(278): CodeIgniter\Debug\Exceptions->errorHandler(2, 'Undefined property: App\\Controllers\\Pages::$blogsModel', 'APPPATH\\Controllers\\Pages.php', 278)
 2 SYSTEMPATH\CodeIgniter.php(896): App\Controllers\Pages->blogs()
 3 SYSTEMPATH\CodeIgniter.php(466): CodeIgniter\CodeIgniter->runController(Object(App\Controllers\Pages))
 4 SYSTEMPATH\CodeIgniter.php(349): CodeIgniter\CodeIgniter->handleRequest(null, Object(Config\Cache), false)
 5 FCPATH\index.php(55): CodeIgniter\CodeIgniter->run()
CRITICAL - 2022-08-01 02:54:25 --> Class "App\Models\BlogModel" not found
in APPPATH\Controllers\Pages.php on line 22.
 1 SYSTEMPATH\CodeIgniter.php(858): App\Controllers\Pages->__construct()
 2 SYSTEMPATH\CodeIgniter.php(457): CodeIgniter\CodeIgniter->createController()
 3 SYSTEMPATH\CodeIgniter.php(349): CodeIgniter\CodeIgniter->handleRequest(null, Object(Config\Cache), false)
 4 FCPATH\index.php(55): CodeIgniter\CodeIgniter->run()
CRITICAL - 2022-08-01 02:54:31 --> Class "App\Models\BlogModel" not found
in APPPATH\Controllers\Pages.php on line 22.
 1 SYSTEMPATH\CodeIgniter.php(858): App\Controllers\Pages->__construct()
 2 SYSTEMPATH\CodeIgniter.php(457): CodeIgniter\CodeIgniter->createController()
 3 SYSTEMPATH\CodeIgniter.php(349): CodeIgniter\CodeIgniter->handleRequest(null, Object(Config\Cache), false)
 4 FCPATH\index.php(55): CodeIgniter\CodeIgniter->run()
CRITICAL - 2022-08-01 02:58:54 --> Class "App\Models\BlogModel" not found
in APPPATH\Controllers\Pages.php on line 22.
 1 SYSTEMPATH\CodeIgniter.php(858): App\Controllers\Pages->__construct()
 2 SYSTEMPATH\CodeIgniter.php(457): CodeIgniter\CodeIgniter->createController()
 3 SYSTEMPATH\CodeIgniter.php(349): CodeIgniter\CodeIgniter->handleRequest(null, Object(Config\Cache), false)
 4 FCPATH\index.php(55): CodeIgniter\CodeIgniter->run()
CRITICAL - 2022-08-01 02:59:28 --> Class "App\Models\BlogModel" not found
in APPPATH\Controllers\Pages.php on line 22.
 1 SYSTEMPATH\CodeIgniter.php(858): App\Controllers\Pages->__construct()
 2 SYSTEMPATH\CodeIgniter.php(457): CodeIgniter\CodeIgniter->createController()
 3 SYSTEMPATH\CodeIgniter.php(349): CodeIgniter\CodeIgniter->handleRequest(null, Object(Config\Cache), false)
 4 FCPATH\index.php(55): CodeIgniter\CodeIgniter->run()
CRITICAL - 2022-08-01 02:59:44 --> Class "App\Models\BlogModel" not found
in APPPATH\Controllers\Pages.php on line 222.
 1 SYSTEMPATH\CodeIgniter.php(896): App\Controllers\Pages->blogs()
 2 SYSTEMPATH\CodeIgniter.php(466): CodeIgniter\CodeIgniter->runController(Object(App\Controllers\Pages))
 3 SYSTEMPATH\CodeIgniter.php(349): CodeIgniter\CodeIgniter->handleRequest(null, Object(Config\Cache), false)
 4 FCPATH\index.php(55): CodeIgniter\CodeIgniter->run()
CRITICAL - 2022-08-01 03:02:07 --> Class "App\Models\BlogModel" not found
in APPPATH\Controllers\Pages.php on line 22.
 1 SYSTEMPATH\CodeIgniter.php(858): App\Controllers\Pages->__construct()
 2 SYSTEMPATH\CodeIgniter.php(457): CodeIgniter\CodeIgniter->createController()
 3 SYSTEMPATH\CodeIgniter.php(349): CodeIgniter\CodeIgniter->handleRequest(null, Object(Config\Cache), false)
 4 FCPATH\index.php(55): CodeIgniter\CodeIgniter->run()
CRITICAL - 2022-08-01 03:03:43 --> Class "App\Models\Blog_Model" not found
in APPPATH\Controllers\Pages.php on line 22.
 1 SYSTEMPATH\CodeIgniter.php(858): App\Controllers\Pages->__construct()
 2 SYSTEMPATH\CodeIgniter.php(457): CodeIgniter\CodeIgniter->createController()
 3 SYSTEMPATH\CodeIgniter.php(349): CodeIgniter\CodeIgniter->handleRequest(null, Object(Config\Cache), false)
 4 FCPATH\index.php(55): CodeIgniter\CodeIgniter->run()
CRITICAL - 2022-08-01 03:07:43 --> Class "App\Models\Blog_Model" not found
in APPPATH\Controllers\Pages.php on line 22.
 1 SYSTEMPATH\CodeIgniter.php(858): App\Controllers\Pages->__construct()
 2 SYSTEMPATH\CodeIgniter.php(457): CodeIgniter\CodeIgniter->createController()
 3 SYSTEMPATH\CodeIgniter.php(349): CodeIgniter\CodeIgniter->handleRequest(null, Object(Config\Cache), false)
 4 FCPATH\index.php(55): CodeIgniter\CodeIgniter->run()
CRITICAL - 2022-08-01 03:07:55 --> Class "App\Models\Blog_Model" not found
in APPPATH\Controllers\Pages.php on line 22.
 1 SYSTEMPATH\CodeIgniter.php(858): App\Controllers\Pages->__construct()
 2 SYSTEMPATH\CodeIgniter.php(457): CodeIgniter\CodeIgniter->createController()
 3 SYSTEMPATH\CodeIgniter.php(349): CodeIgniter\CodeIgniter->handleRequest(null, Object(Config\Cache), false)
 4 FCPATH\index.php(55): CodeIgniter\CodeIgniter->run()
CRITICAL - 2022-08-01 03:09:43 --> Class "App\Models\Blog_Model" not found
in APPPATH\Controllers\Pages.php on line 22.
 1 SYSTEMPATH\CodeIgniter.php(858): App\Controllers\Pages->__construct()
 2 SYSTEMPATH\CodeIgniter.php(457): CodeIgniter\CodeIgniter->createController()
 3 SYSTEMPATH\CodeIgniter.php(349): CodeIgniter\CodeIgniter->handleRequest(null, Object(Config\Cache), false)
 4 FCPATH\index.php(55): CodeIgniter\CodeIgniter->run()
CRITICAL - 2022-08-01 03:09:44 --> Class "App\Models\Blog_Model" not found
in APPPATH\Controllers\Pages.php on line 22.
 1 SYSTEMPATH\CodeIgniter.php(858): App\Controllers\Pages->__construct()
 2 SYSTEMPATH\CodeIgniter.php(457): CodeIgniter\CodeIgniter->createController()
 3 SYSTEMPATH\CodeIgniter.php(349): CodeIgniter\CodeIgniter->handleRequest(null, Object(Config\Cache), false)
 4 FCPATH\index.php(55): CodeIgniter\CodeIgniter->run()
CRITICAL - 2022-08-01 03:09:45 --> Class "App\Models\Blog_Model" not found
in APPPATH\Controllers\Pages.php on line 22.
 1 SYSTEMPATH\CodeIgniter.php(858): App\Controllers\Pages->__construct()
 2 SYSTEMPATH\CodeIgniter.php(457): CodeIgniter\CodeIgniter->createController()
 3 SYSTEMPATH\CodeIgniter.php(349): CodeIgniter\CodeIgniter->handleRequest(null, Object(Config\Cache), false)
 4 FCPATH\index.php(55): CodeIgniter\CodeIgniter->run()
CRITICAL - 2022-08-01 03:11:05 --> Class "App\Models\Blog_Model" not found
in APPPATH\Controllers\Pages.php on line 22.
 1 SYSTEMPATH\CodeIgniter.php(858): App\Controllers\Pages->__construct()
 2 SYSTEMPATH\CodeIgniter.php(457): CodeIgniter\CodeIgniter->createController()
 3 SYSTEMPATH\CodeIgniter.php(349): CodeIgniter\CodeIgniter->handleRequest(null, Object(Config\Cache), false)
 4 FCPATH\index.php(55): CodeIgniter\CodeIgniter->run()
CRITICAL - 2022-08-01 03:11:06 --> Class "App\Models\Blog_Model" not found
in APPPATH\Controllers\Pages.php on line 22.
 1 SYSTEMPATH\CodeIgniter.php(858): App\Controllers\Pages->__construct()
 2 SYSTEMPATH\CodeIgniter.php(457): CodeIgniter\CodeIgniter->createController()
 3 SYSTEMPATH\CodeIgniter.php(349): CodeIgniter\CodeIgniter->handleRequest(null, Object(Config\Cache), false)
 4 FCPATH\index.php(55): CodeIgniter\CodeIgniter->run()
CRITICAL - 2022-08-01 03:11:17 --> Class "App\Models\Blog_Model" not found
in APPPATH\Controllers\Pages.php on line 22.
 1 SYSTEMPATH\CodeIgniter.php(858): App\Controllers\Pages->__construct()
 2 SYSTEMPATH\CodeIgniter.php(457): CodeIgniter\CodeIgniter->createController()
 3 SYSTEMPATH\CodeIgniter.php(349): CodeIgniter\CodeIgniter->handleRequest(null, Object(Config\Cache), false)
 4 FCPATH\index.php(55): CodeIgniter\CodeIgniter->run()
CRITICAL - 2022-08-01 04:50:48 --> Class "App\Models\Blog_Model" not found
in APPPATH\Controllers\Pages.php on line 23.
 1 SYSTEMPATH\CodeIgniter.php(858): App\Controllers\Pages->__construct()
 2 SYSTEMPATH\CodeIgniter.php(457): CodeIgniter\CodeIgniter->createController()
 3 SYSTEMPATH\CodeIgniter.php(349): CodeIgniter\CodeIgniter->handleRequest(null, Object(Config\Cache), false)
 4 FCPATH\index.php(55): CodeIgniter\CodeIgniter->run()
CRITICAL - 2022-08-01 04:57:09 --> Class "App\Models\TitleModel" not found
in APPPATH\Controllers\Pages.php on line 23.
 1 SYSTEMPATH\CodeIgniter.php(858): App\Controllers\Pages->__construct()
 2 SYSTEMPATH\CodeIgniter.php(457): CodeIgniter\CodeIgniter->createController()
 3 SYSTEMPATH\CodeIgniter.php(349): CodeIgniter\CodeIgniter->handleRequest(null, Object(Config\Cache), false)
 4 FCPATH\index.php(55): CodeIgniter\CodeIgniter->run()
CRITICAL - 2022-08-01 04:58:01 --> Class "App\Models\Blog_Model" not found
in APPPATH\Controllers\Pages.php on line 23.
 1 SYSTEMPATH\CodeIgniter.php(858): App\Controllers\Pages->__construct()
 2 SYSTEMPATH\CodeIgniter.php(457): CodeIgniter\CodeIgniter->createController()
 3 SYSTEMPATH\CodeIgniter.php(349): CodeIgniter\CodeIgniter->handleRequest(null, Object(Config\Cache), false)
 4 FCPATH\index.php(55): CodeIgniter\CodeIgniter->run()
CRITICAL - 2022-08-01 05:11:33 --> Class "App\Models\Blog_Model" not found
in APPPATH\Controllers\Pages.php on line 23.
 1 SYSTEMPATH\CodeIgniter.php(858): App\Controllers\Pages->__construct()
 2 SYSTEMPATH\CodeIgniter.php(457): CodeIgniter\CodeIgniter->createController()
 3 SYSTEMPATH\CodeIgniter.php(349): CodeIgniter\CodeIgniter->handleRequest(null, Object(Config\Cache), false)
 4 FCPATH\index.php(55): CodeIgniter\CodeIgniter->run()
CRITICAL - 2022-08-01 05:11:48 --> Class "App\Models\Blog_Model" not found
in APPPATH\Controllers\Pages.php on line 23.
 1 SYSTEMPATH\CodeIgniter.php(858): App\Controllers\Pages->__construct()
 2 SYSTEMPATH\CodeIgniter.php(457): CodeIgniter\CodeIgniter->createController()
 3 SYSTEMPATH\CodeIgniter.php(349): CodeIgniter\CodeIgniter->handleRequest(null, Object(Config\Cache), false)
 4 FCPATH\index.php(55): CodeIgniter\CodeIgniter->run()
CRITICAL - 2022-08-01 05:37:20 --> Class "App\Models\Blog_Model" not found
in APPPATH\Controllers\Pages.php on line 23.
 1 SYSTEMPATH\CodeIgniter.php(858): App\Controllers\Pages->__construct()
 2 SYSTEMPATH\CodeIgniter.php(457): CodeIgniter\CodeIgniter->createController()
 3 SYSTEMPATH\CodeIgniter.php(349): CodeIgniter\CodeIgniter->handleRequest(null, Object(Config\Cache), false)
 4 FCPATH\index.php(55): CodeIgniter\CodeIgniter->run()
CRITICAL - 2022-08-01 05:43:51 --> Class "App\Models\Blog_Model" not found
in APPPATH\Controllers\Pages.php on line 23.
 1 SYSTEMPATH\CodeIgniter.php(858): App\Controllers\Pages->__construct()
 2 SYSTEMPATH\CodeIgniter.php(457): CodeIgniter\CodeIgniter->createController()
 3 SYSTEMPATH\CodeIgniter.php(349): CodeIgniter\CodeIgniter->handleRequest(null, Object(Config\Cache), false)
 4 FCPATH\index.php(55): CodeIgniter\CodeIgniter->run()
CRITICAL - 2022-08-01 05:53:29 --> Class "App\Models\BlogssModel" not found
in APPPATH\Controllers\Pages.php on line 24.
 1 SYSTEMPATH\CodeIgniter.php(858): App\Controllers\Pages->__construct()
 2 SYSTEMPATH\CodeIgniter.php(457): CodeIgniter\CodeIgniter->createController()
 3 SYSTEMPATH\CodeIgniter.php(349): CodeIgniter\CodeIgniter->handleRequest(null, Object(Config\Cache), false)
 4 FCPATH\index.php(55): CodeIgniter\CodeIgniter->run()
CRITICAL - 2022-08-01 05:54:35 --> Class "App\Models\BlogssModel" not found
in APPPATH\Controllers\Pages.php on line 24.
 1 SYSTEMPATH\CodeIgniter.php(858): App\Controllers\Pages->__construct()
 2 SYSTEMPATH\CodeIgniter.php(457): CodeIgniter\CodeIgniter->createController()
 3 SYSTEMPATH\CodeIgniter.php(349): CodeIgniter\CodeIgniter->handleRequest(null, Object(Config\Cache), false)
 4 FCPATH\index.php(55): CodeIgniter\CodeIgniter->run()
CRITICAL - 2022-08-01 05:58:37 --> Class "App\Models\BlogssModel" not found
in APPPATH\Controllers\Pages.php on line 24.
 1 SYSTEMPATH\CodeIgniter.php(858): App\Controllers\Pages->__construct()
 2 SYSTEMPATH\CodeIgniter.php(457): CodeIgniter\CodeIgniter->createController()
 3 SYSTEMPATH\CodeIgniter.php(349): CodeIgniter\CodeIgniter->handleRequest(null, Object(Config\Cache), false)
 4 FCPATH\index.php(55): CodeIgniter\CodeIgniter->run()
CRITICAL - 2022-08-01 05:59:23 --> Class "App\Models\BlogssModel" not found
in APPPATH\Controllers\Pages.php on line 24.
 1 SYSTEMPATH\CodeIgniter.php(858): App\Controllers\Pages->__construct()
 2 SYSTEMPATH\CodeIgniter.php(457): CodeIgniter\CodeIgniter->createController()
 3 SYSTEMPATH\CodeIgniter.php(349): CodeIgniter\CodeIgniter->handleRequest(null, Object(Config\Cache), false)
 4 FCPATH\index.php(55): CodeIgniter\CodeIgniter->run()
CRITICAL - 2022-08-01 06:53:16 --> Session: Configured save path "C:\xampp\htdocs\ci4\writable\session" is not writable by the PHP process.
in SYSTEMPATH\Session\Handlers\FileHandler.php on line 102.
 1 SYSTEMPATH\Session\Handlers\FileHandler.php(102): CodeIgniter\Session\Exceptions\SessionException::forWriteProtectedSavePath('FCPATH\\writable\\session')
 2 [internal function]: CodeIgniter\Session\Handlers\FileHandler->open('FCPATH\\writable\\session', 'ci_session')
 3 SYSTEMPATH\Session\Session.php(896): session_start()
 4 SYSTEMPATH\Session\Session.php(240): CodeIgniter\Session\Session->startSession()
 5 SYSTEMPATH\Config\Services.php(613): CodeIgniter\Session\Session->start()
 6 SYSTEMPATH\Config\BaseService.php(251): CodeIgniter\Config\Services::session(Object(Config\App), false)
 7 SYSTEMPATH\Config\BaseService.php(192): CodeIgniter\Config\BaseService::__callStatic('session', [...])
 8 SYSTEMPATH\Config\Services.php(585): CodeIgniter\Config\BaseService::getSharedInstance('session', null)
 9 SYSTEMPATH\Config\BaseService.php(251): CodeIgniter\Config\Services::session()
10 APPPATH\Controllers\Pages.php(23): CodeIgniter\Config\BaseService::__callStatic('session', [])
11 SYSTEMPATH\CodeIgniter.php(858): App\Controllers\Pages->__construct()
12 SYSTEMPATH\CodeIgniter.php(457): CodeIgniter\CodeIgniter->createController()
13 SYSTEMPATH\CodeIgniter.php(349): CodeIgniter\CodeIgniter->handleRequest(null, Object(Config\Cache), false)
14 FCPATH\index.php(55): CodeIgniter\CodeIgniter->run()
CRITICAL - 2022-08-01 06:54:38 --> Session: Configured save path "C:\xampp\htdocs\ci4\writable\session" is not writable by the PHP process.
in SYSTEMPATH\Session\Handlers\FileHandler.php on line 102.
 1 SYSTEMPATH\Session\Handlers\FileHandler.php(102): CodeIgniter\Session\Exceptions\SessionException::forWriteProtectedSavePath('FCPATH\\writable\\session')
 2 [internal function]: CodeIgniter\Session\Handlers\FileHandler->open('FCPATH\\writable\\session', 'ci_session')
 3 SYSTEMPATH\Session\Session.php(896): session_start()
 4 SYSTEMPATH\Session\Session.php(240): CodeIgniter\Session\Session->startSession()
 5 SYSTEMPATH\Config\Services.php(613): CodeIgniter\Session\Session->start()
 6 SYSTEMPATH\Config\BaseService.php(251): CodeIgniter\Config\Services::session(Object(Config\App), false)
 7 SYSTEMPATH\Config\BaseService.php(192): CodeIgniter\Config\BaseService::__callStatic('session', [...])
 8 SYSTEMPATH\Config\Services.php(585): CodeIgniter\Config\BaseService::getSharedInstance('session', null)
 9 SYSTEMPATH\Config\BaseService.php(251): CodeIgniter\Config\Services::session()
10 SYSTEMPATH\Common.php(932): CodeIgniter\Config\BaseService::__callStatic('session', [])
11 APPPATH\Controllers\Pages.php(223): session()
12 SYSTEMPATH\CodeIgniter.php(896): App\Controllers\Pages->blog()
13 SYSTEMPATH\CodeIgniter.php(466): CodeIgniter\CodeIgniter->runController(Object(App\Controllers\Pages))
14 SYSTEMPATH\CodeIgniter.php(349): CodeIgniter\CodeIgniter->handleRequest(null, Object(Config\Cache), false)
15 FCPATH\index.php(55): CodeIgniter\CodeIgniter->run()
CRITICAL - 2022-08-01 06:56:52 --> Undefined global variable $_SESSION
in APPPATH\Controllers\Pages.php on line 223.
 1 APPPATH\Controllers\Pages.php(223): CodeIgniter\Debug\Exceptions->errorHandler(2, 'Undefined global variable $_SESSION', 'APPPATH\\Controllers\\Pages.php', 223)
 2 SYSTEMPATH\CodeIgniter.php(896): App\Controllers\Pages->blog()
 3 SYSTEMPATH\CodeIgniter.php(466): CodeIgniter\CodeIgniter->runController(Object(App\Controllers\Pages))
 4 SYSTEMPATH\CodeIgniter.php(349): CodeIgniter\CodeIgniter->handleRequest(null, Object(Config\Cache), false)
 5 FCPATH\index.php(55): CodeIgniter\CodeIgniter->run()
CRITICAL - 2022-08-01 06:57:38 --> Undefined array key "abcd"
in APPPATH\Controllers\Pages.php on line 224.
 1 APPPATH\Controllers\Pages.php(224): CodeIgniter\Debug\Exceptions->errorHandler(2, 'Undefined array key "abcd"', 'APPPATH\\Controllers\\Pages.php', 224)
 2 SYSTEMPATH\CodeIgniter.php(896): App\Controllers\Pages->blog()
 3 SYSTEMPATH\CodeIgniter.php(466): CodeIgniter\CodeIgniter->runController(Object(App\Controllers\Pages))
 4 SYSTEMPATH\CodeIgniter.php(349): CodeIgniter\CodeIgniter->handleRequest(null, Object(Config\Cache), false)
 5 FCPATH\index.php(55): CodeIgniter\CodeIgniter->run()
CRITICAL - 2022-08-01 06:58:10 --> Illegal offset type
in APPPATH\Controllers\Pages.php on line 228.
 1 SYSTEMPATH\CodeIgniter.php(896): App\Controllers\Pages->blog()
 2 SYSTEMPATH\CodeIgniter.php(466): CodeIgniter\CodeIgniter->runController(Object(App\Controllers\Pages))
 3 SYSTEMPATH\CodeIgniter.php(349): CodeIgniter\CodeIgniter->handleRequest(null, Object(Config\Cache), false)
 4 FCPATH\index.php(55): CodeIgniter\CodeIgniter->run()
CRITICAL - 2022-08-01 06:58:44 --> Undefined array key "abcvd"
in APPPATH\Controllers\Pages.php on line 228.
 1 APPPATH\Controllers\Pages.php(228): CodeIgniter\Debug\Exceptions->errorHandler(2, 'Undefined array key "abcvd"', 'APPPATH\\Controllers\\Pages.php', 228)
 2 SYSTEMPATH\CodeIgniter.php(896): App\Controllers\Pages->blog()
 3 SYSTEMPATH\CodeIgniter.php(466): CodeIgniter\CodeIgniter->runController(Object(App\Controllers\Pages))
 4 SYSTEMPATH\CodeIgniter.php(349): CodeIgniter\CodeIgniter->handleRequest(null, Object(Config\Cache), false)
 5 FCPATH\index.php(55): CodeIgniter\CodeIgniter->run()
CRITICAL - 2022-08-01 06:59:44 --> Undefined array key 31
in APPPATH\Controllers\Pages.php on line 229.
 1 APPPATH\Controllers\Pages.php(229): CodeIgniter\Debug\Exceptions->errorHandler(2, 'Undefined array key 31', 'APPPATH\\Controllers\\Pages.php', 229)
 2 SYSTEMPATH\CodeIgniter.php(896): App\Controllers\Pages->blog()
 3 SYSTEMPATH\CodeIgniter.php(466): CodeIgniter\CodeIgniter->runController(Object(App\Controllers\Pages))
 4 SYSTEMPATH\CodeIgniter.php(349): CodeIgniter\CodeIgniter->handleRequest(null, Object(Config\Cache), false)
 5 FCPATH\index.php(55): CodeIgniter\CodeIgniter->run()
CRITICAL - 2022-08-01 07:50:06 --> syntax error, unexpected token "<", expecting end of file
in APPPATH\Views\pages\blogs.php on line 58.
 1 SYSTEMPATH\View\View.php(216): CodeIgniter\View\View->CodeIgniter\View\{closure}()
 2 SYSTEMPATH\Common.php(1135): CodeIgniter\View\View->render('pages/blogs', [], true)
 3 APPPATH\Controllers\Pages.php(300): view('pages/blogs')
 4 SYSTEMPATH\CodeIgniter.php(896): App\Controllers\Pages->blog()
 5 SYSTEMPATH\CodeIgniter.php(466): CodeIgniter\CodeIgniter->runController(Object(App\Controllers\Pages))
 6 SYSTEMPATH\CodeIgniter.php(349): CodeIgniter\CodeIgniter->handleRequest(null, Object(Config\Cache), false)
 7 FCPATH\index.php(55): CodeIgniter\CodeIgniter->run()
CRITICAL - 2022-08-01 22:53:38 --> Session: Configured save path "C:\xampp\htdocs\ci4\writable\session" is not writable by the PHP process.
in SYSTEMPATH\Session\Handlers\FileHandler.php on line 102.
 1 SYSTEMPATH\Session\Handlers\FileHandler.php(102): CodeIgniter\Session\Exceptions\SessionException::forWriteProtectedSavePath('FCPATH\\writable\\session')
 2 [internal function]: CodeIgniter\Session\Handlers\FileHandler->open('FCPATH\\writable\\session', 'ci_session')
 3 SYSTEMPATH\Session\Session.php(896): session_start()
 4 SYSTEMPATH\Session\Session.php(240): CodeIgniter\Session\Session->startSession()
 5 SYSTEMPATH\Config\Services.php(613): CodeIgniter\Session\Session->start()
 6 SYSTEMPATH\Config\BaseService.php(251): CodeIgniter\Config\Services::session(Object(Config\App), false)
 7 SYSTEMPATH\Config\BaseService.php(192): CodeIgniter\Config\BaseService::__callStatic('session', [...])
 8 SYSTEMPATH\Config\Services.php(585): CodeIgniter\Config\BaseService::getSharedInstance('session', null)
 9 SYSTEMPATH\Config\BaseService.php(251): CodeIgniter\Config\Services::session()
10 SYSTEMPATH\Common.php(932): CodeIgniter\Config\BaseService::__callStatic('session', [])
11 APPPATH\Controllers\Pages.php(23): session()
12 SYSTEMPATH\CodeIgniter.php(858): App\Controllers\Pages->__construct()
13 SYSTEMPATH\CodeIgniter.php(457): CodeIgniter\CodeIgniter->createController()
14 SYSTEMPATH\CodeIgniter.php(349): CodeIgniter\CodeIgniter->handleRequest(null, Object(Config\Cache), false)
15 FCPATH\index.php(55): CodeIgniter\CodeIgniter->run()
CRITICAL - 2022-08-01 22:53:52 --> ini_set(): Session ini settings cannot be changed when a session is active
in SYSTEMPATH\Session\Handlers\FileHandler.php on line 71.
 1 [internal function]: CodeIgniter\Debug\Exceptions->errorHandler(2, 'ini_set(): Session ini settings cannot be changed when a session is active', 'SYSTEMPATH\\Session\\Handlers\\FileHandler.php', 71)
 2 SYSTEMPATH\Session\Handlers\FileHandler.php(71): ini_set('session.save_path', 'FCPATH\\writable\\session')
 3 SYSTEMPATH\Config\Services.php(606): CodeIgniter\Session\Handlers\FileHandler->__construct(Object(Config\App), '::1')
 4 SYSTEMPATH\Config\BaseService.php(251): CodeIgniter\Config\Services::session(Object(Config\App), false)
 5 SYSTEMPATH\Config\BaseService.php(192): CodeIgniter\Config\BaseService::__callStatic('session', [...])
 6 SYSTEMPATH\Config\Services.php(585): CodeIgniter\Config\BaseService::getSharedInstance('session', null)
 7 SYSTEMPATH\Config\BaseService.php(251): CodeIgniter\Config\Services::session()
 8 SYSTEMPATH\Common.php(932): CodeIgniter\Config\BaseService::__callStatic('session', [])
 9 APPPATH\Controllers\Pages.php(24): session()
10 SYSTEMPATH\CodeIgniter.php(858): App\Controllers\Pages->__construct()
11 SYSTEMPATH\CodeIgniter.php(457): CodeIgniter\CodeIgniter->createController()
12 SYSTEMPATH\CodeIgniter.php(349): CodeIgniter\CodeIgniter->handleRequest(null, Object(Config\Cache), false)
13 FCPATH\index.php(55): CodeIgniter\CodeIgniter->run()
CRITICAL - 2022-08-01 22:54:16 --> session_start(): Ignoring session_start() because a session is already active
in APPPATH\Controllers\Pages.php on line 225.
 1 [internal function]: CodeIgniter\Debug\Exceptions->errorHandler(8, 'session_start(): Ignoring session_start() because a session is already active', 'APPPATH\\Controllers\\Pages.php', 225)
 2 APPPATH\Controllers\Pages.php(225): session_start()
 3 SYSTEMPATH\CodeIgniter.php(896): App\Controllers\Pages->blog()
 4 SYSTEMPATH\CodeIgniter.php(466): CodeIgniter\CodeIgniter->runController(Object(App\Controllers\Pages))
 5 SYSTEMPATH\CodeIgniter.php(349): CodeIgniter\CodeIgniter->handleRequest(null, Object(Config\Cache), false)
 6 FCPATH\index.php(55): CodeIgniter\CodeIgniter->run()
CRITICAL - 2022-08-01 23:57:12 --> Constant expression contains invalid operations
in APPPATH\Controllers\Pages.php on line 15.
 1 [internal function]: CodeIgniter\Debug\Exceptions->shutdownHandler()
